1505183544235	geckodriver	INFO	Listening on 127.0.0.1:58613
1505183544276	geckodriver::marionette	INFO	Starting browser /Applications/Firefox.app/Contents/MacOS/firefox-bin with args ["-marionette"]
1505183544574	addons.xpi	WARN	Error parsing extensions state: [Exception... "Component returned failure code: 0x80520012 (NS_ERROR_FILE_NOT_FOUND) [amIAddonManagerStartup.readStartupData]"  nsresult: "0x80520012 (NS_ERROR_FILE_NOT_FOUND)"  location: "JS frame :: resource://gre/modules/addons/XPIProvider.jsm :: loadExtensionState :: line 1596"  data: no] Stack trace: loadExtensionState()@resource://gre/modules/addons/XPIProvider.jsm:1596 < getInstallState()@resource://gre/modules/addons/XPIProvider.jsm:1631 < checkForChanges()@resource://gre/modules/addons/XPIProvider.jsm:3152 < startup()@resource://gre/modules/addons/XPIProvider.jsm:2246 < callProvider()@resource://gre/modules/AddonManager.jsm:271 < _startProvider()@resource://gre/modules/AddonManager.jsm:741 < startup()@resource://gre/modules/AddonManager.jsm:908 < startup()@resource://gre/modules/AddonManager.jsm:3122 < observe()@jar:file:///Applications/Firefox.app/Contents/Resources/omni.ja!/components/addonManager.js:65
1505183545007	Marionette	INFO	Enabled via --marionette
2017-09-11 21:32:26.363 plugin-container[9282:1165028] *** CFMessagePort: bootstrap_register(): failed 1100 (0x44c) 'Permission denied', port = 0xa33b, name = 'com.apple.tsm.portname'
See /usr/include/servers/bootstrap_defs.h for the error codes.
2017-09-11 21:32:26.366 plugin-container[9282:1165028] *** CFMessagePort: bootstrap_register(): failed 1100 (0x44c) 'Permission denied', port = 0xa603, name = 'com.apple.CFPasteboardClient'
See /usr/include/servers/bootstrap_defs.h for the error codes.
1505183546574	Marionette	INFO	Listening on port 58620
JavaScript error: chrome://marionette/content/server.js, line 337: NS_ERROR_SOCKET_ADDRESS_IN_USE: Component returned failure code: 0x804b0036 (NS_ERROR_SOCKET_ADDRESS_IN_USE) [nsIServerSocket.initSpecialConnection]
1505183546603	Marionette	WARN	TLS certificate errors will be ignored for this session
1505183546641	Marionette	DEBUG	loaded listener.js
1505183546659	Marionette	DEBUG	Received DOM event "beforeunload" for "about:blank"
1505183547518	Marionette	DEBUG	Received DOM event "pagehide" for "about:blank"
1505183547519	Marionette	DEBUG	Received DOM event "unload" for "about:blank"
1505183548498	Marionette	DEBUG	Received DOM event "DOMContentLoaded" for "https://letskodeit.teachable.com/p/practice"
1505183549616	Marionette	DEBUG	Received DOM event "DOMContentLoaded" for "https://letskodeit.teachable.com/courses"
1505183550640	Marionette	DEBUG	Received DOM event "DOMContentLoaded" for "https://www.filestackapi.com/dialog/comm_iframe/"
1505183550649	Marionette	DEBUG	Received DOM event "pageshow" for "https://www.filestackapi.com/dialog/comm_iframe/"
1505183550650	Marionette	DEBUG	Received DOM event "DOMContentLoaded" for "https://www.filestackapi.com/dialog/comm_iframe/"
1505183550652	Marionette	DEBUG	Received DOM event "pageshow" for "https://www.filestackapi.com/dialog/comm_iframe/"
1505183550812	Marionette	DEBUG	Received DOM event "DOMContentLoaded" for "https://dialog.filestackapi.com/dialog/comm_iframe/"
1505183550813	Marionette	DEBUG	Received DOM event "pageshow" for "https://dialog.filestackapi.com/dialog/comm_iframe/"
1505183550814	Marionette	DEBUG	Received DOM event "DOMContentLoaded" for "https://dialog.filestackapi.com/dialog/comm_iframe/"
1505183550815	Marionette	DEBUG	Received DOM event "pageshow" for "https://dialog.filestackapi.com/dialog/comm_iframe/"
1505183550828	Marionette	DEBUG	Received DOM event "pageshow" for "https://letskodeit.teachable.com/courses"
1505183550984	Marionette	DEBUG	Received DOM event "DOMContentLoaded" for "https://fast.wistia.com/embed/iframe_shim?domain=com"
1505183550985	Marionette	DEBUG	Received DOM event "pageshow" for "https://fast.wistia.com/embed/iframe_shim?domain=com"
1505183551160	Marionette	DEBUG	Received DOM event "DOMContentLoaded" for "https://fast.wistia.com/embed/iframe_shim?domain=com"
1505183551161	Marionette	DEBUG	Received DOM event "pageshow" for "https://fast.wistia.com/embed/iframe_shim?domain=com"
1505183551656	Marionette	DEBUG	Received DOM event "pageshow" for "https://letskodeit.teachable.com/p/practice"
1505183800123	geckodriver	INFO	Listening on 127.0.0.1:58919
1505183801158	geckodriver::marionette	INFO	Starting browser /Applications/Firefox.app/Contents/MacOS/firefox-bin with args ["-marionette"]
1505183801453	addons.xpi	WARN	Error parsing extensions state: [Exception... "Component returned failure code: 0x80520012 (NS_ERROR_FILE_NOT_FOUND) [amIAddonManagerStartup.readStartupData]"  nsresult: "0x80520012 (NS_ERROR_FILE_NOT_FOUND)"  location: "JS frame :: resource://gre/modules/addons/XPIProvider.jsm :: loadExtensionState :: line 1596"  data: no] Stack trace: loadExtensionState()@resource://gre/modules/addons/XPIProvider.jsm:1596 < getInstallState()@resource://gre/modules/addons/XPIProvider.jsm:1631 < checkForChanges()@resource://gre/modules/addons/XPIProvider.jsm:3152 < startup()@resource://gre/modules/addons/XPIProvider.jsm:2246 < callProvider()@resource://gre/modules/AddonManager.jsm:271 < _startProvider()@resource://gre/modules/AddonManager.jsm:741 < startup()@resource://gre/modules/AddonManager.jsm:908 < startup()@resource://gre/modules/AddonManager.jsm:3122 < observe()@jar:file:///Applications/Firefox.app/Contents/Resources/omni.ja!/components/addonManager.js:65
1505183801765	Marionette	INFO	Enabled via --marionette
2017-09-11 21:36:42.966 plugin-container[9327:1167164] *** CFMessagePort: bootstrap_register(): failed 1100 (0x44c) 'Permission denied', port = 0xa43b, name = 'com.apple.tsm.portname'
See /usr/include/servers/bootstrap_defs.h for the error codes.
2017-09-11 21:36:42.970 plugin-container[9327:1167164] *** CFMessagePort: bootstrap_register(): failed 1100 (0x44c) 'Permission denied', port = 0xa703, name = 'com.apple.CFPasteboardClient'
See /usr/include/servers/bootstrap_defs.h for the error codes.
1505183803143	Marionette	INFO	Listening on port 58928
JavaScript error: chrome://marionette/content/server.js, line 337: NS_ERROR_SOCKET_ADDRESS_IN_USE: Component returned failure code: 0x804b0036 (NS_ERROR_SOCKET_ADDRESS_IN_USE) [nsIServerSocket.initSpecialConnection]
1505183803242	Marionette	WARN	TLS certificate errors will be ignored for this session
1505183803276	Marionette	DEBUG	loaded listener.js
1505183803292	Marionette	DEBUG	Received DOM event "beforeunload" for "about:blank"
1505183804144	Marionette	DEBUG	Received DOM event "pagehide" for "about:blank"
1505183804145	Marionette	DEBUG	Received DOM event "unload" for "about:blank"
1505183805394	Marionette	DEBUG	Received DOM event "DOMContentLoaded" for "https://letskodeit.teachable.com/p/practice"
1505183806245	Marionette	DEBUG	Received DOM event "DOMContentLoaded" for "https://letskodeit.teachable.com/courses"
1505183806427	Marionette	DEBUG	Received DOM event "DOMContentLoaded" for "https://dialog.filestackapi.com/dialog/comm_iframe/"
1505183806430	Marionette	DEBUG	Received DOM event "pageshow" for "https://dialog.filestackapi.com/dialog/comm_iframe/"
1505183806464	Marionette	DEBUG	Received DOM event "DOMContentLoaded" for "https://www.filestackapi.com/dialog/comm_iframe/"
1505183806466	Marionette	DEBUG	Received DOM event "pageshow" for "https://www.filestackapi.com/dialog/comm_iframe/"
1505183806469	Marionette	DEBUG	Received DOM event "DOMContentLoaded" for "https://dialog.filestackapi.com/dialog/comm_iframe/"
1505183806471	Marionette	DEBUG	Received DOM event "pageshow" for "https://dialog.filestackapi.com/dialog/comm_iframe/"
1505183806472	Marionette	DEBUG	Received DOM event "DOMContentLoaded" for "https://www.filestackapi.com/dialog/comm_iframe/"
1505183806473	Marionette	DEBUG	Received DOM event "pageshow" for "https://www.filestackapi.com/dialog/comm_iframe/"
1505183806827	Marionette	DEBUG	Received DOM event "pageshow" for "https://letskodeit.teachable.com/courses"
1505183806840	Marionette	DEBUG	Received DOM event "pageshow" for "https://letskodeit.teachable.com/p/practice"
1505183850648	geckodriver	INFO	Listening on 127.0.0.1:59022
1505183851684	geckodriver::marionette	INFO	Starting browser /Applications/Firefox.app/Contents/MacOS/firefox-bin with args ["-marionette"]
1505183851939	addons.xpi	WARN	Error parsing extensions state: [Exception... "Component returned failure code: 0x80520012 (NS_ERROR_FILE_NOT_FOUND) [amIAddonManagerStartup.readStartupData]"  nsresult: "0x80520012 (NS_ERROR_FILE_NOT_FOUND)"  location: "JS frame :: resource://gre/modules/addons/XPIProvider.jsm :: loadExtensionState :: line 1596"  data: no] Stack trace: loadExtensionState()@resource://gre/modules/addons/XPIProvider.jsm:1596 < getInstallState()@resource://gre/modules/addons/XPIProvider.jsm:1631 < checkForChanges()@resource://gre/modules/addons/XPIProvider.jsm:3152 < startup()@resource://gre/modules/addons/XPIProvider.jsm:2246 < callProvider()@resource://gre/modules/AddonManager.jsm:271 < _startProvider()@resource://gre/modules/AddonManager.jsm:741 < startup()@resource://gre/modules/AddonManager.jsm:908 < startup()@resource://gre/modules/AddonManager.jsm:3122 < observe()@jar:file:///Applications/Firefox.app/Contents/Resources/omni.ja!/components/addonManager.js:65
1505183852257	Marionette	INFO	Enabled via --marionette
2017-09-11 21:37:33.459 plugin-container[9343:1167916] *** CFMessagePort: bootstrap_register(): failed 1100 (0x44c) 'Permission denied', port = 0xa433, name = 'com.apple.tsm.portname'
See /usr/include/servers/bootstrap_defs.h for the error codes.
2017-09-11 21:37:33.462 plugin-container[9343:1167916] *** CFMessagePort: bootstrap_register(): failed 1100 (0x44c) 'Permission denied', port = 0xa703, name = 'com.apple.CFPasteboardClient'
See /usr/include/servers/bootstrap_defs.h for the error codes.
1505183853659	Marionette	INFO	Listening on port 59031
JavaScript error: chrome://marionette/content/server.js, line 337: NS_ERROR_SOCKET_ADDRESS_IN_USE: Component returned failure code: 0x804b0036 (NS_ERROR_SOCKET_ADDRESS_IN_USE) [nsIServerSocket.initSpecialConnection]
1505183853768	Marionette	WARN	TLS certificate errors will be ignored for this session
1505183853803	Marionette	DEBUG	loaded listener.js
1505183853819	Marionette	DEBUG	Received DOM event "beforeunload" for "about:blank"
1505183854717	Marionette	DEBUG	Received DOM event "pagehide" for "about:blank"
1505183854717	Marionette	DEBUG	Received DOM event "unload" for "about:blank"
1505183856482	Marionette	DEBUG	Received DOM event "DOMContentLoaded" for "https://letskodeit.teachable.com/p/practice"
1505183857319	Marionette	DEBUG	Received DOM event "DOMContentLoaded" for "https://letskodeit.teachable.com/courses"
1505183857517	Marionette	DEBUG	Received DOM event "DOMContentLoaded" for "https://dialog.filestackapi.com/dialog/comm_iframe/"
1505183857520	Marionette	DEBUG	Received DOM event "pageshow" for "https://dialog.filestackapi.com/dialog/comm_iframe/"
1505183857522	Marionette	DEBUG	Received DOM event "DOMContentLoaded" for "https://dialog.filestackapi.com/dialog/comm_iframe/"
1505183857526	Marionette	DEBUG	Received DOM event "pageshow" for "https://dialog.filestackapi.com/dialog/comm_iframe/"
1505183857528	Marionette	DEBUG	Received DOM event "DOMContentLoaded" for "https://www.filestackapi.com/dialog/comm_iframe/"
1505183857529	Marionette	DEBUG	Received DOM event "pageshow" for "https://www.filestackapi.com/dialog/comm_iframe/"
1505183857530	Marionette	DEBUG	Received DOM event "DOMContentLoaded" for "https://www.filestackapi.com/dialog/comm_iframe/"
1505183857531	Marionette	DEBUG	Received DOM event "pageshow" for "https://www.filestackapi.com/dialog/comm_iframe/"
1505183859802	Marionette	DEBUG	Received DOM event "pageshow" for "https://letskodeit.teachable.com/courses"
1505183859816	Marionette	DEBUG	Received DOM event "pageshow" for "https://letskodeit.teachable.com/p/practice"
1505183925410	geckodriver	INFO	Listening on 127.0.0.1:59131
1505183926442	geckodriver::marionette	INFO	Starting browser /Applications/Firefox.app/Contents/MacOS/firefox-bin with args ["-marionette"]
1505183926693	addons.xpi	WARN	Error parsing extensions state: [Exception... "Component returned failure code: 0x80520012 (NS_ERROR_FILE_NOT_FOUND) [amIAddonManagerStartup.readStartupData]"  nsresult: "0x80520012 (NS_ERROR_FILE_NOT_FOUND)"  location: "JS frame :: resource://gre/modules/addons/XPIProvider.jsm :: loadExtensionState :: line 1596"  data: no] Stack trace: loadExtensionState()@resource://gre/modules/addons/XPIProvider.jsm:1596 < getInstallState()@resource://gre/modules/addons/XPIProvider.jsm:1631 < checkForChanges()@resource://gre/modules/addons/XPIProvider.jsm:3152 < startup()@resource://gre/modules/addons/XPIProvider.jsm:2246 < callProvider()@resource://gre/modules/AddonManager.jsm:271 < _startProvider()@resource://gre/modules/AddonManager.jsm:741 < startup()@resource://gre/modules/AddonManager.jsm:908 < startup()@resource://gre/modules/AddonManager.jsm:3122 < observe()@jar:file:///Applications/Firefox.app/Contents/Resources/omni.ja!/components/addonManager.js:65
1505183927008	Marionette	INFO	Enabled via --marionette
2017-09-11 21:38:48.249 plugin-container[9365:1169206] *** CFMessagePort: bootstrap_register(): failed 1100 (0x44c) 'Permission denied', port = 0xa13b, name = 'com.apple.tsm.portname'
See /usr/include/servers/bootstrap_defs.h for the error codes.
2017-09-11 21:38:48.253 plugin-container[9365:1169206] *** CFMessagePort: bootstrap_register(): failed 1100 (0x44c) 'Permission denied', port = 0xa403, name = 'com.apple.CFPasteboardClient'
See /usr/include/servers/bootstrap_defs.h for the error codes.
1505183928425	Marionette	INFO	Listening on port 59140
JavaScript error: chrome://marionette/content/server.js, line 337: NS_ERROR_SOCKET_ADDRESS_IN_USE: Component returned failure code: 0x804b0036 (NS_ERROR_SOCKET_ADDRESS_IN_USE) [nsIServerSocket.initSpecialConnection]
1505183928533	Marionette	WARN	TLS certificate errors will be ignored for this session
1505183928566	Marionette	DEBUG	loaded listener.js
1505183928588	Marionette	DEBUG	Received DOM event "beforeunload" for "about:blank"
1505183930172	Marionette	DEBUG	Received DOM event "pagehide" for "about:blank"
1505183930172	Marionette	DEBUG	Received DOM event "unload" for "about:blank"
1505183931494	Marionette	DEBUG	Received DOM event "DOMContentLoaded" for "https://letskodeit.teachable.com/p/practice"
1505183932383	Marionette	DEBUG	Received DOM event "DOMContentLoaded" for "https://letskodeit.teachable.com/courses"
1505183932564	Marionette	DEBUG	Received DOM event "DOMContentLoaded" for "https://www.filestackapi.com/dialog/comm_iframe/"
1505183932571	Marionette	DEBUG	Received DOM event "pageshow" for "https://www.filestackapi.com/dialog/comm_iframe/"
1505183932576	Marionette	DEBUG	Received DOM event "DOMContentLoaded" for "https://dialog.filestackapi.com/dialog/comm_iframe/"
1505183932581	Marionette	DEBUG	Received DOM event "pageshow" for "https://dialog.filestackapi.com/dialog/comm_iframe/"
1505183932783	Marionette	DEBUG	Received DOM event "DOMContentLoaded" for "https://dialog.filestackapi.com/dialog/comm_iframe/"
1505183932785	Marionette	DEBUG	Received DOM event "pageshow" for "https://dialog.filestackapi.com/dialog/comm_iframe/"
1505183932787	Marionette	DEBUG	Received DOM event "DOMContentLoaded" for "https://www.filestackapi.com/dialog/comm_iframe/"
1505183932788	Marionette	DEBUG	Received DOM event "pageshow" for "https://www.filestackapi.com/dialog/comm_iframe/"
1505183933089	Marionette	DEBUG	Received DOM event "pageshow" for "https://letskodeit.teachable.com/courses"
1505183933105	Marionette	DEBUG	Received DOM event "pageshow" for "https://letskodeit.teachable.com/p/practice"
1508023190934	geckodriver	INFO	Listening on 127.0.0.1:56994
1508023191017	geckodriver::marionette	INFO	Starting browser /Applications/Firefox.app/Contents/MacOS/firefox-bin with args ["-marionette"]
1508023194333	Marionette	INFO	Listening on port 57001
1508023194427	Marionette	WARN	TLS certificate errors will be ignored for this session
1508023194779	Marionette	DEBUG	loaded listener.js
1508023194834	Marionette	DEBUG	Received DOM event "beforeunload" for "about:blank"
2017-10-14 18:19:54.923 plugin-container[26309:4349473] *** CFMessagePort: bootstrap_register(): failed 1100 (0x44c) 'Permission denied', port = 0x9637, name = 'com.apple.tsm.portname'
See /usr/include/servers/bootstrap_defs.h for the error codes.
2017-10-14 18:19:54.928 plugin-container[26309:4349473] *** CFMessagePort: bootstrap_register(): failed 1100 (0x44c) 'Permission denied', port = 0x9a03, name = 'com.apple.CFPasteboardClient'
See /usr/include/servers/bootstrap_defs.h for the error codes.
1508023195625	Marionette	DEBUG	Received DOM event "pagehide" for "about:blank"
1508023195626	Marionette	DEBUG	Received DOM event "unload" for "about:blank"
1508023196604	Marionette	DEBUG	Received DOM event "DOMContentLoaded" for "http://letskodeit.teachable.com/p/practice"
1508023196726	Marionette	DEBUG	Received DOM event "pageshow" for "http://letskodeit.teachable.com/p/practice"
1508023196810	Marionette	DEBUG	Received DOM event "DOMContentLoaded" for "about:blank"
1508023196813	Marionette	DEBUG	Received DOM event "pageshow" for "about:blank"
1508023197343	Marionette	DEBUG	Received DOM event "DOMContentLoaded" for "https://www.filestackapi.com/dialog/comm_iframe/"
1508023197348	Marionette	DEBUG	Received DOM event "pageshow" for "https://www.filestackapi.com/dialog/comm_iframe/"
1508023197371	Marionette	DEBUG	Received DOM event "DOMContentLoaded" for "https://dialog.filestackapi.com/dialog/comm_iframe/"
1508023197374	Marionette	DEBUG	Received DOM event "pageshow" for "https://dialog.filestackapi.com/dialog/comm_iframe/"
1508023197600	Marionette	DEBUG	Received DOM event "pageshow" for "http://letskodeit.teachable.com/p/practice"
1508023467035	geckodriver	INFO	Listening on 127.0.0.1:58057
1508023468070	geckodriver::marionette	INFO	Starting browser /Applications/Firefox.app/Contents/MacOS/firefox-bin with args ["-marionette"]
1508023470864	Marionette	INFO	Listening on port 58070
1508023471004	Marionette	WARN	TLS certificate errors will be ignored for this session
1508023471272	Marionette	DEBUG	loaded listener.js
1508023471313	Marionette	DEBUG	Received DOM event "beforeunload" for "about:blank"
2017-10-14 18:24:31.389 plugin-container[26329:4354539] *** CFMessagePort: bootstrap_register(): failed 1100 (0x44c) 'Permission denied', port = 0x963b, name = 'com.apple.tsm.portname'
See /usr/include/servers/bootstrap_defs.h for the error codes.
2017-10-14 18:24:31.391 plugin-container[26329:4354539] *** CFMessagePort: bootstrap_register(): failed 1100 (0x44c) 'Permission denied', port = 0x9903, name = 'com.apple.CFPasteboardClient'
See /usr/include/servers/bootstrap_defs.h for the error codes.
1508023472084	Marionette	DEBUG	Received DOM event "pagehide" for "about:blank"
1508023472085	Marionette	DEBUG	Received DOM event "unload" for "about:blank"
1508023473651	Marionette	DEBUG	Received DOM event "DOMContentLoaded" for "http://letskodeit.teachable.com/p/practice"
1508023474031	Marionette	DEBUG	Received DOM event "pageshow" for "http://letskodeit.teachable.com/p/practice"
1508023474552	Marionette	DEBUG	Received DOM event "DOMContentLoaded" for "about:blank"
1508023474566	Marionette	DEBUG	Received DOM event "pageshow" for "about:blank"
1508023474639	Marionette	DEBUG	Received DOM event "DOMContentLoaded" for "https://www.filestackapi.com/dialog/comm_iframe/"
1508023474642	Marionette	DEBUG	Received DOM event "pageshow" for "https://www.filestackapi.com/dialog/comm_iframe/"
1508023474646	Marionette	DEBUG	Received DOM event "DOMContentLoaded" for "https://dialog.filestackapi.com/dialog/comm_iframe/"
1508023474649	Marionette	DEBUG	Received DOM event "pageshow" for "https://dialog.filestackapi.com/dialog/comm_iframe/"
1508023475000	Marionette	DEBUG	Received DOM event "pageshow" for "http://letskodeit.teachable.com/p/practice"
1508536707047	geckodriver	INFO	Listening on 127.0.0.1:64119
1508536708075	geckodriver::marionette	INFO	Starting browser /Applications/Firefox.app/Contents/MacOS/firefox-bin with args ["-marionette"]
1508536710204	Marionette	INFO	Listening on port 64128
1508536710295	Marionette	WARN	TLS certificate errors will be ignored for this session
1508536710503	Marionette	DEBUG	loaded listener.js
1508536710541	Marionette	DEBUG	Received DOM event "beforeunload" for "about:blank"
2017-10-20 16:58:30.601 plugin-container[1475:272792] *** CFMessagePort: bootstrap_register(): failed 1100 (0x44c) 'Permission denied', port = 0x9137, name = 'com.apple.tsm.portname'
See /usr/include/servers/bootstrap_defs.h for the error codes.
2017-10-20 16:58:30.606 plugin-container[1475:272792] *** CFMessagePort: bootstrap_register(): failed 1100 (0x44c) 'Permission denied', port = 0x9403, name = 'com.apple.CFPasteboardClient'
See /usr/include/servers/bootstrap_defs.h for the error codes.
1508536711034	Marionette	DEBUG	Received DOM event "pagehide" for "about:blank"
1508536711035	Marionette	DEBUG	Received DOM event "unload" for "about:blank"
1508536711869	Marionette	DEBUG	Received DOM event "DOMContentLoaded" for "https://jobs.jobvite.com/koretelematics"
1508536711945	Marionette	DEBUG	Received DOM event "pageshow" for "https://jobs.jobvite.com/koretelematics"
[GFX1-]: Receive IPC close with reason=AbnormalShutdown
1508614735842	geckodriver	INFO	Listening on 127.0.0.1:50036
1508614736874	geckodriver::marionette	INFO	Starting browser /Applications/Firefox.app/Contents/MacOS/firefox-bin with args ["-marionette"]
1508614738936	Marionette	INFO	Listening on port 50045
1508614738993	Marionette	WARN	TLS certificate errors will be ignored for this session
1508614739232	Marionette	DEBUG	loaded listener.js
1508614739270	Marionette	DEBUG	Received DOM event "beforeunload" for "about:blank"
2017-10-21 14:38:59.336 plugin-container[2088:393392] *** CFMessagePort: bootstrap_register(): failed 1100 (0x44c) 'Permission denied', port = 0x913b, name = 'com.apple.tsm.portname'
See /usr/include/servers/bootstrap_defs.h for the error codes.
2017-10-21 14:38:59.339 plugin-container[2088:393392] *** CFMessagePort: bootstrap_register(): failed 1100 (0x44c) 'Permission denied', port = 0x9403, name = 'com.apple.CFPasteboardClient'
See /usr/include/servers/bootstrap_defs.h for the error codes.
1508614740128	Marionette	DEBUG	Received DOM event "pagehide" for "about:blank"
1508614740129	Marionette	DEBUG	Received DOM event "unload" for "about:blank"
1508614740963	Marionette	DEBUG	Received DOM event "DOMContentLoaded" for "http://letskodeit.teachable.com/p/practice"
1508614741209	Marionette	DEBUG	Received DOM event "pageshow" for "http://letskodeit.teachable.com/p/practice"
1508614741386	Marionette	DEBUG	Received DOM event "DOMContentLoaded" for "about:blank"
1508614741388	Marionette	DEBUG	Received DOM event "pageshow" for "about:blank"
1508614741572	Marionette	DEBUG	Received DOM event "DOMContentLoaded" for "https://www.filestackapi.com/dialog/comm_iframe/"
1508614741579	Marionette	DEBUG	Received DOM event "pageshow" for "https://www.filestackapi.com/dialog/comm_iframe/"
1508614741581	Marionette	DEBUG	Received DOM event "DOMContentLoaded" for "https://dialog.filestackapi.com/dialog/comm_iframe/"
1508614741583	Marionette	DEBUG	Received DOM event "pageshow" for "https://dialog.filestackapi.com/dialog/comm_iframe/"
1508614741744	Marionette	DEBUG	Received DOM event "pageshow" for "http://letskodeit.teachable.com/p/practice"
1508614764223	geckodriver	INFO	Listening on 127.0.0.1:50129
1508614764255	geckodriver::marionette	INFO	Starting browser /Applications/Firefox.app/Contents/MacOS/firefox-bin with args ["-marionette"]
1508614766226	Marionette	INFO	Listening on port 50136
1508614766285	Marionette	WARN	TLS certificate errors will be ignored for this session
1508614766532	Marionette	DEBUG	loaded listener.js
1508614766565	Marionette	DEBUG	Received DOM event "beforeunload" for "about:blank"
2017-10-21 14:39:26.628 plugin-container[2099:394079] *** CFMessagePort: bootstrap_register(): failed 1100 (0x44c) 'Permission denied', port = 0x913b, name = 'com.apple.tsm.portname'
See /usr/include/servers/bootstrap_defs.h for the error codes.
2017-10-21 14:39:26.631 plugin-container[2099:394079] *** CFMessagePort: bootstrap_register(): failed 1100 (0x44c) 'Permission denied', port = 0x9403, name = 'com.apple.CFPasteboardClient'
See /usr/include/servers/bootstrap_defs.h for the error codes.
1508614767208	Marionette	DEBUG	Received DOM event "pagehide" for "about:blank"
1508614767208	Marionette	DEBUG	Received DOM event "unload" for "about:blank"
1508614768037	Marionette	DEBUG	Received DOM event "DOMContentLoaded" for "https://jobs.jobvite.com/koretelematics"
1508614768060	Marionette	DEBUG	Received DOM event "pageshow" for "https://jobs.jobvite.com/koretelematics"
*************************
A coding exception was thrown and uncaught in a Task.

Full message: TypeError: NetworkError when attempting to fetch resource.
Full stack: 
*************************
1508616784261	Marionette	INFO	Ceased listening
1508619336833	geckodriver	INFO	Listening on 127.0.0.1:50920
1508619337866	geckodriver::marionette	INFO	Starting browser /Applications/Firefox.app/Contents/MacOS/firefox-bin with args ["-marionette"]
1508619340005	Marionette	INFO	Listening on port 50929
1508619340090	Marionette	WARN	TLS certificate errors will be ignored for this session
1508619340322	Marionette	DEBUG	loaded listener.js
1508619340354	Marionette	DEBUG	Received DOM event "beforeunload" for "about:blank"
2017-10-21 15:55:40.412 plugin-container[2212:421354] *** CFMessagePort: bootstrap_register(): failed 1100 (0x44c) 'Permission denied', port = 0x913b, name = 'com.apple.tsm.portname'
See /usr/include/servers/bootstrap_defs.h for the error codes.
2017-10-21 15:55:40.414 plugin-container[2212:421354] *** CFMessagePort: bootstrap_register(): failed 1100 (0x44c) 'Permission denied', port = 0x9403, name = 'com.apple.CFPasteboardClient'
See /usr/include/servers/bootstrap_defs.h for the error codes.
1508619340845	Marionette	DEBUG	Received DOM event "pagehide" for "about:blank"
1508619340846	Marionette	DEBUG	Received DOM event "unload" for "about:blank"
1508619341807	Marionette	DEBUG	Received DOM event "DOMContentLoaded" for "https://jobs.jobvite.com/koretelematics"
1508619341826	Marionette	DEBUG	Received DOM event "pageshow" for "https://jobs.jobvite.com/koretelematics"
1508619530666	Marionette	INFO	Ceased listening
1508619531917	geckodriver	INFO	Listening on 127.0.0.1:51027
1508619532962	geckodriver::marionette	INFO	Starting browser /Applications/Firefox.app/Contents/MacOS/firefox-bin with args ["-marionette"]
1508619535221	Marionette	INFO	Listening on port 51036
1508619535283	Marionette	WARN	TLS certificate errors will be ignored for this session
1508619535524	Marionette	DEBUG	loaded listener.js
1508619535567	Marionette	DEBUG	Received DOM event "beforeunload" for "about:blank"
2017-10-21 15:58:55.617 plugin-container[2247:422747] *** CFMessagePort: bootstrap_register(): failed 1100 (0x44c) 'Permission denied', port = 0x913b, name = 'com.apple.tsm.portname'
See /usr/include/servers/bootstrap_defs.h for the error codes.
2017-10-21 15:58:55.622 plugin-container[2247:422747] *** CFMessagePort: bootstrap_register(): failed 1100 (0x44c) 'Permission denied', port = 0x9403, name = 'com.apple.CFPasteboardClient'
See /usr/include/servers/bootstrap_defs.h for the error codes.
1508619536060	Marionette	DEBUG	Received DOM event "pagehide" for "about:blank"
1508619536060	Marionette	DEBUG	Received DOM event "unload" for "about:blank"
1508619536918	Marionette	DEBUG	Received DOM event "DOMContentLoaded" for "https://jobs.jobvite.com/koretelematics"
1508619536933	Marionette	DEBUG	Received DOM event "pageshow" for "https://jobs.jobvite.com/koretelematics"
1508620079467	Marionette	INFO	Ceased listening
1508620081230	geckodriver	INFO	Listening on 127.0.0.1:51139
1508620082261	geckodriver::marionette	INFO	Starting browser /Applications/Firefox.app/Contents/MacOS/firefox-bin with args ["-marionette"]
1508620084265	Marionette	INFO	Listening on port 51148
1508620084369	Marionette	WARN	TLS certificate errors will be ignored for this session
1508620084564	Marionette	DEBUG	loaded listener.js
1508620084600	Marionette	DEBUG	Received DOM event "beforeunload" for "about:blank"
2017-10-21 16:08:04.661 plugin-container[2279:425814] *** CFMessagePort: bootstrap_register(): failed 1100 (0x44c) 'Permission denied', port = 0x913b, name = 'com.apple.tsm.portname'
See /usr/include/servers/bootstrap_defs.h for the error codes.
2017-10-21 16:08:04.664 plugin-container[2279:425814] *** CFMessagePort: bootstrap_register(): failed 1100 (0x44c) 'Permission denied', port = 0x9403, name = 'com.apple.CFPasteboardClient'
See /usr/include/servers/bootstrap_defs.h for the error codes.
1508620085107	Marionette	DEBUG	Received DOM event "pagehide" for "about:blank"
1508620085107	Marionette	DEBUG	Received DOM event "unload" for "about:blank"
1508620086190	Marionette	DEBUG	Received DOM event "DOMContentLoaded" for "https://jobs.jobvite.com/koretelematics"
1508620086253	Marionette	DEBUG	Received DOM event "pageshow" for "https://jobs.jobvite.com/koretelematics"
1508620206171	Marionette	INFO	Ceased listening
1508620208613	geckodriver	INFO	Listening on 127.0.0.1:51226
1508620208644	geckodriver::marionette	INFO	Starting browser /Applications/Firefox.app/Contents/MacOS/firefox-bin with args ["-marionette"]
1508620210708	Marionette	INFO	Listening on port 51233
1508620210768	Marionette	WARN	TLS certificate errors will be ignored for this session
1508620210994	Marionette	DEBUG	loaded listener.js
1508620211025	Marionette	DEBUG	Received DOM event "beforeunload" for "about:blank"
2017-10-21 16:10:11.087 plugin-container[2304:426546] *** CFMessagePort: bootstrap_register(): failed 1100 (0x44c) 'Permission denied', port = 0x913f, name = 'com.apple.tsm.portname'
See /usr/include/servers/bootstrap_defs.h for the error codes.
2017-10-21 16:10:11.095 plugin-container[2304:426546] *** CFMessagePort: bootstrap_register(): failed 1100 (0x44c) 'Permission denied', port = 0x9403, name = 'com.apple.CFPasteboardClient'
See /usr/include/servers/bootstrap_defs.h for the error codes.
1508620211510	Marionette	DEBUG	Received DOM event "pagehide" for "about:blank"
1508620211511	Marionette	DEBUG	Received DOM event "unload" for "about:blank"
1508620212439	Marionette	DEBUG	Received DOM event "DOMContentLoaded" for "https://jobs.jobvite.com/koretelematics"
1508620212462	Marionette	DEBUG	Received DOM event "pageshow" for "https://jobs.jobvite.com/koretelematics"
1508620236161	Marionette	INFO	Ceased listening
1508620242982	geckodriver	INFO	Listening on 127.0.0.1:51301
1508620243012	geckodriver::marionette	INFO	Starting browser /Applications/Firefox.app/Contents/MacOS/firefox-bin with args ["-marionette"]
1508620245032	Marionette	INFO	Listening on port 51308
1508620245120	Marionette	WARN	TLS certificate errors will be ignored for this session
1508620245327	Marionette	DEBUG	loaded listener.js
1508620245359	Marionette	DEBUG	Received DOM event "beforeunload" for "about:blank"
2017-10-21 16:10:45.422 plugin-container[2318:426995] *** CFMessagePort: bootstrap_register(): failed 1100 (0x44c) 'Permission denied', port = 0x913b, name = 'com.apple.tsm.portname'
See /usr/include/servers/bootstrap_defs.h for the error codes.
2017-10-21 16:10:45.427 plugin-container[2318:426995] *** CFMessagePort: bootstrap_register(): failed 1100 (0x44c) 'Permission denied', port = 0x9403, name = 'com.apple.CFPasteboardClient'
See /usr/include/servers/bootstrap_defs.h for the error codes.
1508620246150	Marionette	DEBUG	Received DOM event "pagehide" for "about:blank"
1508620246151	Marionette	DEBUG	Received DOM event "unload" for "about:blank"
1508620246956	Marionette	DEBUG	Received DOM event "DOMContentLoaded" for "https://jobs.jobvite.com/koretelematics"
1508620246972	Marionette	DEBUG	Received DOM event "pageshow" for "https://jobs.jobvite.com/koretelematics"
1508620739694	Marionette	INFO	Ceased listening
1508620824731	geckodriver	INFO	Listening on 127.0.0.1:51430
1508620824783	geckodriver::marionette	INFO	Starting browser /Applications/Firefox.app/Contents/MacOS/firefox-bin with args ["-marionette"]
1508620826943	Marionette	INFO	Listening on port 51437
1508620827008	Marionette	WARN	TLS certificate errors will be ignored for this session
1508620827240	Marionette	DEBUG	loaded listener.js
1508620827293	Marionette	DEBUG	Received DOM event "beforeunload" for "about:blank"
2017-10-21 16:20:27.344 plugin-container[2377:431096] *** CFMessagePort: bootstrap_register(): failed 1100 (0x44c) 'Permission denied', port = 0x913b, name = 'com.apple.tsm.portname'
See /usr/include/servers/bootstrap_defs.h for the error codes.
2017-10-21 16:20:27.348 plugin-container[2377:431096] *** CFMessagePort: bootstrap_register(): failed 1100 (0x44c) 'Permission denied', port = 0x9403, name = 'com.apple.CFPasteboardClient'
See /usr/include/servers/bootstrap_defs.h for the error codes.
1508620827794	Marionette	DEBUG	Received DOM event "pagehide" for "about:blank"
1508620827795	Marionette	DEBUG	Received DOM event "unload" for "about:blank"
1508620828625	Marionette	DEBUG	Received DOM event "DOMContentLoaded" for "https://jobs.jobvite.com/koretelematics"
1508620828690	Marionette	DEBUG	Received DOM event "pageshow" for "https://jobs.jobvite.com/koretelematics"
1508620905070	Marionette	INFO	Ceased listening
1508620909553	geckodriver	INFO	Listening on 127.0.0.1:51519
1508620910587	geckodriver::marionette	INFO	Starting browser /Applications/Firefox.app/Contents/MacOS/firefox-bin with args ["-marionette"]
1508620912696	Marionette	INFO	Listening on port 51528
1508620912823	Marionette	WARN	TLS certificate errors will be ignored for this session
1508620913008	Marionette	DEBUG	loaded listener.js
1508620913040	Marionette	DEBUG	Received DOM event "beforeunload" for "about:blank"
2017-10-21 16:21:53.098 plugin-container[2398:431720] *** CFMessagePort: bootstrap_register(): failed 1100 (0x44c) 'Permission denied', port = 0x913b, name = 'com.apple.tsm.portname'
See /usr/include/servers/bootstrap_defs.h for the error codes.
2017-10-21 16:21:53.105 plugin-container[2398:431720] *** CFMessagePort: bootstrap_register(): failed 1100 (0x44c) 'Permission denied', port = 0x9403, name = 'com.apple.CFPasteboardClient'
See /usr/include/servers/bootstrap_defs.h for the error codes.
1508620913540	Marionette	DEBUG	Received DOM event "pagehide" for "about:blank"
1508620913541	Marionette	DEBUG	Received DOM event "unload" for "about:blank"
1508620914393	Marionette	DEBUG	Received DOM event "DOMContentLoaded" for "https://jobs.jobvite.com/koretelematics"
1508620914456	Marionette	DEBUG	Received DOM event "pageshow" for "https://jobs.jobvite.com/koretelematics"
*************************
A coding exception was thrown and uncaught in a Task.

Full message: TypeError: NetworkError when attempting to fetch resource.
Full stack: 
*************************
1508623115836	Marionette	INFO	Ceased listening
1508623156867	geckodriver	INFO	Listening on 127.0.0.1:51696
1508623157900	geckodriver::marionette	INFO	Starting browser /Applications/Firefox.app/Contents/MacOS/firefox-bin with args ["-marionette"]
1508623159927	Marionette	INFO	Listening on port 51705
1508623160033	Marionette	WARN	TLS certificate errors will be ignored for this session
1508623160235	Marionette	DEBUG	loaded listener.js
1508623160275	Marionette	DEBUG	Received DOM event "beforeunload" for "about:blank"
2017-10-21 16:59:20.334 plugin-container[2475:442836] *** CFMessagePort: bootstrap_register(): failed 1100 (0x44c) 'Permission denied', port = 0x913b, name = 'com.apple.tsm.portname'
See /usr/include/servers/bootstrap_defs.h for the error codes.
2017-10-21 16:59:20.336 plugin-container[2475:442836] *** CFMessagePort: bootstrap_register(): failed 1100 (0x44c) 'Permission denied', port = 0x9403, name = 'com.apple.CFPasteboardClient'
See /usr/include/servers/bootstrap_defs.h for the error codes.
1508623160793	Marionette	DEBUG	Received DOM event "pagehide" for "about:blank"
1508623160793	Marionette	DEBUG	Received DOM event "unload" for "about:blank"
1508623161652	Marionette	DEBUG	Received DOM event "DOMContentLoaded" for "https://jobs.jobvite.com/koretelematics"
1508623161670	Marionette	DEBUG	Received DOM event "pageshow" for "https://jobs.jobvite.com/koretelematics"
1508623239659	Marionette	INFO	Ceased listening
1508623245423	geckodriver	INFO	Listening on 127.0.0.1:51786
1508623246461	geckodriver::marionette	INFO	Starting browser /Applications/Firefox.app/Contents/MacOS/firefox-bin with args ["-marionette"]
1508623248530	Marionette	INFO	Listening on port 51795
1508623248618	Marionette	WARN	TLS certificate errors will be ignored for this session
1508623248869	Marionette	DEBUG	loaded listener.js
1508623248906	Marionette	DEBUG	Received DOM event "beforeunload" for "about:blank"
2017-10-21 17:00:48.977 plugin-container[2490:443537] *** CFMessagePort: bootstrap_register(): failed 1100 (0x44c) 'Permission denied', port = 0x913b, name = 'com.apple.tsm.portname'
See /usr/include/servers/bootstrap_defs.h for the error codes.
2017-10-21 17:00:48.979 plugin-container[2490:443537] *** CFMessagePort: bootstrap_register(): failed 1100 (0x44c) 'Permission denied', port = 0x9403, name = 'com.apple.CFPasteboardClient'
See /usr/include/servers/bootstrap_defs.h for the error codes.
1508623249352	Marionette	DEBUG	Received DOM event "pagehide" for "about:blank"
1508623249352	Marionette	DEBUG	Received DOM event "unload" for "about:blank"
1508623250176	Marionette	DEBUG	Received DOM event "DOMContentLoaded" for "https://jobs.jobvite.com/koretelematics"
1508623250196	Marionette	DEBUG	Received DOM event "pageshow" for "https://jobs.jobvite.com/koretelematics"
1508623253307	Marionette	INFO	Ceased listening
1508623270552	geckodriver	INFO	Listening on 127.0.0.1:51863
1508623270590	geckodriver::marionette	INFO	Starting browser /Applications/Firefox.app/Contents/MacOS/firefox-bin with args ["-marionette"]
1508623272765	Marionette	INFO	Listening on port 51870
1508623272828	Marionette	WARN	TLS certificate errors will be ignored for this session
1508623273075	Marionette	DEBUG	loaded listener.js
1508623273107	Marionette	DEBUG	Received DOM event "beforeunload" for "about:blank"
2017-10-21 17:01:13.169 plugin-container[2505:443939] *** CFMessagePort: bootstrap_register(): failed 1100 (0x44c) 'Permission denied', port = 0x913b, name = 'com.apple.tsm.portname'
See /usr/include/servers/bootstrap_defs.h for the error codes.
2017-10-21 17:01:13.171 plugin-container[2505:443939] *** CFMessagePort: bootstrap_register(): failed 1100 (0x44c) 'Permission denied', port = 0x9403, name = 'com.apple.CFPasteboardClient'
See /usr/include/servers/bootstrap_defs.h for the error codes.
1508623273690	Marionette	DEBUG	Received DOM event "pagehide" for "about:blank"
1508623273690	Marionette	DEBUG	Received DOM event "unload" for "about:blank"
1508623274518	Marionette	DEBUG	Received DOM event "DOMContentLoaded" for "https://jobs.jobvite.com/koretelematics"
1508623274538	Marionette	DEBUG	Received DOM event "pageshow" for "https://jobs.jobvite.com/koretelematics"
*************************
A coding exception was thrown and uncaught in a Task.

Full message: TypeError: NetworkError when attempting to fetch resource.
Full stack: 
*************************
*************************
A coding exception was thrown and uncaught in a Task.

Full message: TypeError: NetworkError when attempting to fetch resource.
Full stack: 
*************************
*************************
A coding exception was thrown and uncaught in a Task.

Full message: TypeError: NetworkError when attempting to fetch resource.
Full stack: 
*************************
Query failed: Error: Error(s) encountered during statement execution: disk I/O error
Query failed: Error: Error(s) encountered during statement execution: disk I/O error
Query failed: Error: Error(s) encountered during statement execution: disk I/O error
Query failed: Error: Error(s) encountered during statement execution: disk I/O error
Query failed: Error: Error(s) encountered during statement execution: disk I/O error
Query failed: Error: Error(s) encountered during statement execution: disk I/O error
Query failed: Error: Error(s) encountered during statement execution: disk I/O error
Query failed: Error: Error(s) encountered during statement execution: disk I/O error
Query failed: Error: Error(s) encountered during statement execution: disk I/O error
Query failed: Error: Error(s) encountered during statement execution: disk I/O error
Query failed: Error: Error(s) encountered during statement execution: disk I/O error
Query failed: Error: Error(s) encountered during statement execution: disk I/O error
Query failed: Error: Error(s) encountered during statement execution: disk I/O error
Query failed: Error: Error(s) encountered during statement execution: disk I/O error
JavaScript warning: https://www.google.ca/maps?source=tldso, line 4068: Error: WebGL warning: texSubImage2D: Texture has not been initialized prior to a partial upload, forcing the browser to clear it. This may be slow.
JavaScript warning: https://www.google.ca/maps?source=tldso, line 4068: Error: WebGL warning: texSubImage2D: This operation requires zeroing texture data. This is slow.
JavaScript warning: https://www.google.ca/maps?source=tldso, line 4068: Error: WebGL warning: texSubImage2D: Texture has not been initialized prior to a partial upload, forcing the browser to clear it. This may be slow.
JavaScript warning: https://www.google.ca/maps?source=tldso, line 4068: Error: WebGL warning: texSubImage2D: This operation requires zeroing texture data. This is slow.
JavaScript warning: https://www.google.ca/maps?source=tldso, line 4068: Error: WebGL warning: texSubImage2D: Texture has not been initialized prior to a partial upload, forcing the browser to clear it. This may be slow.
JavaScript warning: https://www.google.ca/maps?source=tldso, line 4068: Error: WebGL warning: texSubImage2D: This operation requires zeroing texture data. This is slow.
JavaScript warning: https://www.google.ca/maps?source=tldso, line 4068: Error: WebGL warning: texSubImage2D: Texture has not been initialized prior to a partial upload, forcing the browser to clear it. This may be slow.
JavaScript warning: https://www.google.ca/maps?source=tldso, line 4068: Error: WebGL warning: texSubImage2D: This operation requires zeroing texture data. This is slow.
JavaScript warning: https://www.google.ca/maps?source=tldso, line 4068: Error: WebGL warning: texSubImage2D: Texture has not been initialized prior to a partial upload, forcing the browser to clear it. This may be slow.
JavaScript warning: https://www.google.ca/maps?source=tldso, line 4068: Error: WebGL warning: texSubImage2D: This operation requires zeroing texture data. This is slow.
JavaScript warning: https://www.google.ca/maps?source=tldso, line 4068: Error: WebGL warning: texSubImage2D: Texture has not been initialized prior to a partial upload, forcing the browser to clear it. This may be slow.
JavaScript warning: https://www.google.ca/maps?source=tldso, line 4068: Error: WebGL warning: texSubImage2D: This operation requires zeroing texture data. This is slow.
JavaScript warning: https://www.google.ca/maps?source=tldso, line 4087: Error: WebGL warning: copyTexSubImage2D: Texture has not been initialized prior to a partial upload, forcing the browser to clear it. This may be slow.
JavaScript warning: https://www.google.ca/maps?source=tldso, line 4087: Error: WebGL warning: copyTexSubImage2D: This operation requires zeroing texture data. This is slow.
JavaScript warning: https://www.google.ca/maps?source=tldso, line 4087: Error: WebGL warning: copyTexSubImage2D: Texture has not been initialized prior to a partial upload, forcing the browser to clear it. This may be slow.
JavaScript warning: https://www.google.ca/maps?source=tldso, line 4087: Error: WebGL warning: copyTexSubImage2D: This operation requires zeroing texture data. This is slow.
JavaScript warning: https://www.google.ca/maps?source=tldso, line 4068: Error: WebGL warning: texSubImage2D: Alpha-premult and y-flip are deprecated for non-DOM-Element uploads.
JavaScript warning: https://www.google.ca/maps?source=tldso, line 4068: Error: WebGL warning: texSubImage2D: Alpha-premult and y-flip are deprecated for non-DOM-Element uploads.
JavaScript warning: https://www.google.ca/maps?source=tldso, line 4068: Error: WebGL warning: texSubImage2D: Alpha-premult and y-flip are deprecated for non-DOM-Element uploads.
JavaScript warning: https://www.google.ca/maps?source=tldso, line 4068: Error: WebGL warning: texSubImage2D: Alpha-premult and y-flip are deprecated for non-DOM-Element uploads.
JavaScript warning: https://www.google.ca/maps?source=tldso, line 4068: Error: WebGL warning: texSubImage2D: Alpha-premult and y-flip are deprecated for non-DOM-Element uploads.
JavaScript warning: https://www.google.ca/maps?source=tldso, line 4068: Error: WebGL warning: texSubImage2D: Alpha-premult and y-flip are deprecated for non-DOM-Element uploads.
JavaScript warning: https://www.google.ca/maps?source=tldso, line 4068: Error: WebGL warning: texSubImage2D: Alpha-premult and y-flip are deprecated for non-DOM-Element uploads.
JavaScript warning: https://www.google.ca/maps?source=tldso, line 4068: Error: WebGL warning: texSubImage2D: Alpha-premult and y-flip are deprecated for non-DOM-Element uploads.
JavaScript warning: https://www.google.ca/maps?source=tldso, line 4068: Error: WebGL warning: texSubImage2D: Alpha-premult and y-flip are deprecated for non-DOM-Element uploads.
JavaScript warning: https://www.google.ca/maps?source=tldso, line 4068: Error: WebGL warning: texSubImage2D: Alpha-premult and y-flip are deprecated for non-DOM-Element uploads.
JavaScript warning: https://www.google.ca/maps?source=tldso, line 4068: Error: WebGL warning: texSubImage2D: Alpha-premult and y-flip are deprecated for non-DOM-Element uploads.
JavaScript warning: https://www.google.ca/maps?source=tldso, line 4068: Error: WebGL warning: texSubImage2D: Alpha-premult and y-flip are deprecated for non-DOM-Element uploads.
JavaScript warning: https://www.google.ca/maps?source=tldso, line 4068: Error: WebGL warning: texSubImage2D: Alpha-premult and y-flip are deprecated for non-DOM-Element uploads.
JavaScript warning: https://www.google.ca/maps?source=tldso, line 4068: Error: WebGL warning: texSubImage2D: Alpha-premult and y-flip are deprecated for non-DOM-Element uploads.
JavaScript warning: https://www.google.ca/maps?source=tldso, line 4068: Error: WebGL warning: texSubImage2D: Alpha-premult and y-flip are deprecated for non-DOM-Element uploads.
JavaScript warning: https://www.google.ca/maps?source=tldso, line 4068: Error: WebGL warning: texSubImage2D: Alpha-premult and y-flip are deprecated for non-DOM-Element uploads.
JavaScript warning: https://www.google.ca/maps?source=tldso, line 4068: Error: WebGL: No further warnings will be reported for this WebGL context. (already reported 32 warnings)
JavaScript warning: https://www.google.ca/maps/dir/Days+Inn+Vancouver+Downtown,+West+Pender+Street,+Vancouver,+BC/Moda+Hotel,+900+Seymour+St,+Vancouver,+BC+V6B+3L9/@49.2830029,-123.1237463,16z/data=!3m1!4b1!4m13!4m12!1m5!1m1!1s0x5486718246b73561:0x74df97559668a163!2m2!1d-123.1169678!2d49.2863319!1m5!1m1!1s0x5486717e243f711b:0x105e9fc91383ade8!2m2!1d-123.1204307!2d49.2793994, line 3104: Error: WebGL warning: texSubImage2D: Texture has not been initialized prior to a partial upload, forcing the browser to clear it. This may be slow.
JavaScript warning: https://www.google.ca/maps/dir/Days+Inn+Vancouver+Downtown,+West+Pender+Street,+Vancouver,+BC/Moda+Hotel,+900+Seymour+St,+Vancouver,+BC+V6B+3L9/@49.2830029,-123.1237463,16z/data=!3m1!4b1!4m13!4m12!1m5!1m1!1s0x5486718246b73561:0x74df97559668a163!2m2!1d-123.1169678!2d49.2863319!1m5!1m1!1s0x5486717e243f711b:0x105e9fc91383ade8!2m2!1d-123.1204307!2d49.2793994, line 3104: Error: WebGL warning: texSubImage2D: This operation requires zeroing texture data. This is slow.
JavaScript warning: https://www.google.ca/maps/dir/Days+Inn+Vancouver+Downtown,+West+Pender+Street,+Vancouver,+BC/Moda+Hotel,+900+Seymour+St,+Vancouver,+BC+V6B+3L9/@49.2830029,-123.1237463,16z/data=!3m1!4b1!4m13!4m12!1m5!1m1!1s0x5486718246b73561:0x74df97559668a163!2m2!1d-123.1169678!2d49.2863319!1m5!1m1!1s0x5486717e243f711b:0x105e9fc91383ade8!2m2!1d-123.1204307!2d49.2793994, line 3104: Error: WebGL warning: texSubImage2D: Texture has not been initialized prior to a partial upload, forcing the browser to clear it. This may be slow.
JavaScript warning: https://www.google.ca/maps/dir/Days+Inn+Vancouver+Downtown,+West+Pender+Street,+Vancouver,+BC/Moda+Hotel,+900+Seymour+St,+Vancouver,+BC+V6B+3L9/@49.2830029,-123.1237463,16z/data=!3m1!4b1!4m13!4m12!1m5!1m1!1s0x5486718246b73561:0x74df97559668a163!2m2!1d-123.1169678!2d49.2863319!1m5!1m1!1s0x5486717e243f711b:0x105e9fc91383ade8!2m2!1d-123.1204307!2d49.2793994, line 3104: Error: WebGL warning: texSubImage2D: This operation requires zeroing texture data. This is slow.
JavaScript warning: https://www.google.ca/maps/dir/Days+Inn+Vancouver+Downtown,+West+Pender+Street,+Vancouver,+BC/Moda+Hotel,+900+Seymour+St,+Vancouver,+BC+V6B+3L9/@49.2830029,-123.1237463,16z/data=!3m1!4b1!4m13!4m12!1m5!1m1!1s0x5486718246b73561:0x74df97559668a163!2m2!1d-123.1169678!2d49.2863319!1m5!1m1!1s0x5486717e243f711b:0x105e9fc91383ade8!2m2!1d-123.1204307!2d49.2793994, line 3104: Error: WebGL warning: texSubImage2D: Texture has not been initialized prior to a partial upload, forcing the browser to clear it. This may be slow.
JavaScript warning: https://www.google.ca/maps/dir/Days+Inn+Vancouver+Downtown,+West+Pender+Street,+Vancouver,+BC/Moda+Hotel,+900+Seymour+St,+Vancouver,+BC+V6B+3L9/@49.2830029,-123.1237463,16z/data=!3m1!4b1!4m13!4m12!1m5!1m1!1s0x5486718246b73561:0x74df97559668a163!2m2!1d-123.1169678!2d49.2863319!1m5!1m1!1s0x5486717e243f711b:0x105e9fc91383ade8!2m2!1d-123.1204307!2d49.2793994, line 3104: Error: WebGL warning: texSubImage2D: This operation requires zeroing texture data. This is slow.
JavaScript warning: https://www.google.ca/maps/dir/Days+Inn+Vancouver+Downtown,+West+Pender+Street,+Vancouver,+BC/Moda+Hotel,+900+Seymour+St,+Vancouver,+BC+V6B+3L9/@49.2830029,-123.1237463,16z/data=!3m1!4b1!4m13!4m12!1m5!1m1!1s0x5486718246b73561:0x74df97559668a163!2m2!1d-123.1169678!2d49.2863319!1m5!1m1!1s0x5486717e243f711b:0x105e9fc91383ade8!2m2!1d-123.1204307!2d49.2793994, line 3104: Error: WebGL warning: texSubImage2D: Texture has not been initialized prior to a partial upload, forcing the browser to clear it. This may be slow.
JavaScript warning: https://www.google.ca/maps/dir/Days+Inn+Vancouver+Downtown,+West+Pender+Street,+Vancouver,+BC/Moda+Hotel,+900+Seymour+St,+Vancouver,+BC+V6B+3L9/@49.2830029,-123.1237463,16z/data=!3m1!4b1!4m13!4m12!1m5!1m1!1s0x5486718246b73561:0x74df97559668a163!2m2!1d-123.1169678!2d49.2863319!1m5!1m1!1s0x5486717e243f711b:0x105e9fc91383ade8!2m2!1d-123.1204307!2d49.2793994, line 3104: Error: WebGL warning: texSubImage2D: This operation requires zeroing texture data. This is slow.
JavaScript warning: https://www.google.ca/maps/dir/Days+Inn+Vancouver+Downtown,+West+Pender+Street,+Vancouver,+BC/Moda+Hotel,+900+Seymour+St,+Vancouver,+BC+V6B+3L9/@49.2830029,-123.1237463,16z/data=!3m1!4b1!4m13!4m12!1m5!1m1!1s0x5486718246b73561:0x74df97559668a163!2m2!1d-123.1169678!2d49.2863319!1m5!1m1!1s0x5486717e243f711b:0x105e9fc91383ade8!2m2!1d-123.1204307!2d49.2793994, line 3104: Error: WebGL warning: texSubImage2D: Texture has not been initialized prior to a partial upload, forcing the browser to clear it. This may be slow.
JavaScript warning: https://www.google.ca/maps/dir/Days+Inn+Vancouver+Downtown,+West+Pender+Street,+Vancouver,+BC/Moda+Hotel,+900+Seymour+St,+Vancouver,+BC+V6B+3L9/@49.2830029,-123.1237463,16z/data=!3m1!4b1!4m13!4m12!1m5!1m1!1s0x5486718246b73561:0x74df97559668a163!2m2!1d-123.1169678!2d49.2863319!1m5!1m1!1s0x5486717e243f711b:0x105e9fc91383ade8!2m2!1d-123.1204307!2d49.2793994, line 3104: Error: WebGL warning: texSubImage2D: This operation requires zeroing texture data. This is slow.
JavaScript warning: https://www.google.ca/maps/dir/Days+Inn+Vancouver+Downtown,+West+Pender+Street,+Vancouver,+BC/Moda+Hotel,+900+Seymour+St,+Vancouver,+BC+V6B+3L9/@49.2830029,-123.1237463,16z/data=!3m1!4b1!4m13!4m12!1m5!1m1!1s0x5486718246b73561:0x74df97559668a163!2m2!1d-123.1169678!2d49.2863319!1m5!1m1!1s0x5486717e243f711b:0x105e9fc91383ade8!2m2!1d-123.1204307!2d49.2793994, line 3104: Error: WebGL warning: texSubImage2D: Texture has not been initialized prior to a partial upload, forcing the browser to clear it. This may be slow.
JavaScript warning: https://www.google.ca/maps/dir/Days+Inn+Vancouver+Downtown,+West+Pender+Street,+Vancouver,+BC/Moda+Hotel,+900+Seymour+St,+Vancouver,+BC+V6B+3L9/@49.2830029,-123.1237463,16z/data=!3m1!4b1!4m13!4m12!1m5!1m1!1s0x5486718246b73561:0x74df97559668a163!2m2!1d-123.1169678!2d49.2863319!1m5!1m1!1s0x5486717e243f711b:0x105e9fc91383ade8!2m2!1d-123.1204307!2d49.2793994, line 3104: Error: WebGL warning: texSubImage2D: This operation requires zeroing texture data. This is slow.
JavaScript warning: https://www.google.ca/maps/dir/Days+Inn+Vancouver+Downtown,+West+Pender+Street,+Vancouver,+BC/Moda+Hotel,+900+Seymour+St,+Vancouver,+BC+V6B+3L9/@49.2830029,-123.1237463,16z/data=!3m1!4b1!4m13!4m12!1m5!1m1!1s0x5486718246b73561:0x74df97559668a163!2m2!1d-123.1169678!2d49.2863319!1m5!1m1!1s0x5486717e243f711b:0x105e9fc91383ade8!2m2!1d-123.1204307!2d49.2793994, line 3123: Error: WebGL warning: copyTexSubImage2D: Texture has not been initialized prior to a partial upload, forcing the browser to clear it. This may be slow.
JavaScript warning: https://www.google.ca/maps/dir/Days+Inn+Vancouver+Downtown,+West+Pender+Street,+Vancouver,+BC/Moda+Hotel,+900+Seymour+St,+Vancouver,+BC+V6B+3L9/@49.2830029,-123.1237463,16z/data=!3m1!4b1!4m13!4m12!1m5!1m1!1s0x5486718246b73561:0x74df97559668a163!2m2!1d-123.1169678!2d49.2863319!1m5!1m1!1s0x5486717e243f711b:0x105e9fc91383ade8!2m2!1d-123.1204307!2d49.2793994, line 3123: Error: WebGL warning: copyTexSubImage2D: This operation requires zeroing texture data. This is slow.
*************************
A coding exception was thrown and uncaught in a Task.

Full message: TypeError: NetworkError when attempting to fetch resource.
Full stack: 
*************************
JavaScript warning: https://www.google.ca/maps/dir/Days+Inn+Vancouver+Downtown,+West+Pender+Street,+Vancouver,+BC/Moda+Hotel,+900+Seymour+St,+Vancouver,+BC+V6B+3L9/@49.2830029,-123.1237463,16z/data=!3m1!4b1!4m13!4m12!1m5!1m1!1s0x5486718246b73561:0x74df97559668a163!2m2!1d-123.1169678!2d49.2863319!1m5!1m1!1s0x5486717e243f711b:0x105e9fc91383ade8!2m2!1d-123.1204307!2d49.2793994, line 3104: Error: WebGL warning: texSubImage2D: Alpha-premult and y-flip are deprecated for non-DOM-Element uploads.
JavaScript warning: https://www.google.ca/maps/dir/Days+Inn+Vancouver+Downtown,+West+Pender+Street,+Vancouver,+BC/Moda+Hotel,+900+Seymour+St,+Vancouver,+BC+V6B+3L9/@49.2830029,-123.1237463,16z/data=!3m1!4b1!4m13!4m12!1m5!1m1!1s0x5486718246b73561:0x74df97559668a163!2m2!1d-123.1169678!2d49.2863319!1m5!1m1!1s0x5486717e243f711b:0x105e9fc91383ade8!2m2!1d-123.1204307!2d49.2793994, line 3104: Error: WebGL warning: texSubImage2D: Alpha-premult and y-flip are deprecated for non-DOM-Element uploads.
JavaScript warning: https://www.google.ca/maps/dir/Days+Inn+Vancouver+Downtown,+West+Pender+Street,+Vancouver,+BC/Moda+Hotel,+900+Seymour+St,+Vancouver,+BC+V6B+3L9/@49.2830029,-123.1237463,16z/data=!3m1!4b1!4m13!4m12!1m5!1m1!1s0x5486718246b73561:0x74df97559668a163!2m2!1d-123.1169678!2d49.2863319!1m5!1m1!1s0x5486717e243f711b:0x105e9fc91383ade8!2m2!1d-123.1204307!2d49.2793994, line 3104: Error: WebGL warning: texSubImage2D: Alpha-premult and y-flip are deprecated for non-DOM-Element uploads.
JavaScript warning: https://www.google.ca/maps/dir/Days+Inn+Vancouver+Downtown,+West+Pender+Street,+Vancouver,+BC/Moda+Hotel,+900+Seymour+St,+Vancouver,+BC+V6B+3L9/@49.2830029,-123.1237463,16z/data=!3m1!4b1!4m13!4m12!1m5!1m1!1s0x5486718246b73561:0x74df97559668a163!2m2!1d-123.1169678!2d49.2863319!1m5!1m1!1s0x5486717e243f711b:0x105e9fc91383ade8!2m2!1d-123.1204307!2d49.2793994, line 3104: Error: WebGL warning: texSubImage2D: Alpha-premult and y-flip are deprecated for non-DOM-Element uploads.
JavaScript warning: https://www.google.ca/maps/dir/Days+Inn+Vancouver+Downtown,+West+Pender+Street,+Vancouver,+BC/Moda+Hotel,+900+Seymour+St,+Vancouver,+BC+V6B+3L9/@49.2830029,-123.1237463,16z/data=!3m1!4b1!4m13!4m12!1m5!1m1!1s0x5486718246b73561:0x74df97559668a163!2m2!1d-123.1169678!2d49.2863319!1m5!1m1!1s0x5486717e243f711b:0x105e9fc91383ade8!2m2!1d-123.1204307!2d49.2793994, line 3104: Error: WebGL warning: texSubImage2D: Alpha-premult and y-flip are deprecated for non-DOM-Element uploads.
JavaScript warning: https://www.google.ca/maps/dir/Days+Inn+Vancouver+Downtown,+West+Pender+Street,+Vancouver,+BC/Moda+Hotel,+900+Seymour+St,+Vancouver,+BC+V6B+3L9/@49.2830029,-123.1237463,16z/data=!3m1!4b1!4m13!4m12!1m5!1m1!1s0x5486718246b73561:0x74df97559668a163!2m2!1d-123.1169678!2d49.2863319!1m5!1m1!1s0x5486717e243f711b:0x105e9fc91383ade8!2m2!1d-123.1204307!2d49.2793994, line 3104: Error: WebGL warning: texSubImage2D: Alpha-premult and y-flip are deprecated for non-DOM-Element uploads.
JavaScript warning: https://www.google.ca/maps/dir/Days+Inn+Vancouver+Downtown,+West+Pender+Street,+Vancouver,+BC/Moda+Hotel,+900+Seymour+St,+Vancouver,+BC+V6B+3L9/@49.2830029,-123.1237463,16z/data=!3m1!4b1!4m13!4m12!1m5!1m1!1s0x5486718246b73561:0x74df97559668a163!2m2!1d-123.1169678!2d49.2863319!1m5!1m1!1s0x5486717e243f711b:0x105e9fc91383ade8!2m2!1d-123.1204307!2d49.2793994, line 3104: Error: WebGL warning: texSubImage2D: Alpha-premult and y-flip are deprecated for non-DOM-Element uploads.
JavaScript warning: https://www.google.ca/maps/dir/Days+Inn+Vancouver+Downtown,+West+Pender+Street,+Vancouver,+BC/Moda+Hotel,+900+Seymour+St,+Vancouver,+BC+V6B+3L9/@49.2830029,-123.1237463,16z/data=!3m1!4b1!4m13!4m12!1m5!1m1!1s0x5486718246b73561:0x74df97559668a163!2m2!1d-123.1169678!2d49.2863319!1m5!1m1!1s0x5486717e243f711b:0x105e9fc91383ade8!2m2!1d-123.1204307!2d49.2793994, line 3104: Error: WebGL warning: texSubImage2D: Alpha-premult and y-flip are deprecated for non-DOM-Element uploads.
JavaScript warning: https://www.google.ca/maps/dir/Days+Inn+Vancouver+Downtown,+West+Pender+Street,+Vancouver,+BC/Moda+Hotel,+900+Seymour+St,+Vancouver,+BC+V6B+3L9/@49.2830029,-123.1237463,16z/data=!3m1!4b1!4m13!4m12!1m5!1m1!1s0x5486718246b73561:0x74df97559668a163!2m2!1d-123.1169678!2d49.2863319!1m5!1m1!1s0x5486717e243f711b:0x105e9fc91383ade8!2m2!1d-123.1204307!2d49.2793994, line 3104: Error: WebGL warning: texSubImage2D: Alpha-premult and y-flip are deprecated for non-DOM-Element uploads.
JavaScript warning: https://www.google.ca/maps/dir/Days+Inn+Vancouver+Downtown,+West+Pender+Street,+Vancouver,+BC/Moda+Hotel,+900+Seymour+St,+Vancouver,+BC+V6B+3L9/@49.2830029,-123.1237463,16z/data=!3m1!4b1!4m13!4m12!1m5!1m1!1s0x5486718246b73561:0x74df97559668a163!2m2!1d-123.1169678!2d49.2863319!1m5!1m1!1s0x5486717e243f711b:0x105e9fc91383ade8!2m2!1d-123.1204307!2d49.2793994, line 3104: Error: WebGL warning: texSubImage2D: Alpha-premult and y-flip are deprecated for non-DOM-Element uploads.
Query failed: Error: Error(s) encountered during statement execution: disk I/O error
Query failed: Error: Error(s) encountered during statement execution: disk I/O error
Query failed: Error: Error(s) encountered during statement execution: disk I/O error
Query failed: Error: Error(s) encountered during statement execution: disk I/O error
Query failed: Error: Error(s) encountered during statement execution: disk I/O error
Query failed: Error: Error(s) encountered during statement execution: disk I/O error
Query failed: Error: Error(s) encountered during statement execution: disk I/O error
Query failed: Error: Error(s) encountered during statement execution: disk I/O error
JavaScript error: http://www.viarail.ca/sites/all/themes/custom/viarail/js/jquery-1.10.2.js, line 2: Error: cannot call methods on autocomplete prior to initialization; attempted to call method '/en/apachesolr_autocomplete'
*************************
A coding exception was thrown and uncaught in a Task.

Full message: TypeError: NetworkError when attempting to fetch resource.
Full stack: 
*************************
JavaScript warning: https://www.google.ca/maps/dir/Days+Inn+Vancouver+Downtown,+West+Pender+Street,+Vancouver,+BC/Moda+Hotel,+900+Seymour+St,+Vancouver,+BC+V6B+3L9/@49.2830029,-123.1237463,16z/data=!3m1!4b1!4m13!4m12!1m5!1m1!1s0x5486718246b73561:0x74df97559668a163!2m2!1d-123.1169678!2d49.2863319!1m5!1m1!1s0x5486717e243f711b:0x105e9fc91383ade8!2m2!1d-123.1204307!2d49.2793994, line 3104: Error: WebGL warning: texSubImage2D: Alpha-premult and y-flip are deprecated for non-DOM-Element uploads.
JavaScript warning: https://www.google.ca/maps/dir/Days+Inn+Vancouver+Downtown,+West+Pender+Street,+Vancouver,+BC/Moda+Hotel,+900+Seymour+St,+Vancouver,+BC+V6B+3L9/@49.2830029,-123.1237463,16z/data=!3m1!4b1!4m13!4m12!1m5!1m1!1s0x5486718246b73561:0x74df97559668a163!2m2!1d-123.1169678!2d49.2863319!1m5!1m1!1s0x5486717e243f711b:0x105e9fc91383ade8!2m2!1d-123.1204307!2d49.2793994, line 3104: Error: WebGL warning: texSubImage2D: Alpha-premult and y-flip are deprecated for non-DOM-Element uploads.
JavaScript warning: https://www.google.ca/maps/dir/Days+Inn+Vancouver+Downtown,+West+Pender+Street,+Vancouver,+BC/Moda+Hotel,+900+Seymour+St,+Vancouver,+BC+V6B+3L9/@49.2830029,-123.1237463,16z/data=!3m1!4b1!4m13!4m12!1m5!1m1!1s0x5486718246b73561:0x74df97559668a163!2m2!1d-123.1169678!2d49.2863319!1m5!1m1!1s0x5486717e243f711b:0x105e9fc91383ade8!2m2!1d-123.1204307!2d49.2793994, line 3104: Error: WebGL warning: texSubImage2D: Alpha-premult and y-flip are deprecated for non-DOM-Element uploads.
JavaScript warning: https://www.google.ca/maps/dir/Days+Inn+Vancouver+Downtown,+West+Pender+Street,+Vancouver,+BC/Moda+Hotel,+900+Seymour+St,+Vancouver,+BC+V6B+3L9/@49.2830029,-123.1237463,16z/data=!3m1!4b1!4m13!4m12!1m5!1m1!1s0x5486718246b73561:0x74df97559668a163!2m2!1d-123.1169678!2d49.2863319!1m5!1m1!1s0x5486717e243f711b:0x105e9fc91383ade8!2m2!1d-123.1204307!2d49.2793994, line 3104: Error: WebGL warning: texSubImage2D: Alpha-premult and y-flip are deprecated for non-DOM-Element uploads.
JavaScript warning: https://www.google.ca/maps/dir/Days+Inn+Vancouver+Downtown,+West+Pender+Street,+Vancouver,+BC/Moda+Hotel,+900+Seymour+St,+Vancouver,+BC+V6B+3L9/@49.2830029,-123.1237463,16z/data=!3m1!4b1!4m13!4m12!1m5!1m1!1s0x5486718246b73561:0x74df97559668a163!2m2!1d-123.1169678!2d49.2863319!1m5!1m1!1s0x5486717e243f711b:0x105e9fc91383ade8!2m2!1d-123.1204307!2d49.2793994, line 3104: Error: WebGL warning: texSubImage2D: Alpha-premult and y-flip are deprecated for non-DOM-Element uploads.
2017-10-28 12:15:32.748 plugin-container[5808:1316562] *** CFMessagePort: bootstrap_register(): failed 1100 (0x44c) 'Permission denied', port = 0x913b, name = 'com.apple.tsm.portname'
See /usr/include/servers/bootstrap_defs.h for the error codes.
2017-10-28 12:15:32.757 plugin-container[5808:1316562] *** CFMessagePort: bootstrap_register(): failed 1100 (0x44c) 'Permission denied', port = 0x9403, name = 'com.apple.CFPasteboardClient'
See /usr/include/servers/bootstrap_defs.h for the error codes.
1509210941570	Marionette	INFO	Ceased listening
