1505178585559	geckodriver	INFO	Listening on 127.0.0.1:57609
1505178586594	geckodriver::marionette	INFO	Starting browser /Applications/Firefox.app/Contents/MacOS/firefox-bin with args ["-marionette"]
1505178586934	addons.xpi	WARN	Error parsing extensions state: [Exception... "Component returned failure code: 0x80520012 (NS_ERROR_FILE_NOT_FOUND) [amIAddonManagerStartup.readStartupData]"  nsresult: "0x80520012 (NS_ERROR_FILE_NOT_FOUND)"  location: "JS frame :: resource://gre/modules/addons/XPIProvider.jsm :: loadExtensionState :: line 1596"  data: no] Stack trace: loadExtensionState()@resource://gre/modules/addons/XPIProvider.jsm:1596 < getInstallState()@resource://gre/modules/addons/XPIProvider.jsm:1631 < checkForChanges()@resource://gre/modules/addons/XPIProvider.jsm:3152 < startup()@resource://gre/modules/addons/XPIProvider.jsm:2246 < callProvider()@resource://gre/modules/AddonManager.jsm:271 < _startProvider()@resource://gre/modules/AddonManager.jsm:741 < startup()@resource://gre/modules/AddonManager.jsm:908 < startup()@resource://gre/modules/AddonManager.jsm:3122 < observe()@jar:file:///Applications/Firefox.app/Contents/Resources/omni.ja!/components/addonManager.js:65
1505178587265	Marionette	INFO	Enabled via --marionette
2017-09-11 20:09:48.616 plugin-container[9070:1132238] *** CFMessagePort: bootstrap_register(): failed 1100 (0x44c) 'Permission denied', port = 0xa13b, name = 'com.apple.tsm.portname'
See /usr/include/servers/bootstrap_defs.h for the error codes.
2017-09-11 20:09:48.619 plugin-container[9070:1132238] *** CFMessagePort: bootstrap_register(): failed 1100 (0x44c) 'Permission denied', port = 0xa403, name = 'com.apple.CFPasteboardClient'
See /usr/include/servers/bootstrap_defs.h for the error codes.
1505178588865	Marionette	INFO	Listening on port 57618
JavaScript error: chrome://marionette/content/server.js, line 337: NS_ERROR_SOCKET_ADDRESS_IN_USE: Component returned failure code: 0x804b0036 (NS_ERROR_SOCKET_ADDRESS_IN_USE) [nsIServerSocket.initSpecialConnection]
1505178588874	Marionette	WARN	TLS certificate errors will be ignored for this session
1505178588913	Marionette	DEBUG	loaded listener.js
1505178588933	Marionette	DEBUG	Received DOM event "beforeunload" for "about:blank"
1505178589895	Marionette	DEBUG	Received DOM event "pagehide" for "about:blank"
1505178589895	Marionette	DEBUG	Received DOM event "unload" for "about:blank"
1505178590962	Marionette	DEBUG	Received DOM event "DOMContentLoaded" for "https://letskodeit.teachable.com/p/practice"
1505178591964	Marionette	DEBUG	Received DOM event "DOMContentLoaded" for "https://letskodeit.teachable.com/courses"
1505178592259	Marionette	DEBUG	Received DOM event "DOMContentLoaded" for "https://dialog.filestackapi.com/dialog/comm_iframe/"
1505178592263	Marionette	DEBUG	Received DOM event "pageshow" for "https://dialog.filestackapi.com/dialog/comm_iframe/"
1505178592263	Marionette	DEBUG	Received DOM event "DOMContentLoaded" for "https://www.filestackapi.com/dialog/comm_iframe/"
1505178592264	Marionette	DEBUG	Received DOM event "pageshow" for "https://www.filestackapi.com/dialog/comm_iframe/"
1505178592299	Marionette	DEBUG	Received DOM event "DOMContentLoaded" for "https://dialog.filestackapi.com/dialog/comm_iframe/"
1505178592302	Marionette	DEBUG	Received DOM event "pageshow" for "https://dialog.filestackapi.com/dialog/comm_iframe/"
1505178592303	Marionette	DEBUG	Received DOM event "DOMContentLoaded" for "https://www.filestackapi.com/dialog/comm_iframe/"
1505178592304	Marionette	DEBUG	Received DOM event "pageshow" for "https://www.filestackapi.com/dialog/comm_iframe/"
1505178592418	Marionette	DEBUG	Received DOM event "pageshow" for "https://letskodeit.teachable.com/courses"
1505178592438	Marionette	DEBUG	Received DOM event "pageshow" for "https://letskodeit.teachable.com/p/practice"
1508024240393	geckodriver	INFO	Listening on 127.0.0.1:60776
1508024241466	geckodriver::marionette	INFO	Starting browser /Applications/Firefox.app/Contents/MacOS/firefox-bin with args ["-marionette"]
1508024244521	Marionette	INFO	Listening on port 60786
1508024244626	Marionette	WARN	TLS certificate errors will be ignored for this session
1508024245056	Marionette	DEBUG	loaded listener.js
1508024245125	Marionette	DEBUG	Received DOM event "beforeunload" for "about:blank"
2017-10-14 18:37:25.231 plugin-container[26376:4361373] *** CFMessagePort: bootstrap_register(): failed 1100 (0x44c) 'Permission denied', port = 0x913b, name = 'com.apple.tsm.portname'
See /usr/include/servers/bootstrap_defs.h for the error codes.
2017-10-14 18:37:25.239 plugin-container[26376:4361373] *** CFMessagePort: bootstrap_register(): failed 1100 (0x44c) 'Permission denied', port = 0x9503, name = 'com.apple.CFPasteboardClient'
See /usr/include/servers/bootstrap_defs.h for the error codes.
1508024246082	Marionette	DEBUG	Received DOM event "pagehide" for "about:blank"
1508024246082	Marionette	DEBUG	Received DOM event "unload" for "about:blank"
1508024247431	Marionette	DEBUG	Received DOM event "DOMContentLoaded" for "http://letskodeit.teachable.com/p/practice"
1508024247561	Marionette	DEBUG	Received DOM event "pageshow" for "http://letskodeit.teachable.com/p/practice"
1508024247954	Marionette	DEBUG	Received DOM event "DOMContentLoaded" for "about:blank"
1508024247966	Marionette	DEBUG	Received DOM event "pageshow" for "about:blank"
1508024248059	Marionette	DEBUG	Received DOM event "DOMContentLoaded" for "https://dialog.filestackapi.com/dialog/comm_iframe/"
1508024248062	Marionette	DEBUG	Received DOM event "pageshow" for "https://dialog.filestackapi.com/dialog/comm_iframe/"
1508024248064	Marionette	DEBUG	Received DOM event "DOMContentLoaded" for "https://www.filestackapi.com/dialog/comm_iframe/"
1508024248066	Marionette	DEBUG	Received DOM event "pageshow" for "https://www.filestackapi.com/dialog/comm_iframe/"
1508024248402	Marionette	DEBUG	Received DOM event "pageshow" for "http://letskodeit.teachable.com/p/practice"
1508024273808	geckodriver	INFO	Listening on 127.0.0.1:60981
1508024274860	geckodriver::marionette	INFO	Starting browser /Applications/Firefox.app/Contents/MacOS/firefox-bin with args ["-marionette"]
1508024277103	Marionette	INFO	Listening on port 60994
1508024277197	Marionette	WARN	TLS certificate errors will be ignored for this session
1508024277436	Marionette	DEBUG	loaded listener.js
1508024277473	Marionette	DEBUG	Received DOM event "beforeunload" for "about:blank"
2017-10-14 18:37:57.551 plugin-container[26390:4362525] *** CFMessagePort: bootstrap_register(): failed 1100 (0x44c) 'Permission denied', port = 0x913b, name = 'com.apple.tsm.portname'
See /usr/include/servers/bootstrap_defs.h for the error codes.
2017-10-14 18:37:57.557 plugin-container[26390:4362525] *** CFMessagePort: bootstrap_register(): failed 1100 (0x44c) 'Permission denied', port = 0x9503, name = 'com.apple.CFPasteboardClient'
See /usr/include/servers/bootstrap_defs.h for the error codes.
1508024278153	Marionette	DEBUG	Received DOM event "pagehide" for "about:blank"
1508024278154	Marionette	DEBUG	Received DOM event "unload" for "about:blank"
1508024278995	Marionette	DEBUG	Received DOM event "DOMContentLoaded" for "http://letskodeit.teachable.com/p/practice"
1508024279164	Marionette	DEBUG	Received DOM event "pageshow" for "http://letskodeit.teachable.com/p/practice"
1508024279219	Marionette	DEBUG	Received DOM event "DOMContentLoaded" for "about:blank"
1508024279221	Marionette	DEBUG	Received DOM event "pageshow" for "about:blank"
1508024279440	Marionette	DEBUG	Received DOM event "DOMContentLoaded" for "https://www.filestackapi.com/dialog/comm_iframe/"
1508024279447	Marionette	DEBUG	Received DOM event "pageshow" for "https://www.filestackapi.com/dialog/comm_iframe/"
1508024279449	Marionette	DEBUG	Received DOM event "DOMContentLoaded" for "https://dialog.filestackapi.com/dialog/comm_iframe/"
1508024279451	Marionette	DEBUG	Received DOM event "pageshow" for "https://dialog.filestackapi.com/dialog/comm_iframe/"
1508024279644	Marionette	DEBUG	Received DOM event "pageshow" for "http://letskodeit.teachable.com/p/practice"
*************************
A coding exception was thrown and uncaught in a Task.

Full message: TypeError: NetworkError when attempting to fetch resource.
Full stack: 
*************************
1508025931679	Marionette	INFO	Ceased listening
1508121901847	geckodriver	INFO	Listening on 127.0.0.1:56951
1508121902884	geckodriver::marionette	INFO	Starting browser /Applications/Firefox.app/Contents/MacOS/firefox-bin with args ["-marionette"]
1508121905214	Marionette	INFO	Listening on port 56964
1508121905278	Marionette	WARN	TLS certificate errors will be ignored for this session
1508121905607	Marionette	DEBUG	loaded listener.js
1508121905647	Marionette	DEBUG	Received DOM event "beforeunload" for "about:blank"
2017-10-15 21:45:05.718 plugin-container[26972:4499726] *** CFMessagePort: bootstrap_register(): failed 1100 (0x44c) 'Permission denied', port = 0x913b, name = 'com.apple.tsm.portname'
See /usr/include/servers/bootstrap_defs.h for the error codes.
2017-10-15 21:45:05.721 plugin-container[26972:4499726] *** CFMessagePort: bootstrap_register(): failed 1100 (0x44c) 'Permission denied', port = 0x9503, name = 'com.apple.CFPasteboardClient'
See /usr/include/servers/bootstrap_defs.h for the error codes.
1508121906648	Marionette	DEBUG	Received DOM event "pagehide" for "about:blank"
1508121906649	Marionette	DEBUG	Received DOM event "unload" for "about:blank"
1508121907482	Marionette	DEBUG	Received DOM event "DOMContentLoaded" for "http://letskodeit.teachable.com/p/practice"
1508121907711	Marionette	DEBUG	Received DOM event "pageshow" for "http://letskodeit.teachable.com/p/practice"
1508121907793	Marionette	DEBUG	Received DOM event "DOMContentLoaded" for "about:blank"
1508121907797	Marionette	DEBUG	Received DOM event "pageshow" for "about:blank"
1508121907993	Marionette	DEBUG	Received DOM event "DOMContentLoaded" for "https://www.filestackapi.com/dialog/comm_iframe/"
1508121907995	Marionette	DEBUG	Received DOM event "pageshow" for "https://www.filestackapi.com/dialog/comm_iframe/"
1508121908016	Marionette	DEBUG	Received DOM event "DOMContentLoaded" for "https://dialog.filestackapi.com/dialog/comm_iframe/"
1508121908018	Marionette	DEBUG	Received DOM event "pageshow" for "https://dialog.filestackapi.com/dialog/comm_iframe/"
1508121908396	Marionette	DEBUG	Received DOM event "pageshow" for "http://letskodeit.teachable.com/p/practice"
1508122057973	Marionette	INFO	Ceased listening
