1505170671739	geckodriver	INFO	Listening on 127.0.0.1:55179
1505170672775	geckodriver::marionette	INFO	Starting browser /Applications/Firefox.app/Contents/MacOS/firefox-bin with args ["-marionette"]
1505170673055	addons.xpi	WARN	Error parsing extensions state: [Exception... "Component returned failure code: 0x80520012 (NS_ERROR_FILE_NOT_FOUND) [amIAddonManagerStartup.readStartupData]"  nsresult: "0x80520012 (NS_ERROR_FILE_NOT_FOUND)"  location: "JS frame :: resource://gre/modules/addons/XPIProvider.jsm :: loadExtensionState :: line 1596"  data: no] Stack trace: loadExtensionState()@resource://gre/modules/addons/XPIProvider.jsm:1596 < getInstallState()@resource://gre/modules/addons/XPIProvider.jsm:1631 < checkForChanges()@resource://gre/modules/addons/XPIProvider.jsm:3152 < startup()@resource://gre/modules/addons/XPIProvider.jsm:2246 < callProvider()@resource://gre/modules/AddonManager.jsm:271 < _startProvider()@resource://gre/modules/AddonManager.jsm:741 < startup()@resource://gre/modules/AddonManager.jsm:908 < startup()@resource://gre/modules/AddonManager.jsm:3122 < observe()@jar:file:///Applications/Firefox.app/Contents/Resources/omni.ja!/components/addonManager.js:65
1505170673392	Marionette	INFO	Enabled via --marionette
2017-09-11 17:57:54.641 plugin-container[8579:1082411] *** CFMessagePort: bootstrap_register(): failed 1100 (0x44c) 'Permission denied', port = 0xa43b, name = 'com.apple.tsm.portname'
See /usr/include/servers/bootstrap_defs.h for the error codes.
2017-09-11 17:57:54.644 plugin-container[8579:1082411] *** CFMessagePort: bootstrap_register(): failed 1100 (0x44c) 'Permission denied', port = 0xa703, name = 'com.apple.CFPasteboardClient'
See /usr/include/servers/bootstrap_defs.h for the error codes.
1505170674861	Marionette	INFO	Listening on port 55188
JavaScript error: chrome://marionette/content/server.js, line 337: NS_ERROR_SOCKET_ADDRESS_IN_USE: Component returned failure code: 0x804b0036 (NS_ERROR_SOCKET_ADDRESS_IN_USE) [nsIServerSocket.initSpecialConnection]
1505170674965	Marionette	WARN	TLS certificate errors will be ignored for this session
1505170674996	Marionette	DEBUG	loaded listener.js
1505170675011	Marionette	DEBUG	Received DOM event "beforeunload" for "about:blank"
1505170676554	Marionette	DEBUG	Received DOM event "pagehide" for "about:blank"
1505170676555	Marionette	DEBUG	Received DOM event "unload" for "about:blank"
1505170677738	Marionette	DEBUG	Received DOM event "DOMContentLoaded" for "https://letskodeit.teachable.com/p/practice"
1505170678654	Marionette	DEBUG	Received DOM event "DOMContentLoaded" for "https://letskodeit.teachable.com/courses"
1505170679353	Marionette	DEBUG	Received DOM event "DOMContentLoaded" for "https://dialog.filestackapi.com/dialog/comm_iframe/"
1505170679360	Marionette	DEBUG	Received DOM event "pageshow" for "https://dialog.filestackapi.com/dialog/comm_iframe/"
1505170679361	Marionette	DEBUG	Received DOM event "DOMContentLoaded" for "https://dialog.filestackapi.com/dialog/comm_iframe/"
1505170679362	Marionette	DEBUG	Received DOM event "pageshow" for "https://dialog.filestackapi.com/dialog/comm_iframe/"
1505170679412	Marionette	DEBUG	Received DOM event "DOMContentLoaded" for "https://www.filestackapi.com/dialog/comm_iframe/"
1505170679414	Marionette	DEBUG	Received DOM event "pageshow" for "https://www.filestackapi.com/dialog/comm_iframe/"
1505170679414	Marionette	DEBUG	Received DOM event "DOMContentLoaded" for "https://www.filestackapi.com/dialog/comm_iframe/"
1505170679415	Marionette	DEBUG	Received DOM event "pageshow" for "https://www.filestackapi.com/dialog/comm_iframe/"
1505170679425	Marionette	DEBUG	Received DOM event "pageshow" for "https://letskodeit.teachable.com/courses"
1505170679442	Marionette	DEBUG	Received DOM event "pageshow" for "https://letskodeit.teachable.com/p/practice"
1508285827500	geckodriver	INFO	Listening on 127.0.0.1:58386
1508285828534	geckodriver::marionette	INFO	Starting browser /Applications/Firefox.app/Contents/MacOS/firefox-bin with args ["-marionette"]
1508285831009	Marionette	INFO	Listening on port 58399
1508285831103	Marionette	WARN	TLS certificate errors will be ignored for this session
1508285831354	Marionette	DEBUG	loaded listener.js
1508285831389	Marionette	DEBUG	Received DOM event "beforeunload" for "about:blank"
2017-10-17 19:17:11.444 plugin-container[27917:4653697] *** CFMessagePort: bootstrap_register(): failed 1100 (0x44c) 'Permission denied', port = 0x913b, name = 'com.apple.tsm.portname'
See /usr/include/servers/bootstrap_defs.h for the error codes.
2017-10-17 19:17:11.446 plugin-container[27917:4653697] *** CFMessagePort: bootstrap_register(): failed 1100 (0x44c) 'Permission denied', port = 0x9403, name = 'com.apple.CFPasteboardClient'
See /usr/include/servers/bootstrap_defs.h for the error codes.
1508285831892	Marionette	DEBUG	Received DOM event "pagehide" for "about:blank"
1508285831893	Marionette	DEBUG	Received DOM event "unload" for "about:blank"
1508285832701	Marionette	DEBUG	Received DOM event "DOMContentLoaded" for "https://jobs.jobvite.com/koretelematics"
1508285832785	Marionette	DEBUG	Received DOM event "pageshow" for "https://jobs.jobvite.com/koretelematics"
1508285883736	Marionette	INFO	Ceased listening
1508285886541	geckodriver	INFO	Listening on 127.0.0.1:58586
1508285887578	geckodriver::marionette	INFO	Starting browser /Applications/Firefox.app/Contents/MacOS/firefox-bin with args ["-marionette"]
1508285889796	Marionette	INFO	Listening on port 58599
1508285889898	Marionette	WARN	TLS certificate errors will be ignored for this session
1508285890125	Marionette	DEBUG	loaded listener.js
1508285890158	Marionette	DEBUG	Received DOM event "beforeunload" for "about:blank"
2017-10-17 19:18:10.218 plugin-container[27931:4655058] *** CFMessagePort: bootstrap_register(): failed 1100 (0x44c) 'Permission denied', port = 0x913b, name = 'com.apple.tsm.portname'
See /usr/include/servers/bootstrap_defs.h for the error codes.
2017-10-17 19:18:10.221 plugin-container[27931:4655058] *** CFMessagePort: bootstrap_register(): failed 1100 (0x44c) 'Permission denied', port = 0x9503, name = 'com.apple.CFPasteboardClient'
See /usr/include/servers/bootstrap_defs.h for the error codes.
1508285890592	Marionette	DEBUG	Received DOM event "pagehide" for "about:blank"
1508285890592	Marionette	DEBUG	Received DOM event "unload" for "about:blank"
1508285891384	Marionette	DEBUG	Received DOM event "DOMContentLoaded" for "https://jobs.jobvite.com/koretelematics"
1508285891441	Marionette	DEBUG	Received DOM event "pageshow" for "https://jobs.jobvite.com/koretelematics"
1508285947324	Marionette	INFO	Ceased listening
1508285999282	geckodriver	INFO	Listening on 127.0.0.1:58889
1508286000313	geckodriver::marionette	INFO	Starting browser /Applications/Firefox.app/Contents/MacOS/firefox-bin with args ["-marionette"]
1508286002550	Marionette	INFO	Listening on port 58902
1508286002637	Marionette	WARN	TLS certificate errors will be ignored for this session
1508286002871	Marionette	DEBUG	loaded listener.js
1508286002905	Marionette	DEBUG	Received DOM event "beforeunload" for "about:blank"
2017-10-17 19:20:02.971 plugin-container[27946:4656479] *** CFMessagePort: bootstrap_register(): failed 1100 (0x44c) 'Permission denied', port = 0x913b, name = 'com.apple.tsm.portname'
See /usr/include/servers/bootstrap_defs.h for the error codes.
2017-10-17 19:20:02.974 plugin-container[27946:4656479] *** CFMessagePort: bootstrap_register(): failed 1100 (0x44c) 'Permission denied', port = 0x9503, name = 'com.apple.CFPasteboardClient'
See /usr/include/servers/bootstrap_defs.h for the error codes.
1508286003405	Marionette	DEBUG	Received DOM event "pagehide" for "about:blank"
1508286003406	Marionette	DEBUG	Received DOM event "unload" for "about:blank"
1508286004229	Marionette	DEBUG	Received DOM event "DOMContentLoaded" for "https://jobs.jobvite.com/koretelematics"
1508286004281	Marionette	DEBUG	Received DOM event "pageshow" for "https://jobs.jobvite.com/koretelematics"
1508286204464	Marionette	INFO	Ceased listening
1508286206147	geckodriver	INFO	Listening on 127.0.0.1:59276
1508286207189	geckodriver::marionette	INFO	Starting browser /Applications/Firefox.app/Contents/MacOS/firefox-bin with args ["-marionette"]
1508286209490	Marionette	INFO	Listening on port 59285
1508286209592	Marionette	WARN	TLS certificate errors will be ignored for this session
1508286209842	Marionette	DEBUG	loaded listener.js
1508286209885	Marionette	DEBUG	Received DOM event "beforeunload" for "about:blank"
2017-10-17 19:23:29.947 plugin-container[27961:4658634] *** CFMessagePort: bootstrap_register(): failed 1100 (0x44c) 'Permission denied', port = 0x913b, name = 'com.apple.tsm.portname'
See /usr/include/servers/bootstrap_defs.h for the error codes.
2017-10-17 19:23:29.954 plugin-container[27961:4658634] *** CFMessagePort: bootstrap_register(): failed 1100 (0x44c) 'Permission denied', port = 0x9403, name = 'com.apple.CFPasteboardClient'
See /usr/include/servers/bootstrap_defs.h for the error codes.
1508286210886	Marionette	DEBUG	Received DOM event "pagehide" for "about:blank"
1508286210886	Marionette	DEBUG	Received DOM event "unload" for "about:blank"
1508286211734	Marionette	DEBUG	Received DOM event "DOMContentLoaded" for "https://jobs.jobvite.com/koretelematics"
1508286211786	Marionette	DEBUG	Received DOM event "pageshow" for "https://jobs.jobvite.com/koretelematics"
1508286452636	Marionette	INFO	Ceased listening
