1504236029219	geckodriver	INFO	Listening on 127.0.0.1:64248
1504236030254	geckodriver::marionette	INFO	Starting browser /Applications/Firefox.app/Contents/MacOS/firefox-bin with args ["-marionette"]
1504236032288	Marionette	INFO	Listening on port 64257
1504236032367	Marionette	WARN	TLS certificate errors will be ignored for this session
1504236032573	Marionette	DEBUG	loaded listener.js
1504236032607	Marionette	DEBUG	Received DOM event "beforeunload" for "about:blank"
2017-08-31 22:20:32.662 plugin-container[4684:479991] *** CFMessagePort: bootstrap_register(): failed 1100 (0x44c) 'Permission denied', port = 0x963b, name = 'com.apple.tsm.portname'
See /usr/include/servers/bootstrap_defs.h for the error codes.
2017-08-31 22:20:32.663 plugin-container[4684:479991] *** CFMessagePort: bootstrap_register(): failed 1100 (0x44c) 'Permission denied', port = 0x9903, name = 'com.apple.CFPasteboardClient'
See /usr/include/servers/bootstrap_defs.h for the error codes.
1504236033440	Marionette	DEBUG	Received DOM event "pagehide" for "about:blank"
1504236033440	Marionette	DEBUG	Received DOM event "unload" for "about:blank"
1504236034326	Marionette	DEBUG	Received DOM event "DOMContentLoaded" for "https://letskodeit.teachable.com/p/practice"
1504236035263	Marionette	DEBUG	Received DOM event "DOMContentLoaded" for "https://letskodeit.teachable.com/courses"
1504236035400	Marionette	DEBUG	Received DOM event "DOMContentLoaded" for "https://dialog.filestackapi.com/dialog/comm_iframe/"
1504236035408	Marionette	DEBUG	Received DOM event "pageshow" for "https://dialog.filestackapi.com/dialog/comm_iframe/"
1504236035463	Marionette	DEBUG	Received DOM event "DOMContentLoaded" for "https://www.filestackapi.com/dialog/comm_iframe/"
1504236035465	Marionette	DEBUG	Received DOM event "pageshow" for "https://www.filestackapi.com/dialog/comm_iframe/"
1504236035476	Marionette	DEBUG	Received DOM event "DOMContentLoaded" for "https://dialog.filestackapi.com/dialog/comm_iframe/"
1504236035478	Marionette	DEBUG	Received DOM event "pageshow" for "https://dialog.filestackapi.com/dialog/comm_iframe/"
1504236035479	Marionette	DEBUG	Received DOM event "DOMContentLoaded" for "https://www.filestackapi.com/dialog/comm_iframe/"
1504236035481	Marionette	DEBUG	Received DOM event "pageshow" for "https://www.filestackapi.com/dialog/comm_iframe/"
1504236035519	Marionette	DEBUG	Received DOM event "pageshow" for "https://letskodeit.teachable.com/courses"
1504236035535	Marionette	DEBUG	Received DOM event "pageshow" for "https://letskodeit.teachable.com/p/practice"
1504236043352	Marionette	INFO	Ceased listening
1504833896863	geckodriver	INFO	Listening on 127.0.0.1:51264
1504833897891	geckodriver::marionette	INFO	Starting browser /Applications/Firefox.app/Contents/MacOS/firefox-bin with args ["-marionette"]
1504833899959	Marionette	INFO	Listening on port 51273
1504833900075	Marionette	WARN	TLS certificate errors will be ignored for this session
1504833900247	Marionette	DEBUG	loaded listener.js
1504833900286	Marionette	DEBUG	Received DOM event "beforeunload" for "about:blank"
2017-09-07 20:25:00.343 plugin-container[7237:882103] *** CFMessagePort: bootstrap_register(): failed 1100 (0x44c) 'Permission denied', port = 0x953b, name = 'com.apple.tsm.portname'
See /usr/include/servers/bootstrap_defs.h for the error codes.
2017-09-07 20:25:00.346 plugin-container[7237:882103] *** CFMessagePort: bootstrap_register(): failed 1100 (0x44c) 'Permission denied', port = 0x9803, name = 'com.apple.CFPasteboardClient'
See /usr/include/servers/bootstrap_defs.h for the error codes.
1504833900816	Marionette	DEBUG	Received DOM event "pagehide" for "about:blank"
1504833900817	Marionette	DEBUG	Received DOM event "unload" for "about:blank"
JavaScript warning: https://www.wcb.mb.ca/sites/all/themes/zen/wcb/scripts/superfish/js/jquery.js, line 1: Using //@ to indicate sourceMappingURL pragmas is deprecated. Use //# instead
1504833901712	Marionette	DEBUG	Received DOM event "DOMContentLoaded" for "https://www.wcb.mb.ca/"
1504833902138	Marionette	DEBUG	Received DOM event "DOMContentLoaded" for "https://www.wcb.mb.ca/"
1504833902157	Marionette	DEBUG	Received DOM event "pageshow" for "https://www.wcb.mb.ca/"
JavaScript error: https://www.wcb.mb.ca/sites/default/files/js/js_xjqBvbgvP2WjFLc4gZByRUDWG3StGMHgdacN_IuKYFM.js, line 2621: ReferenceError: callback is not defined
1504833904696	Marionette	DEBUG	Received DOM event "pageshow" for "https://www.wcb.mb.ca/"
1504833961976	addons.productaddons	WARN	Failed downloading via XHR, status: 0, reason: error
1504833962156	Marionette	INFO	Ceased listening
1508122994103	geckodriver	INFO	Listening on 127.0.0.1:58697
1508122995131	geckodriver::marionette	INFO	Starting browser /Applications/Firefox.app/Contents/MacOS/firefox-bin with args ["-marionette"]
1508122997500	Marionette	INFO	Listening on port 58710
1508122997576	Marionette	WARN	TLS certificate errors will be ignored for this session
1508122997863	Marionette	DEBUG	loaded listener.js
1508122997899	Marionette	DEBUG	Received DOM event "beforeunload" for "about:blank"
2017-10-15 22:03:17.984 plugin-container[27007:4509728] *** CFMessagePort: bootstrap_register(): failed 1100 (0x44c) 'Permission denied', port = 0x9137, name = 'com.apple.tsm.portname'
See /usr/include/servers/bootstrap_defs.h for the error codes.
2017-10-15 22:03:17.988 plugin-container[27007:4509728] *** CFMessagePort: bootstrap_register(): failed 1100 (0x44c) 'Permission denied', port = 0x9503, name = 'com.apple.CFPasteboardClient'
See /usr/include/servers/bootstrap_defs.h for the error codes.
1508122998417	Marionette	DEBUG	Received DOM event "pagehide" for "about:blank"
1508122998418	Marionette	DEBUG	Received DOM event "unload" for "about:blank"
JavaScript warning: https://www.wcb.mb.ca/sites/all/themes/zen/wcb/scripts/superfish/js/jquery.js, line 1: Using //@ to indicate sourceMappingURL pragmas is deprecated. Use //# instead
1508122999379	Marionette	DEBUG	Received DOM event "DOMContentLoaded" for "https://www.wcb.mb.ca/"
1508122999931	Marionette	DEBUG	Received DOM event "DOMContentLoaded" for "https://www.wcb.mb.ca/"
1508122999935	Marionette	DEBUG	Received DOM event "pageshow" for "https://www.wcb.mb.ca/"
1508122999958	Marionette	DEBUG	Received observer notification "outer-window-destroyed" for "2147483653"
JavaScript error: https://www.wcb.mb.ca/sites/default/files/js/js_xjqBvbgvP2WjFLc4gZByRUDWG3StGMHgdacN_IuKYFM.js, line 2621: ReferenceError: callback is not defined
1508123001586	Marionette	DEBUG	Received DOM event "pageshow" for "https://www.wcb.mb.ca/"
2017-10-15 22:09:17.122 plugin-container[27034:4514065] *** CFMessagePort: bootstrap_register(): failed 1100 (0x44c) 'Permission denied', port = 0x9137, name = 'com.apple.tsm.portname'
See /usr/include/servers/bootstrap_defs.h for the error codes.
2017-10-15 22:09:17.124 plugin-container[27034:4514065] *** CFMessagePort: bootstrap_register(): failed 1100 (0x44c) 'Permission denied', port = 0x9407, name = 'com.apple.CFPasteboardClient'
See /usr/include/servers/bootstrap_defs.h for the error codes.
1508123587359	Marionette	INFO	Ceased listening
1508123682321	geckodriver	INFO	Listening on 127.0.0.1:60158
1508123683353	geckodriver::marionette	INFO	Starting browser /Applications/Firefox.app/Contents/MacOS/firefox-bin with args ["-marionette"]
1508123685839	Marionette	INFO	Listening on port 60171
1508123685916	Marionette	WARN	TLS certificate errors will be ignored for this session
1508123686191	Marionette	DEBUG	loaded listener.js
1508123686245	Marionette	DEBUG	Received DOM event "beforeunload" for "about:blank"
2017-10-15 22:14:46.303 plugin-container[27060:4519515] *** CFMessagePort: bootstrap_register(): failed 1100 (0x44c) 'Permission denied', port = 0x913b, name = 'com.apple.tsm.portname'
See /usr/include/servers/bootstrap_defs.h for the error codes.
2017-10-15 22:14:46.307 plugin-container[27060:4519515] *** CFMessagePort: bootstrap_register(): failed 1100 (0x44c) 'Permission denied', port = 0x9403, name = 'com.apple.CFPasteboardClient'
See /usr/include/servers/bootstrap_defs.h for the error codes.
1508123686902	Marionette	DEBUG	Received DOM event "pagehide" for "about:blank"
1508123686902	Marionette	DEBUG	Received DOM event "unload" for "about:blank"
1508123687778	Marionette	DEBUG	Received DOM event "DOMContentLoaded" for "https://jobs.jobvite.com/koretelematics"
1508123687793	Marionette	DEBUG	Received DOM event "pageshow" for "https://jobs.jobvite.com/koretelematics"
1508123739962	Marionette	INFO	Ceased listening
1508123746258	geckodriver	INFO	Listening on 127.0.0.1:60382
1508123747308	geckodriver::marionette	INFO	Starting browser /Applications/Firefox.app/Contents/MacOS/firefox-bin with args ["-marionette"]
1508123749611	Marionette	INFO	Listening on port 60391
1508123749675	Marionette	WARN	TLS certificate errors will be ignored for this session
1508123749944	Marionette	DEBUG	loaded listener.js
1508123749988	Marionette	DEBUG	Received DOM event "beforeunload" for "about:blank"
2017-10-15 22:15:50.041 plugin-container[27077:4520092] *** CFMessagePort: bootstrap_register(): failed 1100 (0x44c) 'Permission denied', port = 0x913b, name = 'com.apple.tsm.portname'
See /usr/include/servers/bootstrap_defs.h for the error codes.
2017-10-15 22:15:50.044 plugin-container[27077:4520092] *** CFMessagePort: bootstrap_register(): failed 1100 (0x44c) 'Permission denied', port = 0x9403, name = 'com.apple.CFPasteboardClient'
See /usr/include/servers/bootstrap_defs.h for the error codes.
1508123750483	Marionette	DEBUG	Received DOM event "pagehide" for "about:blank"
1508123750483	Marionette	DEBUG	Received DOM event "unload" for "about:blank"
1508123751253	Marionette	DEBUG	Received DOM event "DOMContentLoaded" for "https://jobs.jobvite.com/koretelematics"
1508123751329	Marionette	DEBUG	Received DOM event "pageshow" for "https://jobs.jobvite.com/koretelematics"
1508123793142	Marionette	INFO	Ceased listening
1508123797610	geckodriver	INFO	Listening on 127.0.0.1:60576
1508123798650	geckodriver::marionette	INFO	Starting browser /Applications/Firefox.app/Contents/MacOS/firefox-bin with args ["-marionette"]
1508123800961	Marionette	INFO	Listening on port 60589
1508123801067	Marionette	WARN	TLS certificate errors will be ignored for this session
1508123801300	Marionette	DEBUG	loaded listener.js
1508123801343	Marionette	DEBUG	Received DOM event "beforeunload" for "about:blank"
2017-10-15 22:16:41.411 plugin-container[27093:4521365] *** CFMessagePort: bootstrap_register(): failed 1100 (0x44c) 'Permission denied', port = 0x913b, name = 'com.apple.tsm.portname'
See /usr/include/servers/bootstrap_defs.h for the error codes.
2017-10-15 22:16:41.415 plugin-container[27093:4521365] *** CFMessagePort: bootstrap_register(): failed 1100 (0x44c) 'Permission denied', port = 0x9503, name = 'com.apple.CFPasteboardClient'
See /usr/include/servers/bootstrap_defs.h for the error codes.
1508123801815	Marionette	DEBUG	Received DOM event "pagehide" for "about:blank"
1508123801816	Marionette	DEBUG	Received DOM event "unload" for "about:blank"
1508123802688	Marionette	DEBUG	Received DOM event "DOMContentLoaded" for "https://jobs.jobvite.com/koretelematics"
1508123802704	Marionette	DEBUG	Received DOM event "pageshow" for "https://jobs.jobvite.com/koretelematics"
*************************
A coding exception was thrown and uncaught in a Task.

Full message: TypeError: NetworkError when attempting to fetch resource.
Full stack: 
*************************
1508279232891	Marionette	INFO	Ceased listening
1508279358414	geckodriver	INFO	Listening on 127.0.0.1:65367
1508279359448	geckodriver::marionette	INFO	Starting browser /Applications/Firefox.app/Contents/MacOS/firefox-bin with args ["-marionette"]
1508279361755	Marionette	INFO	Listening on port 65380
1508279361842	Marionette	WARN	TLS certificate errors will be ignored for this session
1508279362111	Marionette	DEBUG	loaded listener.js
1508279362153	Marionette	DEBUG	Received DOM event "beforeunload" for "about:blank"
2017-10-17 17:29:22.208 plugin-container[27597:4584185] *** CFMessagePort: bootstrap_register(): failed 1100 (0x44c) 'Permission denied', port = 0x913b, name = 'com.apple.tsm.portname'
See /usr/include/servers/bootstrap_defs.h for the error codes.
2017-10-17 17:29:22.212 plugin-container[27597:4584185] *** CFMessagePort: bootstrap_register(): failed 1100 (0x44c) 'Permission denied', port = 0x9403, name = 'com.apple.CFPasteboardClient'
See /usr/include/servers/bootstrap_defs.h for the error codes.
1508279362884	Marionette	DEBUG	Received DOM event "pagehide" for "about:blank"
1508279362884	Marionette	DEBUG	Received DOM event "unload" for "about:blank"
1508279363816	Marionette	DEBUG	Received DOM event "DOMContentLoaded" for "https://jobs.jobvite.com/koretelematics"
1508279363838	Marionette	DEBUG	Received DOM event "pageshow" for "https://jobs.jobvite.com/koretelematics"
1508279413249	Marionette	INFO	Ceased listening
1508279415361	geckodriver	INFO	Listening on 127.0.0.1:49207
1508279416392	geckodriver::marionette	INFO	Starting browser /Applications/Firefox.app/Contents/MacOS/firefox-bin with args ["-marionette"]
1508279418631	Marionette	INFO	Listening on port 49220
1508279418720	Marionette	WARN	TLS certificate errors will be ignored for this session
1508279418945	Marionette	DEBUG	loaded listener.js
1508279418979	Marionette	DEBUG	Received DOM event "beforeunload" for "about:blank"
2017-10-17 17:30:19.054 plugin-container[27613:4585159] *** CFMessagePort: bootstrap_register(): failed 1100 (0x44c) 'Permission denied', port = 0x913b, name = 'com.apple.tsm.portname'
See /usr/include/servers/bootstrap_defs.h for the error codes.
2017-10-17 17:30:19.058 plugin-container[27613:4585159] *** CFMessagePort: bootstrap_register(): failed 1100 (0x44c) 'Permission denied', port = 0x9403, name = 'com.apple.CFPasteboardClient'
See /usr/include/servers/bootstrap_defs.h for the error codes.
1508279419424	Marionette	DEBUG	Received DOM event "pagehide" for "about:blank"
1508279419425	Marionette	DEBUG	Received DOM event "unload" for "about:blank"
1508279420248	Marionette	DEBUG	Received DOM event "DOMContentLoaded" for "https://jobs.jobvite.com/koretelematics"
1508279420432	Marionette	DEBUG	Received DOM event "pageshow" for "https://jobs.jobvite.com/koretelematics"
1508279463800	Marionette	INFO	Ceased listening
1508279552049	geckodriver	INFO	Listening on 127.0.0.1:49583
1508279553085	geckodriver::marionette	INFO	Starting browser /Applications/Firefox.app/Contents/MacOS/firefox-bin with args ["-marionette"]
1508279555273	Marionette	INFO	Listening on port 49596
1508279555337	Marionette	WARN	TLS certificate errors will be ignored for this session
1508279555612	Marionette	DEBUG	loaded listener.js
1508279555646	Marionette	DEBUG	Received DOM event "beforeunload" for "about:blank"
2017-10-17 17:32:35.712 plugin-container[27660:4586145] *** CFMessagePort: bootstrap_register(): failed 1100 (0x44c) 'Permission denied', port = 0x913b, name = 'com.apple.tsm.portname'
See /usr/include/servers/bootstrap_defs.h for the error codes.
2017-10-17 17:32:35.718 plugin-container[27660:4586145] *** CFMessagePort: bootstrap_register(): failed 1100 (0x44c) 'Permission denied', port = 0x9403, name = 'com.apple.CFPasteboardClient'
See /usr/include/servers/bootstrap_defs.h for the error codes.
1508279556151	Marionette	DEBUG	Received DOM event "pagehide" for "about:blank"
1508279556152	Marionette	DEBUG	Received DOM event "unload" for "about:blank"
1508279556991	Marionette	DEBUG	Received DOM event "DOMContentLoaded" for "https://jobs.jobvite.com/koretelematics"
1508279557051	Marionette	DEBUG	Received DOM event "pageshow" for "https://jobs.jobvite.com/koretelematics"
1508280793230	geckodriver	INFO	Listening on 127.0.0.1:50209
1508280794258	geckodriver::marionette	INFO	Starting browser /Applications/Firefox.app/Contents/MacOS/firefox-bin with args ["-marionette"]
1508280796738	Marionette	INFO	Listening on port 50222
1508280796804	Marionette	WARN	TLS certificate errors will be ignored for this session
1508280797070	Marionette	DEBUG	loaded listener.js
1508280797104	Marionette	DEBUG	Received DOM event "beforeunload" for "about:blank"
2017-10-17 17:53:17.177 plugin-container[27687:4590990] *** CFMessagePort: bootstrap_register(): failed 1100 (0x44c) 'Permission denied', port = 0x913b, name = 'com.apple.tsm.portname'
See /usr/include/servers/bootstrap_defs.h for the error codes.
2017-10-17 17:53:17.178 plugin-container[27687:4590990] *** CFMessagePort: bootstrap_register(): failed 1100 (0x44c) 'Permission denied', port = 0x9403, name = 'com.apple.CFPasteboardClient'
See /usr/include/servers/bootstrap_defs.h for the error codes.
1508280797620	Marionette	DEBUG	Received DOM event "pagehide" for "about:blank"
1508280797621	Marionette	DEBUG	Received DOM event "unload" for "about:blank"
1508280798438	Marionette	DEBUG	Received DOM event "DOMContentLoaded" for "https://jobs.jobvite.com/koretelematics"
1508280798451	Marionette	DEBUG	Received DOM event "pageshow" for "https://jobs.jobvite.com/koretelematics"
1508280946847	Marionette	INFO	Ceased listening
1508280949861	Marionette	INFO	Ceased listening
