1509212608041	geckodriver	INFO	Listening on 127.0.0.1:51381
1509212609101	geckodriver::marionette	INFO	Starting browser /Applications/Firefox.app/Contents/MacOS/firefox-bin with args ["-marionette"]
1509212612329	Marionette	INFO	Listening on port 51392
1509212612431	Marionette	WARN	TLS certificate errors will be ignored for this session
1509212612864	Marionette	DEBUG	loaded listener.js
1509212612923	Marionette	DEBUG	Received DOM event "beforeunload" for "about:blank"
2017-10-28 12:43:33.026 plugin-container[5948:1335649] *** CFMessagePort: bootstrap_register(): failed 1100 (0x44c) 'Permission denied', port = 0x913b, name = 'com.apple.tsm.portname'
See /usr/include/servers/bootstrap_defs.h for the error codes.
2017-10-28 12:43:33.037 plugin-container[5948:1335649] *** CFMessagePort: bootstrap_register(): failed 1100 (0x44c) 'Permission denied', port = 0x9403, name = 'com.apple.CFPasteboardClient'
See /usr/include/servers/bootstrap_defs.h for the error codes.
1509212613529	Marionette	DEBUG	Received DOM event "pagehide" for "about:blank"
1509212613529	Marionette	DEBUG	Received DOM event "unload" for "about:blank"
1509212615294	Marionette	DEBUG	Received DOM event "DOMContentLoaded" for "https://letskodeit.teachable.com/"
1509212616075	Marionette	DEBUG	Received DOM event "DOMContentLoaded" for "https://www.filestackapi.com/dialog/comm_iframe/"
1509212616082	Marionette	DEBUG	Received DOM event "pageshow" for "https://www.filestackapi.com/dialog/comm_iframe/"
1509212616085	Marionette	DEBUG	Received DOM event "DOMContentLoaded" for "https://dialog.filestackapi.com/dialog/comm_iframe/"
1509212616087	Marionette	DEBUG	Received DOM event "pageshow" for "https://dialog.filestackapi.com/dialog/comm_iframe/"
1509212616804	Marionette	DEBUG	Received DOM event "pageshow" for "https://letskodeit.teachable.com/"
1509212617226	Marionette	DEBUG	Received DOM event "beforeunload" for "https://letskodeit.teachable.com/"
1509212617609	Marionette	DEBUG	Received DOM event "pagehide" for "https://letskodeit.teachable.com/"
1509212617609	Marionette	DEBUG	Received DOM event "unload" for "https://letskodeit.teachable.com/"
1509212618617	Marionette	DEBUG	Received DOM event "DOMContentLoaded" for "https://sso.teachable.com/secure/42299/users/sign_in?clean_login=true&reset_purchase_session=1"
1509212618795	Marionette	DEBUG	Received observer notification "outer-window-destroyed" for "2147483659"
1509212618801	Marionette	DEBUG	Received observer notification "outer-window-destroyed" for "2147483657"
1509212618804	Marionette	DEBUG	Received observer notification "outer-window-destroyed" for "2147483653"
1509212618806	Marionette	DEBUG	Received observer notification "outer-window-destroyed" for "2147483654"
1509212619091	Marionette	DEBUG	Received DOM event "DOMContentLoaded" for "https://dialog.filestackapi.com/dialog/comm_iframe/"
1509212619093	Marionette	DEBUG	Received DOM event "pageshow" for "https://dialog.filestackapi.com/dialog/comm_iframe/"
1509212619095	Marionette	DEBUG	Received DOM event "DOMContentLoaded" for "https://www.filestackapi.com/dialog/comm_iframe/"
1509212619096	Marionette	DEBUG	Received DOM event "pageshow" for "https://www.filestackapi.com/dialog/comm_iframe/"
1509212619134	Marionette	DEBUG	Received DOM event "pageshow" for "https://sso.teachable.com/secure/42299/users/sign_in?clean_login=true&reset_purchase_session=1"
*************************
A coding exception was thrown and uncaught in a Task.

Full message: TypeError: NetworkError when attempting to fetch resource.
Full stack: 
*************************
JavaScript error: , line 0: uncaught exception: undefined
2017-10-29 15:17:58.323 plugin-container[6647:1543145] *** CFMessagePort: bootstrap_register(): failed 1100 (0x44c) 'Permission denied', port = 0x913b, name = 'com.apple.tsm.portname'
See /usr/include/servers/bootstrap_defs.h for the error codes.
2017-10-29 15:17:58.327 plugin-container[6647:1543145] *** CFMessagePort: bootstrap_register(): failed 1100 (0x44c) 'Permission denied', port = 0x9403, name = 'com.apple.CFPasteboardClient'
See /usr/include/servers/bootstrap_defs.h for the error codes.
2017-10-29 17:29:20.833 plugin-container[6731:1596391] *** CFMessagePort: bootstrap_register(): failed 1100 (0x44c) 'Permission denied', port = 0x913b, name = 'com.apple.tsm.portname'
See /usr/include/servers/bootstrap_defs.h for the error codes.
2017-10-29 17:29:20.837 plugin-container[6731:1596391] *** CFMessagePort: bootstrap_register(): failed 1100 (0x44c) 'Permission denied', port = 0x9403, name = 'com.apple.CFPasteboardClient'
See /usr/include/servers/bootstrap_defs.h for the error codes.
1509316174114	Marionette	INFO	Ceased listening
1509484178748	geckodriver	INFO	Listening on 127.0.0.1:65369
1509484179795	geckodriver::marionette	INFO	Starting browser /Applications/Firefox.app/Contents/MacOS/firefox-bin with args ["-marionette"]
1509484182447	Marionette	INFO	Listening on port 65378
1509484182581	Marionette	WARN	TLS certificate errors will be ignored for this session
1509484182868	Marionette	DEBUG	loaded listener.js
1509484182912	Marionette	DEBUG	Received DOM event "beforeunload" for "about:blank"
2017-10-31 16:09:42.989 plugin-container[7825:1898053] *** CFMessagePort: bootstrap_register(): failed 1100 (0x44c) 'Permission denied', port = 0x913f, name = 'com.apple.tsm.portname'
See /usr/include/servers/bootstrap_defs.h for the error codes.
2017-10-31 16:09:42.994 plugin-container[7825:1898053] *** CFMessagePort: bootstrap_register(): failed 1100 (0x44c) 'Permission denied', port = 0x9403, name = 'com.apple.CFPasteboardClient'
See /usr/include/servers/bootstrap_defs.h for the error codes.
1509484183692	Marionette	DEBUG	Received DOM event "pagehide" for "about:blank"
1509484183693	Marionette	DEBUG	Received DOM event "unload" for "about:blank"
1509484184612	Marionette	DEBUG	Received DOM event "DOMContentLoaded" for "https://letskodeit.teachable.com/"
1509484185207	Marionette	DEBUG	Received DOM event "DOMContentLoaded" for "https://dialog.filestackapi.com/dialog/comm_iframe/"
1509484185215	Marionette	DEBUG	Received DOM event "pageshow" for "https://dialog.filestackapi.com/dialog/comm_iframe/"
1509484185230	Marionette	DEBUG	Received DOM event "DOMContentLoaded" for "https://www.filestackapi.com/dialog/comm_iframe/"
1509484185234	Marionette	DEBUG	Received DOM event "pageshow" for "https://www.filestackapi.com/dialog/comm_iframe/"
1509484186001	Marionette	DEBUG	Received DOM event "pageshow" for "https://letskodeit.teachable.com/"
1509484186363	Marionette	DEBUG	Canceled page load listener because no navigation has been detected
*************************
A coding exception was thrown and uncaught in a Task.

Full message: TypeError: NetworkError when attempting to fetch resource.
Full stack: 
*************************
1509486541223	Marionette	INFO	Ceased listening
1511215908663	geckodriver	INFO	Listening on 127.0.0.1:58684
1511215909687	geckodriver::marionette	INFO	Starting browser /Applications/Firefox.app/Contents/MacOS/firefox-bin with args ["-marionette"]
1511215911844	Marionette	INFO	Listening on port 58693
1511215911910	Marionette	WARN	TLS certificate errors will be ignored for this session
1511215912136	Marionette	DEBUG	loaded listener.js
1511215912166	Marionette	DEBUG	Received DOM event "beforeunload" for "about:blank"
2017-11-20 16:11:52.225 plugin-container[4760:648325] *** CFMessagePort: bootstrap_register(): failed 1100 (0x44c) 'Permission denied', port = 0x9133, name = 'com.apple.tsm.portname'
See /usr/include/servers/bootstrap_defs.h for the error codes.
2017-11-20 16:11:52.227 plugin-container[4760:648325] *** CFMessagePort: bootstrap_register(): failed 1100 (0x44c) 'Permission denied', port = 0x9403, name = 'com.apple.CFPasteboardClient'
See /usr/include/servers/bootstrap_defs.h for the error codes.
1511215912753	Marionette	DEBUG	Received DOM event "pagehide" for "about:blank"
1511215912754	Marionette	DEBUG	Received DOM event "unload" for "about:blank"
1511215913599	Marionette	DEBUG	Received DOM event "DOMContentLoaded" for "https://letskodeit.teachable.com/"
1511215915075	Marionette	DEBUG	Received DOM event "DOMContentLoaded" for "https://dialog.filestackapi.com/dialog/comm_iframe/"
1511215915079	Marionette	DEBUG	Received DOM event "pageshow" for "https://dialog.filestackapi.com/dialog/comm_iframe/"
1511215915102	Marionette	DEBUG	Received DOM event "DOMContentLoaded" for "https://www.filestackapi.com/dialog/comm_iframe/"
1511215915106	Marionette	DEBUG	Received DOM event "pageshow" for "https://www.filestackapi.com/dialog/comm_iframe/"
1511215915741	Marionette	DEBUG	Received DOM event "pageshow" for "https://letskodeit.teachable.com/"
1511215915870	Marionette	DEBUG	Received DOM event "pagehide" for "https://letskodeit.teachable.com/"
1511215915873	Marionette	DEBUG	Received DOM event "pagehide" for "https://letskodeit.teachable.com/"
1511215915995	Marionette	DEBUG	Received DOM event "beforeunload" for "https://letskodeit.teachable.com/"
1511215916422	Marionette	DEBUG	Received DOM event "pagehide" for "https://letskodeit.teachable.com/"
1511215916422	Marionette	DEBUG	Received DOM event "unload" for "https://letskodeit.teachable.com/"
1511215916967	Marionette	DEBUG	Received DOM event "DOMContentLoaded" for "https://sso.teachable.com/secure/42299/users/sign_in?clean_login=true&reset_purchase_session=1"
1511215917111	Marionette	DEBUG	Received observer notification "outer-window-destroyed" for "2147483660"
1511215917114	Marionette	DEBUG	Received observer notification "outer-window-destroyed" for "2147483658"
1511215917116	Marionette	DEBUG	Received observer notification "outer-window-destroyed" for "2147483653"
1511215917118	Marionette	DEBUG	Received observer notification "outer-window-destroyed" for "2147483654"
1511215917208	Marionette	DEBUG	Received DOM event "DOMContentLoaded" for "https://dialog.filestackapi.com/dialog/comm_iframe/"
1511215917210	Marionette	DEBUG	Received DOM event "pageshow" for "https://dialog.filestackapi.com/dialog/comm_iframe/"
1511215917213	Marionette	DEBUG	Received DOM event "DOMContentLoaded" for "https://www.filestackapi.com/dialog/comm_iframe/"
1511215917215	Marionette	DEBUG	Received DOM event "pageshow" for "https://www.filestackapi.com/dialog/comm_iframe/"
1511215917451	Marionette	DEBUG	Received DOM event "pageshow" for "https://sso.teachable.com/secure/42299/users/sign_in?clean_login=true&reset_purchase_session=1"
*************************
A coding exception was thrown and uncaught in a Task.

Full message: TypeError: NetworkError when attempting to fetch resource.
Full stack: 
*************************
IPDL protocol error: Handler returned error code!

###!!! [Parent][DispatchAsyncMessage] Error: PLayerTransaction::Msg_ReleaseLayer Processing error: message was deserialized, but the handler returned false (indicating failure)

*************************
A coding exception was thrown and uncaught in a Task.

Full message: TypeError: NetworkError when attempting to fetch resource.
Full stack: 
*************************
2017-11-22 18:49:22.539 plugin-container[6471:1063199] *** CFMessagePort: bootstrap_register(): failed 1100 (0x44c) 'Permission denied', port = 0x913b, name = 'com.apple.tsm.portname'
See /usr/include/servers/bootstrap_defs.h for the error codes.
2017-11-22 18:49:22.542 plugin-container[6471:1063199] *** CFMessagePort: bootstrap_register(): failed 1100 (0x44c) 'Permission denied', port = 0x9403, name = 'com.apple.CFPasteboardClient'
See /usr/include/servers/bootstrap_defs.h for the error codes.
2017-11-23 11:36:06.396 plugin-container[6958:1158891] *** CFMessagePort: bootstrap_register(): failed 1100 (0x44c) 'Permission denied', port = 0x913b, name = 'com.apple.tsm.portname'
See /usr/include/servers/bootstrap_defs.h for the error codes.
2017-11-23 11:36:06.399 plugin-container[6958:1158891] *** CFMessagePort: bootstrap_register(): failed 1100 (0x44c) 'Permission denied', port = 0x9403, name = 'com.apple.CFPasteboardClient'
See /usr/include/servers/bootstrap_defs.h for the error codes.
1511458575890	Marionette	INFO	Ceased listening
