1509486432673	geckodriver	INFO	Listening on 127.0.0.1:49271
1509486433723	geckodriver::marionette	INFO	Starting browser /Applications/Firefox.app/Contents/MacOS/firefox-bin with args ["-marionette"]
1509486435929	Marionette	INFO	Listening on port 49280
1509486435994	Marionette	WARN	TLS certificate errors will be ignored for this session
1509486436267	Marionette	DEBUG	loaded listener.js
1509486436303	Marionette	DEBUG	Received DOM event "beforeunload" for "about:blank"
2017-10-31 16:47:16.374 plugin-container[7872:1914224] *** CFMessagePort: bootstrap_register(): failed 1100 (0x44c) 'Permission denied', port = 0x913b, name = 'com.apple.tsm.portname'
See /usr/include/servers/bootstrap_defs.h for the error codes.
2017-10-31 16:47:16.378 plugin-container[7872:1914224] *** CFMessagePort: bootstrap_register(): failed 1100 (0x44c) 'Permission denied', port = 0x9403, name = 'com.apple.CFPasteboardClient'
See /usr/include/servers/bootstrap_defs.h for the error codes.
1509486436971	Marionette	DEBUG	Received DOM event "pagehide" for "about:blank"
1509486436971	Marionette	DEBUG	Received DOM event "unload" for "about:blank"
1509486437161	Marionette	DEBUG	Received DOM event "DOMContentLoaded" for "https://www.google.ca/?gfe_rd=cr&dcr=0&ei=ZO_4Wd-vFMPF8gfe-6PABg&gws_rd=ssl"
1509486437840	Marionette	DEBUG	Received observer notification "outer-window-destroyed" for "2147483653"
1509486437852	Marionette	DEBUG	Received DOM event "DOMContentLoaded" for "https://www.google.ca/?gfe_rd=cr&dcr=0&ei=ZO_4Wd-vFMPF8gfe-6PABg&gws_rd=ssl"
1509486437861	Marionette	DEBUG	Received DOM event "pageshow" for "https://www.google.ca/?gfe_rd=cr&dcr=0&ei=ZO_4Wd-vFMPF8gfe-6PABg&gws_rd=ssl"
1509486438242	Marionette	DEBUG	Received DOM event "pageshow" for "https://www.google.ca/?gfe_rd=cr&dcr=0&ei=ZO_4Wd-vFMPF8gfe-6PABg&gws_rd=ssl"
IPDL protocol error: Handler returned error code!

###!!! [Parent][DispatchAsyncMessage] Error: PLayerTransaction::Msg_ReleaseLayer Processing error: message was deserialized, but the handler returned false (indicating failure)

1509486538050	Marionette	INFO	Ceased listening
