1504833967300	geckodriver	INFO	Listening on 127.0.0.1:51434
1504833967343	geckodriver::marionette	INFO	Starting browser /Applications/Firefox.app/Contents/MacOS/firefox-bin with args ["-marionette"]
1504833969439	Marionette	INFO	Listening on port 51441
1504833969552	Marionette	WARN	TLS certificate errors will be ignored for this session
1504833969763	Marionette	DEBUG	loaded listener.js
1504833969796	Marionette	DEBUG	Received DOM event "beforeunload" for "about:blank"
2017-09-07 20:26:09.864 plugin-container[7251:882769] *** CFMessagePort: bootstrap_register(): failed 1100 (0x44c) 'Permission denied', port = 0x963b, name = 'com.apple.tsm.portname'
See /usr/include/servers/bootstrap_defs.h for the error codes.
2017-09-07 20:26:09.871 plugin-container[7251:882769] *** CFMessagePort: bootstrap_register(): failed 1100 (0x44c) 'Permission denied', port = 0x9903, name = 'com.apple.CFPasteboardClient'
See /usr/include/servers/bootstrap_defs.h for the error codes.
1504833970716	Marionette	DEBUG	Received DOM event "pagehide" for "about:blank"
1504833970716	Marionette	DEBUG	Received DOM event "unload" for "about:blank"
1504833971601	Marionette	DEBUG	Received DOM event "DOMContentLoaded" for "https://letskodeit.teachable.com/p/practice"
1504833972504	Marionette	DEBUG	Received DOM event "DOMContentLoaded" for "https://letskodeit.teachable.com/courses"
1504833972665	Marionette	DEBUG	Received DOM event "DOMContentLoaded" for "https://dialog.filestackapi.com/dialog/comm_iframe/"
1504833972671	Marionette	DEBUG	Received DOM event "pageshow" for "https://dialog.filestackapi.com/dialog/comm_iframe/"
1504833972672	Marionette	DEBUG	Received DOM event "DOMContentLoaded" for "https://www.filestackapi.com/dialog/comm_iframe/"
1504833972674	Marionette	DEBUG	Received DOM event "pageshow" for "https://www.filestackapi.com/dialog/comm_iframe/"
1504833972744	Marionette	DEBUG	Received DOM event "DOMContentLoaded" for "https://dialog.filestackapi.com/dialog/comm_iframe/"
1504833972746	Marionette	DEBUG	Received DOM event "pageshow" for "https://dialog.filestackapi.com/dialog/comm_iframe/"
1504833972749	Marionette	DEBUG	Received DOM event "DOMContentLoaded" for "https://www.filestackapi.com/dialog/comm_iframe/"
1504833972751	Marionette	DEBUG	Received DOM event "pageshow" for "https://www.filestackapi.com/dialog/comm_iframe/"
1504833973344	Marionette	DEBUG	Received DOM event "pageshow" for "https://letskodeit.teachable.com/courses"
1504833973359	Marionette	DEBUG	Received DOM event "pageshow" for "https://letskodeit.teachable.com/p/practice"
1504834021029	Marionette	INFO	Ceased listening
1504992920210	geckodriver	INFO	Listening on 127.0.0.1:52765
1504992921233	geckodriver::marionette	INFO	Starting browser /Applications/Firefox.app/Contents/MacOS/firefox-bin with args ["-marionette"]
1504992922038	addons.xpi	WARN	Error parsing extensions state: [Exception... "Component returned failure code: 0x80520012 (NS_ERROR_FILE_NOT_FOUND) [amIAddonManagerStartup.readStartupData]"  nsresult: "0x80520012 (NS_ERROR_FILE_NOT_FOUND)"  location: "JS frame :: resource://gre/modules/addons/XPIProvider.jsm :: loadExtensionState :: line 1596"  data: no] Stack trace: loadExtensionState()@resource://gre/modules/addons/XPIProvider.jsm:1596 < getInstallState()@resource://gre/modules/addons/XPIProvider.jsm:1631 < checkForChanges()@resource://gre/modules/addons/XPIProvider.jsm:3152 < startup()@resource://gre/modules/addons/XPIProvider.jsm:2246 < callProvider()@resource://gre/modules/AddonManager.jsm:271 < _startProvider()@resource://gre/modules/AddonManager.jsm:741 < startup()@resource://gre/modules/AddonManager.jsm:908 < startup()@resource://gre/modules/AddonManager.jsm:3122 < observe()@jar:file:///Applications/Firefox.app/Contents/Resources/omni.ja!/components/addonManager.js:65
1504992922468	Marionette	INFO	Enabled via --marionette
2017-09-09 16:35:23.838 plugin-container[7981:994013] *** CFMessagePort: bootstrap_register(): failed 1100 (0x44c) 'Permission denied', port = 0xa33b, name = 'com.apple.tsm.portname'
See /usr/include/servers/bootstrap_defs.h for the error codes.
2017-09-09 16:35:23.842 plugin-container[7981:994013] *** CFMessagePort: bootstrap_register(): failed 1100 (0x44c) 'Permission denied', port = 0xa603, name = 'com.apple.CFPasteboardClient'
See /usr/include/servers/bootstrap_defs.h for the error codes.
1504992924479	Marionette	INFO	Listening on port 52774
1504992924516	Marionette	WARN	TLS certificate errors will be ignored for this session
JavaScript error: chrome://marionette/content/server.js, line 337: NS_ERROR_SOCKET_ADDRESS_IN_USE: Component returned failure code: 0x804b0036 (NS_ERROR_SOCKET_ADDRESS_IN_USE) [nsIServerSocket.initSpecialConnection]
1504992924589	Marionette	DEBUG	loaded listener.js
1504992924635	Marionette	DEBUG	Received DOM event "beforeunload" for "about:blank"
1504992926182	Marionette	DEBUG	Received DOM event "pagehide" for "about:blank"
1504992926182	Marionette	DEBUG	Received DOM event "unload" for "about:blank"
1504992928192	Marionette	DEBUG	Received DOM event "DOMContentLoaded" for "https://letskodeit.teachable.com/p/practice"
1504992929959	Marionette	DEBUG	Received DOM event "DOMContentLoaded" for "https://www.filestackapi.com/dialog/comm_iframe/"
1504992929967	Marionette	DEBUG	Received DOM event "pageshow" for "https://www.filestackapi.com/dialog/comm_iframe/"
1504992929967	Marionette	DEBUG	Received DOM event "DOMContentLoaded" for "https://dialog.filestackapi.com/dialog/comm_iframe/"
1504992929969	Marionette	DEBUG	Received DOM event "pageshow" for "https://dialog.filestackapi.com/dialog/comm_iframe/"
1504992930550	Marionette	DEBUG	Received DOM event "DOMContentLoaded" for "https://letskodeit.teachable.com/courses"
1504992930905	Marionette	DEBUG	Received DOM event "DOMContentLoaded" for "https://dialog.filestackapi.com/dialog/comm_iframe/"
1504992930912	Marionette	DEBUG	Received DOM event "pageshow" for "https://dialog.filestackapi.com/dialog/comm_iframe/"
1504992930913	Marionette	DEBUG	Received DOM event "DOMContentLoaded" for "https://www.filestackapi.com/dialog/comm_iframe/"
1504992930916	Marionette	DEBUG	Received DOM event "pageshow" for "https://www.filestackapi.com/dialog/comm_iframe/"
1504992931045	Marionette	DEBUG	Received DOM event "pageshow" for "https://letskodeit.teachable.com/courses"
1504992931063	Marionette	DEBUG	Received DOM event "pageshow" for "https://letskodeit.teachable.com/p/practice"
2017-09-09 16:35:38.373 plugin-container[7982:994290] *** CFMessagePort: bootstrap_register(): failed 1100 (0x44c) 'Permission denied', port = 0xa33b, name = 'com.apple.tsm.portname'
See /usr/include/servers/bootstrap_defs.h for the error codes.
2017-09-09 16:35:38.375 plugin-container[7982:994290] *** CFMessagePort: bootstrap_register(): failed 1100 (0x44c) 'Permission denied', port = 0xa603, name = 'com.apple.CFPasteboardClient'
See /usr/include/servers/bootstrap_defs.h for the error codes.
2017-09-09 16:35:53.087 plugin-container[7986:994570] *** CFMessagePort: bootstrap_register(): failed 1100 (0x44c) 'Permission denied', port = 0xa43f, name = 'com.apple.tsm.portname'
See /usr/include/servers/bootstrap_defs.h for the error codes.
2017-09-09 16:35:53.088 plugin-container[7986:994570] *** CFMessagePort: bootstrap_register(): failed 1100 (0x44c) 'Permission denied', port = 0xa703, name = 'com.apple.CFPasteboardClient'
See /usr/include/servers/bootstrap_defs.h for the error codes.
1504994394266	geckodriver	INFO	Listening on 127.0.0.1:53131
1504994395287	geckodriver::marionette	INFO	Starting browser /Applications/Firefox.app/Contents/MacOS/firefox-bin with args ["-marionette"]
1504994395570	addons.xpi	WARN	Error parsing extensions state: [Exception... "Component returned failure code: 0x80520012 (NS_ERROR_FILE_NOT_FOUND) [amIAddonManagerStartup.readStartupData]"  nsresult: "0x80520012 (NS_ERROR_FILE_NOT_FOUND)"  location: "JS frame :: resource://gre/modules/addons/XPIProvider.jsm :: loadExtensionState :: line 1596"  data: no] Stack trace: loadExtensionState()@resource://gre/modules/addons/XPIProvider.jsm:1596 < getInstallState()@resource://gre/modules/addons/XPIProvider.jsm:1631 < checkForChanges()@resource://gre/modules/addons/XPIProvider.jsm:3152 < startup()@resource://gre/modules/addons/XPIProvider.jsm:2246 < callProvider()@resource://gre/modules/AddonManager.jsm:271 < _startProvider()@resource://gre/modules/AddonManager.jsm:741 < startup()@resource://gre/modules/AddonManager.jsm:908 < startup()@resource://gre/modules/AddonManager.jsm:3122 < observe()@jar:file:///Applications/Firefox.app/Contents/Resources/omni.ja!/components/addonManager.js:65
1504994395870	Marionette	INFO	Enabled via --marionette
2017-09-09 16:59:57.074 plugin-container[8027:1004213] *** CFMessagePort: bootstrap_register(): failed 1100 (0x44c) 'Permission denied', port = 0xa13b, name = 'com.apple.tsm.portname'
See /usr/include/servers/bootstrap_defs.h for the error codes.
2017-09-09 16:59:57.078 plugin-container[8027:1004213] *** CFMessagePort: bootstrap_register(): failed 1100 (0x44c) 'Permission denied', port = 0xa403, name = 'com.apple.CFPasteboardClient'
See /usr/include/servers/bootstrap_defs.h for the error codes.
1504994397410	Marionette	INFO	Listening on port 53140
JavaScript error: chrome://marionette/content/server.js, line 337: NS_ERROR_SOCKET_ADDRESS_IN_USE: Component returned failure code: 0x804b0036 (NS_ERROR_SOCKET_ADDRESS_IN_USE) [nsIServerSocket.initSpecialConnection]
1504994397481	Marionette	WARN	TLS certificate errors will be ignored for this session
1504994397526	Marionette	DEBUG	loaded listener.js
1504994397546	Marionette	DEBUG	Received DOM event "beforeunload" for "about:blank"
1504994399064	Marionette	DEBUG	Received DOM event "pagehide" for "about:blank"
1504994399064	Marionette	DEBUG	Received DOM event "unload" for "about:blank"
JavaScript warning: https://www.wcb.mb.ca/sites/all/themes/zen/wcb/scripts/superfish/js/jquery.js, line 1: Using //@ to indicate sourceMappingURL pragmas is deprecated. Use //# instead
1504994400521	Marionette	DEBUG	Received DOM event "DOMContentLoaded" for "https://www.wcb.mb.ca/"
JavaScript error: https://www.wcb.mb.ca/sites/default/files/js/js_xjqBvbgvP2WjFLc4gZByRUDWG3StGMHgdacN_IuKYFM.js, line 2621: ReferenceError: callback is not defined
1504994401720	Marionette	DEBUG	Received DOM event "DOMContentLoaded" for "https://www.wcb.mb.ca/"
1504994401722	Marionette	DEBUG	Received DOM event "pageshow" for "https://www.wcb.mb.ca/"
1504994402448	Marionette	DEBUG	Received DOM event "pageshow" for "https://www.wcb.mb.ca/"
2017-09-09 17:01:11.581 plugin-container[8031:1004799] *** CFMessagePort: bootstrap_register(): failed 1100 (0x44c) 'Permission denied', port = 0xa33b, name = 'com.apple.tsm.portname'
See /usr/include/servers/bootstrap_defs.h for the error codes.
2017-09-09 17:01:11.584 plugin-container[8031:1004799] *** CFMessagePort: bootstrap_register(): failed 1100 (0x44c) 'Permission denied', port = 0xa603, name = 'com.apple.CFPasteboardClient'
See /usr/include/servers/bootstrap_defs.h for the error codes.
2017-09-09 17:01:35.736 plugin-container[8033:1005099] *** CFMessagePort: bootstrap_register(): failed 1100 (0x44c) 'Permission denied', port = 0xa23b, name = 'com.apple.tsm.portname'
See /usr/include/servers/bootstrap_defs.h for the error codes.
2017-09-09 17:01:35.739 plugin-container[8033:1005099] *** CFMessagePort: bootstrap_register(): failed 1100 (0x44c) 'Permission denied', port = 0xa503, name = 'com.apple.CFPasteboardClient'
See /usr/include/servers/bootstrap_defs.h for the error codes.
1504995001786	geckodriver	INFO	Listening on 127.0.0.1:53385
1504995002820	geckodriver::marionette	INFO	Starting browser /Applications/Firefox.app/Contents/MacOS/firefox-bin with args ["-marionette"]
1504995003060	addons.xpi	WARN	Error parsing extensions state: [Exception... "Component returned failure code: 0x80520012 (NS_ERROR_FILE_NOT_FOUND) [amIAddonManagerStartup.readStartupData]"  nsresult: "0x80520012 (NS_ERROR_FILE_NOT_FOUND)"  location: "JS frame :: resource://gre/modules/addons/XPIProvider.jsm :: loadExtensionState :: line 1596"  data: no] Stack trace: loadExtensionState()@resource://gre/modules/addons/XPIProvider.jsm:1596 < getInstallState()@resource://gre/modules/addons/XPIProvider.jsm:1631 < checkForChanges()@resource://gre/modules/addons/XPIProvider.jsm:3152 < startup()@resource://gre/modules/addons/XPIProvider.jsm:2246 < callProvider()@resource://gre/modules/AddonManager.jsm:271 < _startProvider()@resource://gre/modules/AddonManager.jsm:741 < startup()@resource://gre/modules/AddonManager.jsm:908 < startup()@resource://gre/modules/AddonManager.jsm:3122 < observe()@jar:file:///Applications/Firefox.app/Contents/Resources/omni.ja!/components/addonManager.js:65
1504995003368	Marionette	INFO	Enabled via --marionette
2017-09-09 17:10:04.565 plugin-container[8068:1008799] *** CFMessagePort: bootstrap_register(): failed 1100 (0x44c) 'Permission denied', port = 0xa23f, name = 'com.apple.tsm.portname'
See /usr/include/servers/bootstrap_defs.h for the error codes.
2017-09-09 17:10:04.568 plugin-container[8068:1008799] *** CFMessagePort: bootstrap_register(): failed 1100 (0x44c) 'Permission denied', port = 0xa503, name = 'com.apple.CFPasteboardClient'
See /usr/include/servers/bootstrap_defs.h for the error codes.
1504995004730	Marionette	INFO	Listening on port 53394
JavaScript error: chrome://marionette/content/server.js, line 337: NS_ERROR_SOCKET_ADDRESS_IN_USE: Component returned failure code: 0x804b0036 (NS_ERROR_SOCKET_ADDRESS_IN_USE) [nsIServerSocket.initSpecialConnection]
1504995004796	Marionette	WARN	TLS certificate errors will be ignored for this session
1504995004828	Marionette	DEBUG	loaded listener.js
1504995004842	Marionette	DEBUG	Received DOM event "beforeunload" for "about:blank"
1504995005497	Marionette	DEBUG	Received DOM event "pagehide" for "about:blank"
1504995005498	Marionette	DEBUG	Received DOM event "unload" for "about:blank"
JavaScript warning: https://www.wcb.mb.ca/sites/all/themes/zen/wcb/scripts/superfish/js/jquery.js, line 1: Using //@ to indicate sourceMappingURL pragmas is deprecated. Use //# instead
1504995006390	Marionette	DEBUG	Received DOM event "DOMContentLoaded" for "https://www.wcb.mb.ca/"
1504995006909	Marionette	DEBUG	Received DOM event "DOMContentLoaded" for "https://www.wcb.mb.ca/"
1504995006915	Marionette	DEBUG	Received DOM event "pageshow" for "https://www.wcb.mb.ca/"
JavaScript error: https://www.wcb.mb.ca/sites/default/files/js/js_xjqBvbgvP2WjFLc4gZByRUDWG3StGMHgdacN_IuKYFM.js, line 2621: ReferenceError: callback is not defined
1504995008937	Marionette	DEBUG	Received DOM event "pageshow" for "https://www.wcb.mb.ca/"
1504995093710	geckodriver	INFO	Listening on 127.0.0.1:53568
1504995094737	geckodriver::marionette	INFO	Starting browser /Applications/Firefox.app/Contents/MacOS/firefox-bin with args ["-marionette"]
1504995094994	addons.xpi	WARN	Error parsing extensions state: [Exception... "Component returned failure code: 0x80520012 (NS_ERROR_FILE_NOT_FOUND) [amIAddonManagerStartup.readStartupData]"  nsresult: "0x80520012 (NS_ERROR_FILE_NOT_FOUND)"  location: "JS frame :: resource://gre/modules/addons/XPIProvider.jsm :: loadExtensionState :: line 1596"  data: no] Stack trace: loadExtensionState()@resource://gre/modules/addons/XPIProvider.jsm:1596 < getInstallState()@resource://gre/modules/addons/XPIProvider.jsm:1631 < checkForChanges()@resource://gre/modules/addons/XPIProvider.jsm:3152 < startup()@resource://gre/modules/addons/XPIProvider.jsm:2246 < callProvider()@resource://gre/modules/AddonManager.jsm:271 < _startProvider()@resource://gre/modules/AddonManager.jsm:741 < startup()@resource://gre/modules/AddonManager.jsm:908 < startup()@resource://gre/modules/AddonManager.jsm:3122 < observe()@jar:file:///Applications/Firefox.app/Contents/Resources/omni.ja!/components/addonManager.js:65
1504995095294	Marionette	INFO	Enabled via --marionette
2017-09-09 17:11:36.521 plugin-container[8092:1010076] *** CFMessagePort: bootstrap_register(): failed 1100 (0x44c) 'Permission denied', port = 0xa12f, name = 'com.apple.tsm.portname'
See /usr/include/servers/bootstrap_defs.h for the error codes.
2017-09-09 17:11:36.524 plugin-container[8092:1010076] *** CFMessagePort: bootstrap_register(): failed 1100 (0x44c) 'Permission denied', port = 0xa403, name = 'com.apple.CFPasteboardClient'
See /usr/include/servers/bootstrap_defs.h for the error codes.
1504995096706	Marionette	INFO	Listening on port 53577
1504995096715	Marionette	WARN	TLS certificate errors will be ignored for this session
JavaScript error: chrome://marionette/content/server.js, line 337: NS_ERROR_SOCKET_ADDRESS_IN_USE: Component returned failure code: 0x804b0036 (NS_ERROR_SOCKET_ADDRESS_IN_USE) [nsIServerSocket.initSpecialConnection]
1504995096760	Marionette	DEBUG	loaded listener.js
1504995096776	Marionette	DEBUG	Received DOM event "beforeunload" for "about:blank"
1504995097242	Marionette	DEBUG	Received DOM event "pagehide" for "about:blank"
1504995097242	Marionette	DEBUG	Received DOM event "unload" for "about:blank"
JavaScript warning: https://www.wcb.mb.ca/sites/all/themes/zen/wcb/scripts/superfish/js/jquery.js, line 1: Using //@ to indicate sourceMappingURL pragmas is deprecated. Use //# instead
1504995098245	Marionette	DEBUG	Received DOM event "DOMContentLoaded" for "https://www.wcb.mb.ca/"
1504995098967	Marionette	DEBUG	Received DOM event "DOMContentLoaded" for "https://www.wcb.mb.ca/"
1504995098974	Marionette	DEBUG	Received DOM event "pageshow" for "https://www.wcb.mb.ca/"
JavaScript error: https://www.wcb.mb.ca/sites/default/files/js/js_xjqBvbgvP2WjFLc4gZByRUDWG3StGMHgdacN_IuKYFM.js, line 2621: ReferenceError: callback is not defined
1504995100788	Marionette	DEBUG	Received DOM event "pageshow" for "https://www.wcb.mb.ca/"
1504996377246	geckodriver	INFO	Listening on 127.0.0.1:53836
1504996378275	geckodriver::marionette	INFO	Starting browser /Applications/Firefox.app/Contents/MacOS/firefox-bin with args ["-marionette"]
1504996378490	addons.xpi	WARN	Error parsing extensions state: [Exception... "Component returned failure code: 0x80520012 (NS_ERROR_FILE_NOT_FOUND) [amIAddonManagerStartup.readStartupData]"  nsresult: "0x80520012 (NS_ERROR_FILE_NOT_FOUND)"  location: "JS frame :: resource://gre/modules/addons/XPIProvider.jsm :: loadExtensionState :: line 1596"  data: no] Stack trace: loadExtensionState()@resource://gre/modules/addons/XPIProvider.jsm:1596 < getInstallState()@resource://gre/modules/addons/XPIProvider.jsm:1631 < checkForChanges()@resource://gre/modules/addons/XPIProvider.jsm:3152 < startup()@resource://gre/modules/addons/XPIProvider.jsm:2246 < callProvider()@resource://gre/modules/AddonManager.jsm:271 < _startProvider()@resource://gre/modules/AddonManager.jsm:741 < startup()@resource://gre/modules/AddonManager.jsm:908 < startup()@resource://gre/modules/AddonManager.jsm:3122 < observe()@jar:file:///Applications/Firefox.app/Contents/Resources/omni.ja!/components/addonManager.js:65
1504996378794	Marionette	INFO	Enabled via --marionette
2017-09-09 17:32:59.903 plugin-container[8119:1015237] *** CFMessagePort: bootstrap_register(): failed 1100 (0x44c) 'Permission denied', port = 0xa33b, name = 'com.apple.tsm.portname'
See /usr/include/servers/bootstrap_defs.h for the error codes.
2017-09-09 17:32:59.906 plugin-container[8119:1015237] *** CFMessagePort: bootstrap_register(): failed 1100 (0x44c) 'Permission denied', port = 0xa603, name = 'com.apple.CFPasteboardClient'
See /usr/include/servers/bootstrap_defs.h for the error codes.
1504996380133	Marionette	INFO	Listening on port 53845
JavaScript error: chrome://marionette/content/server.js, line 337: NS_ERROR_SOCKET_ADDRESS_IN_USE: Component returned failure code: 0x804b0036 (NS_ERROR_SOCKET_ADDRESS_IN_USE) [nsIServerSocket.initSpecialConnection]
1504996380247	Marionette	WARN	TLS certificate errors will be ignored for this session
1504996380282	Marionette	DEBUG	loaded listener.js
1504996380297	Marionette	DEBUG	Received DOM event "beforeunload" for "about:blank"
1504996381102	Marionette	DEBUG	Received DOM event "pagehide" for "about:blank"
1504996381102	Marionette	DEBUG	Received DOM event "unload" for "about:blank"
1504996382408	Marionette	DEBUG	Received DOM event "DOMContentLoaded" for "https://letskodeit.teachable.com/p/practice"
1504996383209	Marionette	DEBUG	Received DOM event "DOMContentLoaded" for "https://letskodeit.teachable.com/courses"
1504996383408	Marionette	DEBUG	Received DOM event "DOMContentLoaded" for "https://dialog.filestackapi.com/dialog/comm_iframe/"
1504996383411	Marionette	DEBUG	Received DOM event "pageshow" for "https://dialog.filestackapi.com/dialog/comm_iframe/"
1504996383413	Marionette	DEBUG	Received DOM event "DOMContentLoaded" for "https://www.filestackapi.com/dialog/comm_iframe/"
1504996383417	Marionette	DEBUG	Received DOM event "pageshow" for "https://www.filestackapi.com/dialog/comm_iframe/"
1504996383440	Marionette	DEBUG	Received DOM event "DOMContentLoaded" for "https://dialog.filestackapi.com/dialog/comm_iframe/"
1504996383444	Marionette	DEBUG	Received DOM event "pageshow" for "https://dialog.filestackapi.com/dialog/comm_iframe/"
1504996383444	Marionette	DEBUG	Received DOM event "DOMContentLoaded" for "https://www.filestackapi.com/dialog/comm_iframe/"
1504996383445	Marionette	DEBUG	Received DOM event "pageshow" for "https://www.filestackapi.com/dialog/comm_iframe/"
1504996383703	Marionette	DEBUG	Received DOM event "pageshow" for "https://letskodeit.teachable.com/courses"
1504996383715	Marionette	DEBUG	Received DOM event "pageshow" for "https://letskodeit.teachable.com/p/practice"
1504996481933	geckodriver	INFO	Listening on 127.0.0.1:53951
1504996482965	geckodriver::marionette	INFO	Starting browser /Applications/Firefox.app/Contents/MacOS/firefox-bin with args ["-marionette"]
1504996483194	addons.xpi	WARN	Error parsing extensions state: [Exception... "Component returned failure code: 0x80520012 (NS_ERROR_FILE_NOT_FOUND) [amIAddonManagerStartup.readStartupData]"  nsresult: "0x80520012 (NS_ERROR_FILE_NOT_FOUND)"  location: "JS frame :: resource://gre/modules/addons/XPIProvider.jsm :: loadExtensionState :: line 1596"  data: no] Stack trace: loadExtensionState()@resource://gre/modules/addons/XPIProvider.jsm:1596 < getInstallState()@resource://gre/modules/addons/XPIProvider.jsm:1631 < checkForChanges()@resource://gre/modules/addons/XPIProvider.jsm:3152 < startup()@resource://gre/modules/addons/XPIProvider.jsm:2246 < callProvider()@resource://gre/modules/AddonManager.jsm:271 < _startProvider()@resource://gre/modules/AddonManager.jsm:741 < startup()@resource://gre/modules/AddonManager.jsm:908 < startup()@resource://gre/modules/AddonManager.jsm:3122 < observe()@jar:file:///Applications/Firefox.app/Contents/Resources/omni.ja!/components/addonManager.js:65
1504996483503	Marionette	INFO	Enabled via --marionette
2017-09-09 17:34:44.646 plugin-container[8137:1016197] *** CFMessagePort: bootstrap_register(): failed 1100 (0x44c) 'Permission denied', port = 0xa13b, name = 'com.apple.tsm.portname'
See /usr/include/servers/bootstrap_defs.h for the error codes.
2017-09-09 17:34:44.651 plugin-container[8137:1016197] *** CFMessagePort: bootstrap_register(): failed 1100 (0x44c) 'Permission denied', port = 0xa403, name = 'com.apple.CFPasteboardClient'
See /usr/include/servers/bootstrap_defs.h for the error codes.
1504996484858	Marionette	INFO	Listening on port 53960
JavaScript error: chrome://marionette/content/server.js, line 337: NS_ERROR_SOCKET_ADDRESS_IN_USE: Component returned failure code: 0x804b0036 (NS_ERROR_SOCKET_ADDRESS_IN_USE) [nsIServerSocket.initSpecialConnection]
1504996484936	Marionette	WARN	TLS certificate errors will be ignored for this session
1504996484970	Marionette	DEBUG	loaded listener.js
1504996484987	Marionette	DEBUG	Received DOM event "beforeunload" for "about:blank"
1504996485436	Marionette	DEBUG	Received DOM event "pagehide" for "about:blank"
1504996485436	Marionette	DEBUG	Received DOM event "unload" for "about:blank"
JavaScript warning: https://www.wcb.mb.ca/sites/all/themes/zen/wcb/scripts/superfish/js/jquery.js, line 1: Using //@ to indicate sourceMappingURL pragmas is deprecated. Use //# instead
1504996486799	Marionette	DEBUG	Received DOM event "DOMContentLoaded" for "https://www.wcb.mb.ca/"
1504996488082	Marionette	DEBUG	Received DOM event "DOMContentLoaded" for "https://www.wcb.mb.ca/"
1504996488085	Marionette	DEBUG	Received DOM event "pageshow" for "https://www.wcb.mb.ca/"
JavaScript error: https://www.wcb.mb.ca/sites/default/files/js/js_xjqBvbgvP2WjFLc4gZByRUDWG3StGMHgdacN_IuKYFM.js, line 2621: ReferenceError: callback is not defined
1504996490578	Marionette	DEBUG	Received DOM event "pageshow" for "https://www.wcb.mb.ca/"
2017-09-11 16:56:33.754 plugin-container[8445:1057622] *** CFMessagePort: bootstrap_register(): failed 1100 (0x44c) 'Permission denied', port = 0xa23b, name = 'com.apple.tsm.portname'
See /usr/include/servers/bootstrap_defs.h for the error codes.
2017-09-11 16:56:33.758 plugin-container[8445:1057622] *** CFMessagePort: bootstrap_register(): failed 1100 (0x44c) 'Permission denied', port = 0xa503, name = 'com.apple.CFPasteboardClient'
See /usr/include/servers/bootstrap_defs.h for the error codes.
1505169110802	geckodriver	INFO	Listening on 127.0.0.1:54543
1505169111826	geckodriver::marionette	INFO	Starting browser /Applications/Firefox.app/Contents/MacOS/firefox-bin with args ["-marionette"]
1505169112087	addons.xpi	WARN	Error parsing extensions state: [Exception... "Component returned failure code: 0x80520012 (NS_ERROR_FILE_NOT_FOUND) [amIAddonManagerStartup.readStartupData]"  nsresult: "0x80520012 (NS_ERROR_FILE_NOT_FOUND)"  location: "JS frame :: resource://gre/modules/addons/XPIProvider.jsm :: loadExtensionState :: line 1596"  data: no] Stack trace: loadExtensionState()@resource://gre/modules/addons/XPIProvider.jsm:1596 < getInstallState()@resource://gre/modules/addons/XPIProvider.jsm:1631 < checkForChanges()@resource://gre/modules/addons/XPIProvider.jsm:3152 < startup()@resource://gre/modules/addons/XPIProvider.jsm:2246 < callProvider()@resource://gre/modules/AddonManager.jsm:271 < _startProvider()@resource://gre/modules/AddonManager.jsm:741 < startup()@resource://gre/modules/AddonManager.jsm:908 < startup()@resource://gre/modules/AddonManager.jsm:3122 < observe()@jar:file:///Applications/Firefox.app/Contents/Resources/omni.ja!/components/addonManager.js:65
1505169112407	Marionette	INFO	Enabled via --marionette
2017-09-11 17:31:53.616 plugin-container[8486:1071336] *** CFMessagePort: bootstrap_register(): failed 1100 (0x44c) 'Permission denied', port = 0xa333, name = 'com.apple.tsm.portname'
See /usr/include/servers/bootstrap_defs.h for the error codes.
2017-09-11 17:31:53.619 plugin-container[8486:1071336] *** CFMessagePort: bootstrap_register(): failed 1100 (0x44c) 'Permission denied', port = 0xa603, name = 'com.apple.CFPasteboardClient'
See /usr/include/servers/bootstrap_defs.h for the error codes.
1505169113944	Marionette	INFO	Listening on port 54552
JavaScript error: chrome://marionette/content/server.js, line 337: NS_ERROR_SOCKET_ADDRESS_IN_USE: Component returned failure code: 0x804b0036 (NS_ERROR_SOCKET_ADDRESS_IN_USE) [nsIServerSocket.initSpecialConnection]
1505169114011	Marionette	WARN	TLS certificate errors will be ignored for this session
1505169114052	Marionette	DEBUG	loaded listener.js
1505169114068	Marionette	DEBUG	Received DOM event "beforeunload" for "about:blank"
1505169114508	Marionette	DEBUG	Received DOM event "pagehide" for "about:blank"
1505169114508	Marionette	DEBUG	Received DOM event "unload" for "about:blank"
JavaScript warning: https://www.wcb.mb.ca/sites/all/themes/zen/wcb/scripts/superfish/js/jquery.js, line 1: Using //@ to indicate sourceMappingURL pragmas is deprecated. Use //# instead
1505169115353	Marionette	DEBUG	Received DOM event "DOMContentLoaded" for "https://www.wcb.mb.ca/"
JavaScript error: https://www.wcb.mb.ca/sites/default/files/js/js_xjqBvbgvP2WjFLc4gZByRUDWG3StGMHgdacN_IuKYFM.js, line 2621: ReferenceError: callback is not defined
1505169116554	Marionette	DEBUG	Received DOM event "DOMContentLoaded" for "https://www.wcb.mb.ca/"
1505169116561	Marionette	DEBUG	Received DOM event "pageshow" for "https://www.wcb.mb.ca/"
1505169118214	Marionette	DEBUG	Received DOM event "pageshow" for "https://www.wcb.mb.ca/"
