1505169499180	geckodriver	INFO	Listening on 127.0.0.1:54721
1505169499220	geckodriver::marionette	INFO	Starting browser /Applications/Firefox.app/Contents/MacOS/firefox-bin with args ["-marionette"]
1505169499522	addons.xpi	WARN	Error parsing extensions state: [Exception... "Component returned failure code: 0x80520012 (NS_ERROR_FILE_NOT_FOUND) [amIAddonManagerStartup.readStartupData]"  nsresult: "0x80520012 (NS_ERROR_FILE_NOT_FOUND)"  location: "JS frame :: resource://gre/modules/addons/XPIProvider.jsm :: loadExtensionState :: line 1596"  data: no] Stack trace: loadExtensionState()@resource://gre/modules/addons/XPIProvider.jsm:1596 < getInstallState()@resource://gre/modules/addons/XPIProvider.jsm:1631 < checkForChanges()@resource://gre/modules/addons/XPIProvider.jsm:3152 < startup()@resource://gre/modules/addons/XPIProvider.jsm:2246 < callProvider()@resource://gre/modules/AddonManager.jsm:271 < _startProvider()@resource://gre/modules/AddonManager.jsm:741 < startup()@resource://gre/modules/AddonManager.jsm:908 < startup()@resource://gre/modules/AddonManager.jsm:3122 < observe()@jar:file:///Applications/Firefox.app/Contents/Resources/omni.ja!/components/addonManager.js:65
1505169499910	Marionette	INFO	Enabled via --marionette
1505169501413	Marionette	INFO	Listening on port 54728
JavaScript error: chrome://marionette/content/server.js, line 337: NS_ERROR_SOCKET_ADDRESS_IN_USE: Component returned failure code: 0x804b0036 (NS_ERROR_SOCKET_ADDRESS_IN_USE) [nsIServerSocket.initSpecialConnection]
1505169501514	Marionette	WARN	TLS certificate errors will be ignored for this session
2017-09-11 17:38:21.518 plugin-container[8513:1073466] *** CFMessagePort: bootstrap_register(): failed 1100 (0x44c) 'Permission denied', port = 0xa33b, name = 'com.apple.tsm.portname'
See /usr/include/servers/bootstrap_defs.h for the error codes.
2017-09-11 17:38:21.521 plugin-container[8513:1073466] *** CFMessagePort: bootstrap_register(): failed 1100 (0x44c) 'Permission denied', port = 0xa703, name = 'com.apple.CFPasteboardClient'
See /usr/include/servers/bootstrap_defs.h for the error codes.
1505169501563	Marionette	DEBUG	loaded listener.js
1505169501582	Marionette	DEBUG	Received DOM event "beforeunload" for "about:blank"
1505169502476	Marionette	DEBUG	Received DOM event "pagehide" for "about:blank"
1505169502476	Marionette	DEBUG	Received DOM event "unload" for "about:blank"
1505169503866	Marionette	DEBUG	Received DOM event "DOMContentLoaded" for "https://letskodeit.teachable.com/p/practice"
1505169504744	Marionette	DEBUG	Received DOM event "DOMContentLoaded" for "https://letskodeit.teachable.com/courses"
1505169504958	Marionette	DEBUG	Received DOM event "DOMContentLoaded" for "https://dialog.filestackapi.com/dialog/comm_iframe/"
1505169504963	Marionette	DEBUG	Received DOM event "pageshow" for "https://dialog.filestackapi.com/dialog/comm_iframe/"
1505169504964	Marionette	DEBUG	Received DOM event "DOMContentLoaded" for "https://www.filestackapi.com/dialog/comm_iframe/"
1505169504968	Marionette	DEBUG	Received DOM event "pageshow" for "https://www.filestackapi.com/dialog/comm_iframe/"
1505169505029	Marionette	DEBUG	Received DOM event "DOMContentLoaded" for "https://dialog.filestackapi.com/dialog/comm_iframe/"
1505169505032	Marionette	DEBUG	Received DOM event "pageshow" for "https://dialog.filestackapi.com/dialog/comm_iframe/"
1505169505033	Marionette	DEBUG	Received DOM event "DOMContentLoaded" for "https://www.filestackapi.com/dialog/comm_iframe/"
1505169505035	Marionette	DEBUG	Received DOM event "pageshow" for "https://www.filestackapi.com/dialog/comm_iframe/"
1505169507549	Marionette	DEBUG	Received DOM event "pageshow" for "https://letskodeit.teachable.com/courses"
1505169507561	Marionette	DEBUG	Received DOM event "pageshow" for "https://letskodeit.teachable.com/p/practice"
1505169507603	Marionette	DEBUG	Received DOM event "beforeunload" for "https://letskodeit.teachable.com/p/practice"
1505169508724	Marionette	DEBUG	Received DOM event "pagehide" for "https://letskodeit.teachable.com/p/practice"
1505169508725	Marionette	DEBUG	Received DOM event "unload" for "https://letskodeit.teachable.com/p/practice"
1505169509105	Marionette	DEBUG	Received observer notification "outer-window-destroyed" for "2147483669"
1505169509106	Marionette	DEBUG	Received observer notification "outer-window-destroyed" for "2147483667"
1505169509106	Marionette	DEBUG	Received observer notification "outer-window-destroyed" for "2147483664"
1505169509106	Marionette	DEBUG	Received observer notification "outer-window-destroyed" for "2147483663"
1505169509106	Marionette	DEBUG	Received observer notification "outer-window-destroyed" for "2147483659"
1505169509106	Marionette	DEBUG	Received observer notification "outer-window-destroyed" for "2147483660"
1505169509106	Marionette	DEBUG	Received observer notification "outer-window-destroyed" for "2147483653"
1505169509107	Marionette	DEBUG	Received observer notification "outer-window-destroyed" for "2147483654"
1505169509107	Marionette	DEBUG	Received observer notification "outer-window-destroyed" for "2147483655"
1505169510046	Marionette	DEBUG	Received DOM event "pageshow" for "https://s.yimg.com/rq/darla/2-9-20/html/r-csc.html"
1505169510227	Marionette	DEBUG	Received DOM event "DOMContentLoaded" for "https://ca.yahoo.com/?p=us"
1505169510229	Marionette	DEBUG	Received DOM event "DOMContentLoaded" for "https://s.yimg.com/rq/darla/2-9-20/html/r-csc.html"
1505169510233	Marionette	DEBUG	Received DOM event "pageshow" for "https://s.yimg.com/rq/darla/2-9-20/html/r-csc.html"
1505169510414	Marionette	DEBUG	Received DOM event "DOMContentLoaded" for "https://s.yimg.com/rq/darla/2-9-20/html/r-sf.html"
1505169510415	Marionette	DEBUG	Received DOM event "DOMContentLoaded" for "https://s.yimg.com/rq/darla/2-9-20/html/r-csc.html"
1505169510558	Marionette	DEBUG	Received DOM event "pageshow" for "https://s.yimg.com/rq/darla/2-9-20/html/r-sf.html"
1505169510610	Marionette	DEBUG	Received DOM event "pageshow" for "https://s.yimg.com/rq/darla/2-9-20/html/r-csc.html"
1505169510611	Marionette	DEBUG	Received DOM event "DOMContentLoaded" for "https://s.yimg.com/rq/sbox/bv2.html"
1505169510749	Marionette	DEBUG	Received DOM event "pageshow" for "https://s.yimg.com/rq/darla/2-9-20/html/r-sf.html"
1505169510800	Marionette	DEBUG	Received DOM event "DOMContentLoaded" for "https://s.yimg.com/rq/darla/2-9-20/html/r-sf.html"
1505169510803	Marionette	DEBUG	Received DOM event "pageshow" for "https://s.yimg.com/rq/darla/2-9-20/html/r-sf.html"
1505169510805	Marionette	DEBUG	Received DOM event "DOMContentLoaded" for "https://s.yimg.com/rq/darla/2-9-20/html/r-sf.html"
1505169510858	Marionette	DEBUG	Received DOM event "DOMContentLoaded" for "https://s.yimg.com/rq/darla/2-9-20/html/r-sf.html"
1505169510880	Marionette	DEBUG	Received DOM event "pageshow" for "https://s.yimg.com/rq/sbox/bv2.html"
1505169510975	Marionette	DEBUG	Received DOM event "DOMContentLoaded" for "https://googleads.g.doubleclick.net/pagead/html/r20170906/r20170110/zrt_lookup.html#"
1505169510977	Marionette	DEBUG	Received DOM event "pageshow" for "https://googleads.g.doubleclick.net/pagead/html/r20170906/r20170110/zrt_lookup.html#"
1505169511160	Marionette	DEBUG	Received DOM event "DOMContentLoaded" for "https://s.yimg.com/rq/darla/2-9-20/html/r-sf.html"
1505169511719	Marionette	DEBUG	Received DOM event "DOMContentLoaded" for "https://s.yimg.com/rq/darla/2-9-20/html/r-sf.html"
1505169511725	Marionette	DEBUG	Received DOM event "DOMContentLoaded" for "https://s.yimg.com/rq/darla/2-9-20/html/r-sf.html"
1505169511998	Marionette	DEBUG	Received DOM event "DOMContentLoaded" for "https://s.yimg.com/rq/darla/2-9-20/html/r-sf.html"
1505169512000	Marionette	DEBUG	Received DOM event "pageshow" for "https://s.yimg.com/rq/darla/2-9-20/html/r-sf.html"
1505169512004	Marionette	DEBUG	Received DOM event "DOMContentLoaded" for "https://s.yimg.com/rq/darla/2-9-20/html/r-sf.html"
1505169512006	Marionette	DEBUG	Received DOM event "pageshow" for "https://s.yimg.com/rq/darla/2-9-20/html/r-sf.html"
1505169512142	Marionette	DEBUG	Received DOM event "pageshow" for "https://s.yimg.com/rq/darla/2-9-20/html/r-sf.html"
1505169512583	Marionette	DEBUG	Received DOM event "DOMContentLoaded" for "https://googleads.g.doubleclick.net/pagead/ads?client=ca-pub-5482278706573796&format=300x250&output=html&h=250&slotname=3963599600&adk=2107858901&adf=2170632793&w=300&avail_w=0&ea=0&flash=0&hl=en&url=https%3A%2F%2Fca.yahoo.com%2F%3Fp%3Dus&wgl=1&dt=1505169510766&bpp=17&bdt=894&fdt=875&idt=882&shv=r20170906&cbv=r20170110&saldr=aa&correlator=1974965928866&frm=24&ga_vid=832593064.1505169512&ga_sid=1505169512&ga_hid=316731987&ga_fc=0&pv=2&icsg=0&nhd=2&dssz=2&mdo=33554432&mso=0&u_tz=-300&u_his=2&u_java=0&u_h=512&u_w=640&u_ah=501&u_aw=640&u_cd=24&u_nplug=0&u_nmime=0&adx=0&ady=0&biw=-12245933&bih=-12245933&isw=0&ish=0&ifk=2758712982&eid=21060867%2C21060945%2C21060714&oid=3&loc=https%3A%2F%2Fca.yahoo.com%3Fp%3Dus&rx=0&eae=2&brdim=%2C%2C0%2C46%2C640%2C12%2C2560%2C1432%2C0%2C0&vis=1&rsz=%7C%7Cc%7C&abl=NS&ppjl=f&pfx=0&fu=16&bc=1&ifi=1&dtd=914"
1505169512588	Marionette	DEBUG	Received DOM event "DOMContentLoaded" for "https://googleads.g.doubleclick.net/pagead/ads?client=ca-pub-5482278706573796&format=300x250&output=html&h=250&slotname=3963599600&adk=2107858901&adf=2170632788&w=300&avail_w=0&ea=0&flash=0&hl=en&url=https%3A%2F%2Fca.yahoo.com%2F%3Fp%3Dus&wgl=1&dt=1505169510728&bpp=14&bdt=860&fdt=24&idt=872&shv=r20170906&cbv=r20170110&saldr=aa&correlator=6555686512071&frm=24&ga_vid=1156760219.1505169512&ga_sid=1505169512&ga_hid=534676619&ga_fc=0&pv=2&icsg=2&nhd=2&dssz=2&mdo=33554432&mso=0&u_tz=-300&u_his=2&u_java=0&u_h=512&u_w=640&u_ah=501&u_aw=640&u_cd=24&u_nplug=0&u_nmime=0&adx=0&ady=0&biw=-12245933&bih=-12245933&isw=0&ish=0&ifk=2758712982&eid=10593696%2C21060946%2C21060977%2C26835106%2C21060715%2C62710090&oid=3&loc=https%3A%2F%2Fca.yahoo.com%3Fp%3Dus&rx=0&eae=2&brdim=%2C%2C0%2C46%2C640%2C12%2C2560%2C1432%2C0%2C0&vis=1&rsz=%7C%7Cc%7C&abl=NS&ppjl=f&pfx=0&fu=16&bc=1&ifi=1&dtd=906"
1505169512678	Marionette	DEBUG	Received DOM event "DOMContentLoaded" for "https://googleads.g.doubleclick.net/pagead/drt/s?v=r20120211"
1505169512682	Marionette	DEBUG	Received DOM event "pageshow" for "https://googleads.g.doubleclick.net/pagead/drt/s?v=r20120211"
1505169512682	Marionette	DEBUG	Received DOM event "DOMContentLoaded" for "https://googleads.g.doubleclick.net/pagead/drt/s?v=r20120211"
1505169512684	Marionette	DEBUG	Received DOM event "pageshow" for "https://googleads.g.doubleclick.net/pagead/drt/s?v=r20120211"
1505169512689	Marionette	DEBUG	Received DOM event "DOMContentLoaded" for "https://pagead2.googlesyndication.com/pagead/s/cookie_push.html#aHR0cHM6Ly9hZC50dXJuLmNvbS9yL2NzP3BpZD0zJmdvb2dsZV9naWQ9Q0FFU0VFdXRGcGRzbldEbWlvX2RuT3hZalU0Jmdvb2dsZV9jdmVyPTEmZ29vZ2xlX3B1c2g9QUhORjEzSVQ1M0cyMjJjYWw4VzRRdnBkSG83OUlqY0JJN0hUX1Jsc2VIeTVGZzQ=,aHR0cHM6Ly9jbS5nLmRvdWJsZWNsaWNrLm5ldC9waXhlbC9hdHRyP2Q9QUhORjEzTElPTzl5WVFaYkdqeGlPeFA2M0tKR2hjU3BDTDlB"
1505169512690	Marionette	DEBUG	Received DOM event "DOMContentLoaded" for "https://pagead2.googlesyndication.com/pagead/s/cookie_push.html#aHR0cHM6Ly9hZC50dXJuLmNvbS9yL2NzP3BpZD0zJmdvb2dsZV9naWQ9Q0FFU0VFdXRGcGRzbldEbWlvX2RuT3hZalU0Jmdvb2dsZV9jdmVyPTEmZ29vZ2xlX3B1c2g9QUhORjEzSTJaelZMeHU5bWNmem41VUl1MTNKZmhBVFhYa2E3dUxZTVFvYl84Zw==,aHR0cHM6Ly9jbS5nLmRvdWJsZWNsaWNrLm5ldC9waXhlbC9hdHRyP2Q9QUhORjEzTG5OY0N0Mk0xRXYwNlBDbjFOT0luWW00dW9qWE1t"
1505169512825	Marionette	DEBUG	Received DOM event "DOMContentLoaded" for "https://googleads.g.doubleclick.net/pagead/drt/si"
1505169512831	Marionette	DEBUG	Received DOM event "pageshow" for "https://googleads.g.doubleclick.net/pagead/drt/si"
1505169512882	Marionette	DEBUG	Received DOM event "DOMContentLoaded" for "https://googleads.g.doubleclick.net/pagead/drt/si"
1505169512886	Marionette	DEBUG	Received DOM event "pageshow" for "https://googleads.g.doubleclick.net/pagead/drt/si"
1505169513102	Marionette	DEBUG	Received DOM event "pageshow" for "https://pagead2.googlesyndication.com/pagead/s/cookie_push.html#aHR0cHM6Ly9hZC50dXJuLmNvbS9yL2NzP3BpZD0zJmdvb2dsZV9naWQ9Q0FFU0VFdXRGcGRzbldEbWlvX2RuT3hZalU0Jmdvb2dsZV9jdmVyPTEmZ29vZ2xlX3B1c2g9QUhORjEzSTJaelZMeHU5bWNmem41VUl1MTNKZmhBVFhYa2E3dUxZTVFvYl84Zw==,aHR0cHM6Ly9jbS5nLmRvdWJsZWNsaWNrLm5ldC9waXhlbC9hdHRyP2Q9QUhORjEzTG5OY0N0Mk0xRXYwNlBDbjFOT0luWW00dW9qWE1t"
1505169513109	Marionette	DEBUG	Received DOM event "pageshow" for "https://googleads.g.doubleclick.net/pagead/ads?client=ca-pub-5482278706573796&format=300x250&output=html&h=250&slotname=3963599600&adk=2107858901&adf=2170632788&w=300&avail_w=0&ea=0&flash=0&hl=en&url=https%3A%2F%2Fca.yahoo.com%2F%3Fp%3Dus&wgl=1&dt=1505169510728&bpp=14&bdt=860&fdt=24&idt=872&shv=r20170906&cbv=r20170110&saldr=aa&correlator=6555686512071&frm=24&ga_vid=1156760219.1505169512&ga_sid=1505169512&ga_hid=534676619&ga_fc=0&pv=2&icsg=2&nhd=2&dssz=2&mdo=33554432&mso=0&u_tz=-300&u_his=2&u_java=0&u_h=512&u_w=640&u_ah=501&u_aw=640&u_cd=24&u_nplug=0&u_nmime=0&adx=0&ady=0&biw=-12245933&bih=-12245933&isw=0&ish=0&ifk=2758712982&eid=10593696%2C21060946%2C21060977%2C26835106%2C21060715%2C62710090&oid=3&loc=https%3A%2F%2Fca.yahoo.com%3Fp%3Dus&rx=0&eae=2&brdim=%2C%2C0%2C46%2C640%2C12%2C2560%2C1432%2C0%2C0&vis=1&rsz=%7C%7Cc%7C&abl=NS&ppjl=f&pfx=0&fu=16&bc=1&ifi=1&dtd=906"
1505169513117	Marionette	DEBUG	Received DOM event "pageshow" for "https://googleads.g.doubleclick.net/pagead/ads?client=ca-pub-5482278706573796&format=300x250&output=html&h=250&slotname=3963599600&adk=2107858901&adf=2170632788&w=300&avail_w=0&ea=0&flash=0&hl=en&url=https%3A%2F%2Fca.yahoo.com%2F%3Fp%3Dus&wgl=1&dt=1505169510728&bpp=14&bdt=860&fdt=24&idt=872&shv=r20170906&cbv=r20170110&saldr=aa&correlator=6555686512071&frm=24&ga_vid=1156760219.1505169512&ga_sid=1505169512&ga_hid=534676619&ga_fc=0&pv=2&icsg=2&nhd=2&dssz=2&mdo=33554432&mso=0&u_tz=-300&u_his=2&u_java=0&u_h=512&u_w=640&u_ah=501&u_aw=640&u_cd=24&u_nplug=0&u_nmime=0&adx=0&ady=0&biw=-12245933&bih=-12245933&isw=0&ish=0&ifk=2758712982&eid=10593696%2C21060946%2C21060977%2C26835106%2C21060715%2C62710090&oid=3&loc=https%3A%2F%2Fca.yahoo.com%3Fp%3Dus&rx=0&eae=2&brdim=%2C%2C0%2C46%2C640%2C12%2C2560%2C1432%2C0%2C0&vis=1&rsz=%7C%7Cc%7C&abl=NS&ppjl=f&pfx=0&fu=16&bc=1&ifi=1&dtd=906"
1505169513119	Marionette	DEBUG	Received DOM event "pageshow" for "https://s.yimg.com/rq/darla/2-9-20/html/r-sf.html"
1505169513132	Marionette	DEBUG	Received DOM event "pageshow" for "https://s.yimg.com/rq/darla/2-9-20/html/r-sf.html"
1505169513155	Marionette	DEBUG	Received DOM event "DOMContentLoaded" for "https://googleads.g.doubleclick.net/pagead/ads?client=ca-pub-5482278706573796&format=300x250&output=html&h=250&slotname=3963599600&adk=2107858901&adf=2170632788&w=300&avail_w=0&ea=0&flash=0&hl=en&url=https%3A%2F%2Fca.yahoo.com%2F%3Fp%3Dus&wgl=1&dt=1505169510728&bpp=14&bdt=860&fdt=24&idt=872&shv=r20170906&cbv=r20170110&saldr=aa&correlator=6555686512071&frm=24&ga_vid=1156760219.1505169512&ga_sid=1505169512&ga_hid=534676619&ga_fc=0&pv=2&icsg=2&nhd=2&dssz=2&mdo=33554432&mso=0&u_tz=-300&u_his=2&u_java=0&u_h=512&u_w=640&u_ah=501&u_aw=640&u_cd=24&u_nplug=0&u_nmime=0&adx=0&ady=0&biw=-12245933&bih=-12245933&isw=0&ish=0&ifk=2758712982&eid=10593696%2C21060946%2C21060977%2C26835106%2C21060715%2C62710090&oid=3&loc=https%3A%2F%2Fca.yahoo.com%3Fp%3Dus&rx=0&eae=2&brdim=%2C%2C0%2C46%2C640%2C12%2C2560%2C1432%2C0%2C0&vis=1&rsz=%7C%7Cc%7C&abl=NS&ppjl=f&pfx=0&fu=16&bc=1&ifi=1&dtd=906"
1505169513159	Marionette	DEBUG	Received DOM event "pageshow" for "https://pagead2.googlesyndication.com/pagead/s/cookie_push.html#aHR0cHM6Ly9hZC50dXJuLmNvbS9yL2NzP3BpZD0zJmdvb2dsZV9naWQ9Q0FFU0VFdXRGcGRzbldEbWlvX2RuT3hZalU0Jmdvb2dsZV9jdmVyPTEmZ29vZ2xlX3B1c2g9QUhORjEzSVQ1M0cyMjJjYWw4VzRRdnBkSG83OUlqY0JJN0hUX1Jsc2VIeTVGZzQ=,aHR0cHM6Ly9jbS5nLmRvdWJsZWNsaWNrLm5ldC9waXhlbC9hdHRyP2Q9QUhORjEzTElPTzl5WVFaYkdqeGlPeFA2M0tKR2hjU3BDTDlB"
1505169513163	Marionette	DEBUG	Received DOM event "pageshow" for "https://googleads.g.doubleclick.net/pagead/ads?client=ca-pub-5482278706573796&format=300x250&output=html&h=250&slotname=3963599600&adk=2107858901&adf=2170632793&w=300&avail_w=0&ea=0&flash=0&hl=en&url=https%3A%2F%2Fca.yahoo.com%2F%3Fp%3Dus&wgl=1&dt=1505169510766&bpp=17&bdt=894&fdt=875&idt=882&shv=r20170906&cbv=r20170110&saldr=aa&correlator=1974965928866&frm=24&ga_vid=832593064.1505169512&ga_sid=1505169512&ga_hid=316731987&ga_fc=0&pv=2&icsg=0&nhd=2&dssz=2&mdo=33554432&mso=0&u_tz=-300&u_his=2&u_java=0&u_h=512&u_w=640&u_ah=501&u_aw=640&u_cd=24&u_nplug=0&u_nmime=0&adx=0&ady=0&biw=-12245933&bih=-12245933&isw=0&ish=0&ifk=2758712982&eid=21060867%2C21060945%2C21060714&oid=3&loc=https%3A%2F%2Fca.yahoo.com%3Fp%3Dus&rx=0&eae=2&brdim=%2C%2C0%2C46%2C640%2C12%2C2560%2C1432%2C0%2C0&vis=1&rsz=%7C%7Cc%7C&abl=NS&ppjl=f&pfx=0&fu=16&bc=1&ifi=1&dtd=914"
1505169513167	Marionette	DEBUG	Received DOM event "pageshow" for "https://googleads.g.doubleclick.net/pagead/ads?client=ca-pub-5482278706573796&format=300x250&output=html&h=250&slotname=3963599600&adk=2107858901&adf=2170632793&w=300&avail_w=0&ea=0&flash=0&hl=en&url=https%3A%2F%2Fca.yahoo.com%2F%3Fp%3Dus&wgl=1&dt=1505169510766&bpp=17&bdt=894&fdt=875&idt=882&shv=r20170906&cbv=r20170110&saldr=aa&correlator=1974965928866&frm=24&ga_vid=832593064.1505169512&ga_sid=1505169512&ga_hid=316731987&ga_fc=0&pv=2&icsg=0&nhd=2&dssz=2&mdo=33554432&mso=0&u_tz=-300&u_his=2&u_java=0&u_h=512&u_w=640&u_ah=501&u_aw=640&u_cd=24&u_nplug=0&u_nmime=0&adx=0&ady=0&biw=-12245933&bih=-12245933&isw=0&ish=0&ifk=2758712982&eid=21060867%2C21060945%2C21060714&oid=3&loc=https%3A%2F%2Fca.yahoo.com%3Fp%3Dus&rx=0&eae=2&brdim=%2C%2C0%2C46%2C640%2C12%2C2560%2C1432%2C0%2C0&vis=1&rsz=%7C%7Cc%7C&abl=NS&ppjl=f&pfx=0&fu=16&bc=1&ifi=1&dtd=914"
1505169513170	Marionette	DEBUG	Received DOM event "pageshow" for "https://s.yimg.com/rq/darla/2-9-20/html/r-sf.html"
1505169513182	Marionette	DEBUG	Received DOM event "pageshow" for "https://s.yimg.com/rq/darla/2-9-20/html/r-sf.html"
1505169513196	Marionette	DEBUG	Received DOM event "pageshow" for "https://googleads.g.doubleclick.net/pagead/ads?client=ca-pub-5482278706573796&format=300x250&output=html&h=250&slotname=3963599600&adk=2107858901&adf=2170632788&w=300&avail_w=0&ea=0&flash=0&hl=en&url=https%3A%2F%2Fca.yahoo.com%2F%3Fp%3Dus&wgl=1&dt=1505169510728&bpp=14&bdt=860&fdt=24&idt=872&shv=r20170906&cbv=r20170110&saldr=aa&correlator=6555686512071&frm=24&ga_vid=1156760219.1505169512&ga_sid=1505169512&ga_hid=534676619&ga_fc=0&pv=2&icsg=2&nhd=2&dssz=2&mdo=33554432&mso=0&u_tz=-300&u_his=2&u_java=0&u_h=512&u_w=640&u_ah=501&u_aw=640&u_cd=24&u_nplug=0&u_nmime=0&adx=0&ady=0&biw=-12245933&bih=-12245933&isw=0&ish=0&ifk=2758712982&eid=10593696%2C21060946%2C21060977%2C26835106%2C21060715%2C62710090&oid=3&loc=https%3A%2F%2Fca.yahoo.com%3Fp%3Dus&rx=0&eae=2&brdim=%2C%2C0%2C46%2C640%2C12%2C2560%2C1432%2C0%2C0&vis=1&rsz=%7C%7Cc%7C&abl=NS&ppjl=f&pfx=0&fu=16&bc=1&ifi=1&dtd=906"
1505169513197	Marionette	DEBUG	Received DOM event "DOMContentLoaded" for "https://googleads.g.doubleclick.net/pagead/ads?client=ca-pub-5482278706573796&format=300x250&output=html&h=250&slotname=3963599600&adk=2107858901&adf=2170632793&w=300&avail_w=0&ea=0&flash=0&hl=en&url=https%3A%2F%2Fca.yahoo.com%2F%3Fp%3Dus&wgl=1&dt=1505169510766&bpp=17&bdt=894&fdt=875&idt=882&shv=r20170906&cbv=r20170110&saldr=aa&correlator=1974965928866&frm=24&ga_vid=832593064.1505169512&ga_sid=1505169512&ga_hid=316731987&ga_fc=0&pv=2&icsg=0&nhd=2&dssz=2&mdo=33554432&mso=0&u_tz=-300&u_his=2&u_java=0&u_h=512&u_w=640&u_ah=501&u_aw=640&u_cd=24&u_nplug=0&u_nmime=0&adx=0&ady=0&biw=-12245933&bih=-12245933&isw=0&ish=0&ifk=2758712982&eid=21060867%2C21060945%2C21060714&oid=3&loc=https%3A%2F%2Fca.yahoo.com%3Fp%3Dus&rx=0&eae=2&brdim=%2C%2C0%2C46%2C640%2C12%2C2560%2C1432%2C0%2C0&vis=1&rsz=%7C%7Cc%7C&abl=NS&ppjl=f&pfx=0&fu=16&bc=1&ifi=1&dtd=914"
1505169513208	Marionette	DEBUG	Received DOM event "pageshow" for "https://googleads.g.doubleclick.net/pagead/ads?client=ca-pub-5482278706573796&format=300x250&output=html&h=250&slotname=3963599600&adk=2107858901&adf=2170632793&w=300&avail_w=0&ea=0&flash=0&hl=en&url=https%3A%2F%2Fca.yahoo.com%2F%3Fp%3Dus&wgl=1&dt=1505169510766&bpp=17&bdt=894&fdt=875&idt=882&shv=r20170906&cbv=r20170110&saldr=aa&correlator=1974965928866&frm=24&ga_vid=832593064.1505169512&ga_sid=1505169512&ga_hid=316731987&ga_fc=0&pv=2&icsg=0&nhd=2&dssz=2&mdo=33554432&mso=0&u_tz=-300&u_his=2&u_java=0&u_h=512&u_w=640&u_ah=501&u_aw=640&u_cd=24&u_nplug=0&u_nmime=0&adx=0&ady=0&biw=-12245933&bih=-12245933&isw=0&ish=0&ifk=2758712982&eid=21060867%2C21060945%2C21060714&oid=3&loc=https%3A%2F%2Fca.yahoo.com%3Fp%3Dus&rx=0&eae=2&brdim=%2C%2C0%2C46%2C640%2C12%2C2560%2C1432%2C0%2C0&vis=1&rsz=%7C%7Cc%7C&abl=NS&ppjl=f&pfx=0&fu=16&bc=1&ifi=1&dtd=914"
1505169513415	Marionette	DEBUG	Received observer notification "outer-window-destroyed" for "2147483718"
1505169513417	Marionette	DEBUG	Received observer notification "outer-window-destroyed" for "2147483720"
1505169513431	Marionette	DEBUG	Received DOM event "pageshow" for "https://ca.yahoo.com/?p=us"
1505169549020	geckodriver	INFO	Listening on 127.0.0.1:54929
1505169550052	geckodriver::marionette	INFO	Starting browser /Applications/Firefox.app/Contents/MacOS/firefox-bin with args ["-marionette"]
1505169550302	addons.xpi	WARN	Error parsing extensions state: [Exception... "Component returned failure code: 0x80520012 (NS_ERROR_FILE_NOT_FOUND) [amIAddonManagerStartup.readStartupData]"  nsresult: "0x80520012 (NS_ERROR_FILE_NOT_FOUND)"  location: "JS frame :: resource://gre/modules/addons/XPIProvider.jsm :: loadExtensionState :: line 1596"  data: no] Stack trace: loadExtensionState()@resource://gre/modules/addons/XPIProvider.jsm:1596 < getInstallState()@resource://gre/modules/addons/XPIProvider.jsm:1631 < checkForChanges()@resource://gre/modules/addons/XPIProvider.jsm:3152 < startup()@resource://gre/modules/addons/XPIProvider.jsm:2246 < callProvider()@resource://gre/modules/AddonManager.jsm:271 < _startProvider()@resource://gre/modules/AddonManager.jsm:741 < startup()@resource://gre/modules/AddonManager.jsm:908 < startup()@resource://gre/modules/AddonManager.jsm:3122 < observe()@jar:file:///Applications/Firefox.app/Contents/Resources/omni.ja!/components/addonManager.js:65
1505169550629	Marionette	INFO	Enabled via --marionette
2017-09-11 17:39:11.837 plugin-container[8530:1074085] *** CFMessagePort: bootstrap_register(): failed 1100 (0x44c) 'Permission denied', port = 0xa43b, name = 'com.apple.tsm.portname'
See /usr/include/servers/bootstrap_defs.h for the error codes.
2017-09-11 17:39:11.838 plugin-container[8530:1074085] *** CFMessagePort: bootstrap_register(): failed 1100 (0x44c) 'Permission denied', port = 0xa703, name = 'com.apple.CFPasteboardClient'
See /usr/include/servers/bootstrap_defs.h for the error codes.
1505169552080	Marionette	INFO	Listening on port 54938
JavaScript error: chrome://marionette/content/server.js, line 337: NS_ERROR_SOCKET_ADDRESS_IN_USE: Component returned failure code: 0x804b0036 (NS_ERROR_SOCKET_ADDRESS_IN_USE) [nsIServerSocket.initSpecialConnection]
1505169552140	Marionette	WARN	TLS certificate errors will be ignored for this session
1505169552175	Marionette	DEBUG	loaded listener.js
1505169552191	Marionette	DEBUG	Received DOM event "beforeunload" for "about:blank"
1505169552929	Marionette	DEBUG	Received DOM event "pagehide" for "about:blank"
1505169552929	Marionette	DEBUG	Received DOM event "unload" for "about:blank"
1505169553989	Marionette	DEBUG	Received DOM event "DOMContentLoaded" for "https://letskodeit.teachable.com/p/practice"
1505169554986	Marionette	DEBUG	Received DOM event "DOMContentLoaded" for "https://letskodeit.teachable.com/courses"
1505169555105	Marionette	DEBUG	Received DOM event "DOMContentLoaded" for "https://www.filestackapi.com/dialog/comm_iframe/"
1505169555109	Marionette	DEBUG	Received DOM event "pageshow" for "https://www.filestackapi.com/dialog/comm_iframe/"
1505169555112	Marionette	DEBUG	Received DOM event "DOMContentLoaded" for "https://dialog.filestackapi.com/dialog/comm_iframe/"
1505169555113	Marionette	DEBUG	Received DOM event "pageshow" for "https://dialog.filestackapi.com/dialog/comm_iframe/"
1505169555116	Marionette	DEBUG	Received DOM event "DOMContentLoaded" for "https://dialog.filestackapi.com/dialog/comm_iframe/"
1505169555118	Marionette	DEBUG	Received DOM event "pageshow" for "https://dialog.filestackapi.com/dialog/comm_iframe/"
1505169555118	Marionette	DEBUG	Received DOM event "DOMContentLoaded" for "https://www.filestackapi.com/dialog/comm_iframe/"
1505169555119	Marionette	DEBUG	Received DOM event "pageshow" for "https://www.filestackapi.com/dialog/comm_iframe/"
1505169556541	Marionette	DEBUG	Received DOM event "pageshow" for "https://letskodeit.teachable.com/courses"
1505169556553	Marionette	DEBUG	Received DOM event "pageshow" for "https://letskodeit.teachable.com/p/practice"
