1509210912691	geckodriver	INFO	Listening on 127.0.0.1:50854
1509210913748	geckodriver::marionette	INFO	Starting browser /Applications/Firefox.app/Contents/MacOS/firefox-bin with args ["-marionette"]
1509210916064	Marionette	INFO	Listening on port 50865
1509210916261	Marionette	WARN	TLS certificate errors will be ignored for this session
1509210916627	Marionette	DEBUG	loaded listener.js
1509210916677	Marionette	DEBUG	Received DOM event "beforeunload" for "about:blank"
2017-10-28 12:15:16.769 plugin-container[5807:1316237] *** CFMessagePort: bootstrap_register(): failed 1100 (0x44c) 'Permission denied', port = 0x913b, name = 'com.apple.tsm.portname'
See /usr/include/servers/bootstrap_defs.h for the error codes.
2017-10-28 12:15:16.773 plugin-container[5807:1316237] *** CFMessagePort: bootstrap_register(): failed 1100 (0x44c) 'Permission denied', port = 0x9403, name = 'com.apple.CFPasteboardClient'
See /usr/include/servers/bootstrap_defs.h for the error codes.
1509210918803	Marionette	DEBUG	Received DOM event "pagehide" for "about:blank"
1509210918803	Marionette	DEBUG	Received DOM event "unload" for "about:blank"
1509210919932	Marionette	DEBUG	Received DOM event "DOMContentLoaded" for "https://letskodeit.teachable.com/p/practice"
1509210921197	Marionette	DEBUG	Received DOM event "DOMContentLoaded" for "https://letskodeit.teachable.com/courses"
1509210921402	Marionette	DEBUG	Received DOM event "DOMContentLoaded" for "https://dialog.filestackapi.com/dialog/comm_iframe/"
1509210921409	Marionette	DEBUG	Received DOM event "pageshow" for "https://dialog.filestackapi.com/dialog/comm_iframe/"
1509210921421	Marionette	DEBUG	Received DOM event "DOMContentLoaded" for "https://www.filestackapi.com/dialog/comm_iframe/"
1509210921426	Marionette	DEBUG	Received DOM event "pageshow" for "https://www.filestackapi.com/dialog/comm_iframe/"
1509210921500	Marionette	DEBUG	Received DOM event "DOMContentLoaded" for "https://dialog.filestackapi.com/dialog/comm_iframe/"
1509210921503	Marionette	DEBUG	Received DOM event "pageshow" for "https://dialog.filestackapi.com/dialog/comm_iframe/"
1509210921504	Marionette	DEBUG	Received DOM event "DOMContentLoaded" for "https://www.filestackapi.com/dialog/comm_iframe/"
1509210921505	Marionette	DEBUG	Received DOM event "pageshow" for "https://www.filestackapi.com/dialog/comm_iframe/"
1509210923684	Marionette	DEBUG	Received DOM event "DOMContentLoaded" for "https://fast.wistia.com/embed/iframe_shim?domain=com"
1509210923687	Marionette	DEBUG	Received DOM event "pageshow" for "https://fast.wistia.com/embed/iframe_shim?domain=com"
1509210923829	Marionette	DEBUG	Received DOM event "pageshow" for "https://letskodeit.teachable.com/courses"
1509210923850	Marionette	DEBUG	Received DOM event "DOMContentLoaded" for "https://fast.wistia.com/embed/iframe_shim?domain=com"
1509210923853	Marionette	DEBUG	Received DOM event "pageshow" for "https://fast.wistia.com/embed/iframe_shim?domain=com"
1509210923854	Marionette	DEBUG	Received DOM event "DOMContentLoaded" for "https://fast.wistia.com/embed/iframe_shim?domain=com"
1509210923856	Marionette	DEBUG	Received DOM event "pageshow" for "https://fast.wistia.com/embed/iframe_shim?domain=com"
1509210923942	Marionette	DEBUG	Received DOM event "DOMContentLoaded" for "https://fast.wistia.com/embed/iframe_shim?domain=com"
1509210923947	Marionette	DEBUG	Received DOM event "pageshow" for "https://fast.wistia.com/embed/iframe_shim?domain=com"
1509210924697	Marionette	DEBUG	Received observer notification "outer-window-destroyed" for "2147483673"
1509210924875	Marionette	DEBUG	Received observer notification "outer-window-destroyed" for "2147483668"
1509210925051	Marionette	DEBUG	Received DOM event "pageshow" for "https://letskodeit.teachable.com/p/practice"
1509210925112	Marionette	DEBUG	Received DOM event "beforeunload" for "https://letskodeit.teachable.com/p/practice"
1509210925429	Marionette	DEBUG	Received DOM event "pagehide" for "https://letskodeit.teachable.com/p/practice"
1509210925430	Marionette	DEBUG	Received DOM event "unload" for "https://letskodeit.teachable.com/p/practice"
1509210926354	Marionette	DEBUG	Received DOM event "DOMContentLoaded" for "https://letskodeit.teachable.com/p/practice"
1509210926427	Marionette	DEBUG	Received observer notification "outer-window-destroyed" for "2147483665"
1509210926430	Marionette	DEBUG	Received observer notification "outer-window-destroyed" for "2147483667"
1509210926432	Marionette	DEBUG	Received observer notification "outer-window-destroyed" for "2147483659"
1509210926435	Marionette	DEBUG	Received observer notification "outer-window-destroyed" for "2147483660"
1509210926466	Marionette	DEBUG	Received observer notification "outer-window-destroyed" for "2147483653"
1509210926468	Marionette	DEBUG	Received observer notification "outer-window-destroyed" for "2147483654"
1509210926470	Marionette	DEBUG	Received observer notification "outer-window-destroyed" for "2147483655"
1509210927221	Marionette	DEBUG	Received DOM event "DOMContentLoaded" for "https://dialog.filestackapi.com/dialog/comm_iframe/"
1509210927226	Marionette	DEBUG	Received DOM event "pageshow" for "https://dialog.filestackapi.com/dialog/comm_iframe/"
1509210927227	Marionette	DEBUG	Received DOM event "DOMContentLoaded" for "https://www.filestackapi.com/dialog/comm_iframe/"
1509210927233	Marionette	DEBUG	Received DOM event "pageshow" for "https://www.filestackapi.com/dialog/comm_iframe/"
1509210927925	Marionette	DEBUG	Received DOM event "DOMContentLoaded" for "https://letskodeit.teachable.com/courses"
1509210928397	Marionette	DEBUG	Received DOM event "DOMContentLoaded" for "https://www.filestackapi.com/dialog/comm_iframe/"
1509210928400	Marionette	DEBUG	Received DOM event "pageshow" for "https://www.filestackapi.com/dialog/comm_iframe/"
1509210928401	Marionette	DEBUG	Received DOM event "DOMContentLoaded" for "https://dialog.filestackapi.com/dialog/comm_iframe/"
1509210928402	Marionette	DEBUG	Received DOM event "pageshow" for "https://dialog.filestackapi.com/dialog/comm_iframe/"
1509210928850	Marionette	DEBUG	Received DOM event "pageshow" for "https://letskodeit.teachable.com/courses"
1509210928873	Marionette	DEBUG	Received DOM event "pageshow" for "https://letskodeit.teachable.com/p/practice"
1509210928916	Marionette	DEBUG	Received DOM event "beforeunload" for "https://letskodeit.teachable.com/p/practice"
1509210929066	Marionette	DEBUG	Received DOM event "pagehide" for "https://letskodeit.teachable.com/p/practice"
1509210929066	Marionette	DEBUG	Received DOM event "unload" for "https://letskodeit.teachable.com/p/practice"
1509210929526	Marionette	DEBUG	Received DOM event "DOMContentLoaded" for "https://letskodeit.teachable.com/p/practice"
1509210929741	Marionette	DEBUG	Received observer notification "outer-window-destroyed" for "2147483692"
1509210929742	Marionette	DEBUG	Received observer notification "outer-window-destroyed" for "2147483690"
1509210929745	Marionette	DEBUG	Received observer notification "outer-window-destroyed" for "2147483687"
1509210929748	Marionette	DEBUG	Received observer notification "outer-window-destroyed" for "2147483686"
1509210929749	Marionette	DEBUG	Received observer notification "outer-window-destroyed" for "2147483682"
1509210929750	Marionette	DEBUG	Received observer notification "outer-window-destroyed" for "2147483683"
1509210929751	Marionette	DEBUG	Received observer notification "outer-window-destroyed" for "2147483676"
1509210929752	Marionette	DEBUG	Received observer notification "outer-window-destroyed" for "2147483678"
1509210929753	Marionette	DEBUG	Received observer notification "outer-window-destroyed" for "2147483679"
1509210929842	Marionette	DEBUG	Received DOM event "DOMContentLoaded" for "https://dialog.filestackapi.com/dialog/comm_iframe/"
1509210929847	Marionette	DEBUG	Received DOM event "pageshow" for "https://dialog.filestackapi.com/dialog/comm_iframe/"
1509210929848	Marionette	DEBUG	Received DOM event "DOMContentLoaded" for "https://www.filestackapi.com/dialog/comm_iframe/"
1509210929849	Marionette	DEBUG	Received DOM event "pageshow" for "https://www.filestackapi.com/dialog/comm_iframe/"
1509210930451	Marionette	DEBUG	Received DOM event "DOMContentLoaded" for "https://letskodeit.teachable.com/courses"
1509210930721	Marionette	DEBUG	Received DOM event "DOMContentLoaded" for "https://dialog.filestackapi.com/dialog/comm_iframe/"
1509210930723	Marionette	DEBUG	Received DOM event "pageshow" for "https://dialog.filestackapi.com/dialog/comm_iframe/"
1509210930724	Marionette	DEBUG	Received DOM event "DOMContentLoaded" for "https://www.filestackapi.com/dialog/comm_iframe/"
1509210930725	Marionette	DEBUG	Received DOM event "pageshow" for "https://www.filestackapi.com/dialog/comm_iframe/"
1509210930764	Marionette	DEBUG	Received DOM event "pageshow" for "https://letskodeit.teachable.com/courses"
1509210930778	Marionette	DEBUG	Received DOM event "pageshow" for "https://letskodeit.teachable.com/p/practice"
1509210930804	Marionette	DEBUG	Received DOM event "beforeunload" for "https://letskodeit.teachable.com/p/practice"
1509210931184	Marionette	DEBUG	Received DOM event "pagehide" for "https://letskodeit.teachable.com/p/practice"
1509210931185	Marionette	DEBUG	Received DOM event "unload" for "https://letskodeit.teachable.com/p/practice"
1509210932019	Marionette	DEBUG	Received DOM event "DOMContentLoaded" for "https://sso.teachable.com/secure/42299/users/sign_in?reset_purchase_session=1"
1509210932320	Marionette	DEBUG	Received observer notification "outer-window-destroyed" for "2147483713"
1509210932342	Marionette	DEBUG	Received observer notification "outer-window-destroyed" for "2147483711"
1509210932345	Marionette	DEBUG	Received observer notification "outer-window-destroyed" for "2147483708"
1509210932348	Marionette	DEBUG	Received observer notification "outer-window-destroyed" for "2147483707"
1509210932362	Marionette	DEBUG	Received observer notification "outer-window-destroyed" for "2147483703"
1509210932365	Marionette	DEBUG	Received observer notification "outer-window-destroyed" for "2147483704"
1509210932368	Marionette	DEBUG	Received observer notification "outer-window-destroyed" for "2147483697"
1509210932369	Marionette	DEBUG	Received observer notification "outer-window-destroyed" for "2147483698"
1509210932370	Marionette	DEBUG	Received observer notification "outer-window-destroyed" for "2147483699"
1509210932831	Marionette	DEBUG	Received DOM event "DOMContentLoaded" for "https://dialog.filestackapi.com/dialog/comm_iframe/"
1509210932834	Marionette	DEBUG	Received DOM event "pageshow" for "https://dialog.filestackapi.com/dialog/comm_iframe/"
1509210932837	Marionette	DEBUG	Received DOM event "DOMContentLoaded" for "https://www.filestackapi.com/dialog/comm_iframe/"
1509210932838	Marionette	DEBUG	Received DOM event "pageshow" for "https://www.filestackapi.com/dialog/comm_iframe/"
1509210932892	Marionette	DEBUG	Received DOM event "pageshow" for "https://sso.teachable.com/secure/42299/users/sign_in?reset_purchase_session=1"
1509210932952	Marionette	DEBUG	Received DOM event "beforeunload" for "https://sso.teachable.com/secure/42299/users/sign_in?reset_purchase_session=1"
1509210932971	Marionette	DEBUG	Received DOM event "pagehide" for "https://sso.teachable.com/secure/42299/users/sign_in?reset_purchase_session=1"
1509210932972	Marionette	DEBUG	Received DOM event "unload" for "https://sso.teachable.com/secure/42299/users/sign_in?reset_purchase_session=1"
1509210933877	Marionette	DEBUG	Received DOM event "DOMContentLoaded" for "https://letskodeit.teachable.com/p/practice"
1509210933918	Marionette	DEBUG	Received observer notification "outer-window-destroyed" for "2147483722"
1509210933920	Marionette	DEBUG	Received observer notification "outer-window-destroyed" for "2147483720"
1509210933921	Marionette	DEBUG	Received observer notification "outer-window-destroyed" for "2147483716"
1509210933922	Marionette	DEBUG	Received observer notification "outer-window-destroyed" for "2147483717"
1509210934379	Marionette	DEBUG	Received DOM event "DOMContentLoaded" for "https://dialog.filestackapi.com/dialog/comm_iframe/"
1509210934385	Marionette	DEBUG	Received DOM event "pageshow" for "https://dialog.filestackapi.com/dialog/comm_iframe/"
1509210934387	Marionette	DEBUG	Received DOM event "DOMContentLoaded" for "https://www.filestackapi.com/dialog/comm_iframe/"
1509210934390	Marionette	DEBUG	Received DOM event "pageshow" for "https://www.filestackapi.com/dialog/comm_iframe/"
1509210935087	Marionette	DEBUG	Received DOM event "DOMContentLoaded" for "https://letskodeit.teachable.com/courses"
1509210935451	Marionette	DEBUG	Received DOM event "DOMContentLoaded" for "https://dialog.filestackapi.com/dialog/comm_iframe/"
1509210935453	Marionette	DEBUG	Received DOM event "pageshow" for "https://dialog.filestackapi.com/dialog/comm_iframe/"
1509210935455	Marionette	DEBUG	Received DOM event "DOMContentLoaded" for "https://www.filestackapi.com/dialog/comm_iframe/"
1509210935456	Marionette	DEBUG	Received DOM event "pageshow" for "https://www.filestackapi.com/dialog/comm_iframe/"
1509210937997	Marionette	DEBUG	Received DOM event "DOMContentLoaded" for "https://fast.wistia.com/embed/iframe_shim?domain=com"
1509210938000	Marionette	DEBUG	Received DOM event "pageshow" for "https://fast.wistia.com/embed/iframe_shim?domain=com"
1509210938000	Marionette	DEBUG	Received DOM event "DOMContentLoaded" for "https://fast.wistia.com/embed/iframe_shim?domain=com"
1509210938001	Marionette	DEBUG	Received DOM event "pageshow" for "https://fast.wistia.com/embed/iframe_shim?domain=com"
1509210938807	Marionette	DEBUG	Received DOM event "DOMContentLoaded" for "https://fast.wistia.com/embed/iframe_shim?domain=com"
1509210938809	Marionette	DEBUG	Received DOM event "pageshow" for "https://fast.wistia.com/embed/iframe_shim?domain=com"
1509210938822	Marionette	DEBUG	Received DOM event "pageshow" for "https://letskodeit.teachable.com/courses"
1509210938832	Marionette	DEBUG	Received DOM event "pageshow" for "https://letskodeit.teachable.com/p/practice"
1509210938905	Marionette	DEBUG	Received DOM event "beforeunload" for "https://letskodeit.teachable.com/p/practice"
1509210938913	Marionette	DEBUG	Received DOM event "pagehide" for "https://letskodeit.teachable.com/p/practice"
1509210938914	Marionette	DEBUG	Received DOM event "unload" for "https://letskodeit.teachable.com/p/practice"
1509210939597	Marionette	DEBUG	Received DOM event "DOMContentLoaded" for "https://sso.teachable.com/secure/42299/users/sign_in?reset_purchase_session=1"
1509210940139	Marionette	DEBUG	Received observer notification "outer-window-destroyed" for "2147483738"
1509210940141	Marionette	DEBUG	Received observer notification "outer-window-destroyed" for "2147483737"
1509210940143	Marionette	DEBUG	Received observer notification "outer-window-destroyed" for "2147483743"
1509210940150	Marionette	DEBUG	Received observer notification "outer-window-destroyed" for "2147483741"
1509210940153	Marionette	DEBUG	Received observer notification "outer-window-destroyed" for "2147483733"
1509210940154	Marionette	DEBUG	Received observer notification "outer-window-destroyed" for "2147483734"
1509210940156	Marionette	DEBUG	Received observer notification "outer-window-destroyed" for "2147483727"
1509210940157	Marionette	DEBUG	Received observer notification "outer-window-destroyed" for "2147483729"
1509210940158	Marionette	DEBUG	Received observer notification "outer-window-destroyed" for "2147483730"
1509210940332	Marionette	DEBUG	Received DOM event "DOMContentLoaded" for "https://dialog.filestackapi.com/dialog/comm_iframe/"
1509210940338	Marionette	DEBUG	Received DOM event "pageshow" for "https://dialog.filestackapi.com/dialog/comm_iframe/"
1509210940339	Marionette	DEBUG	Received DOM event "DOMContentLoaded" for "https://www.filestackapi.com/dialog/comm_iframe/"
1509210940341	Marionette	DEBUG	Received DOM event "pageshow" for "https://www.filestackapi.com/dialog/comm_iframe/"
1509210940391	Marionette	DEBUG	Received DOM event "pageshow" for "https://sso.teachable.com/secure/42299/users/sign_in?reset_purchase_session=1"
1509210940436	Marionette	INFO	New connections will no longer be accepted
1509211012361	geckodriver	INFO	Listening on 127.0.0.1:51012
1509211013404	geckodriver::marionette	INFO	Starting browser /Applications/Firefox.app/Contents/MacOS/firefox-bin with args ["-marionette"]
1509211015579	Marionette	INFO	Listening on port 51021
1509211015649	Marionette	WARN	TLS certificate errors will be ignored for this session
1509211016269	Marionette	DEBUG	loaded listener.js
1509211016453	Marionette	DEBUG	Received DOM event "beforeunload" for "about:blank"
2017-10-28 12:16:56.668 plugin-container[5828:1317916] *** CFMessagePort: bootstrap_register(): failed 1100 (0x44c) 'Permission denied', port = 0x913b, name = 'com.apple.tsm.portname'
See /usr/include/servers/bootstrap_defs.h for the error codes.
2017-10-28 12:16:56.672 plugin-container[5828:1317916] *** CFMessagePort: bootstrap_register(): failed 1100 (0x44c) 'Permission denied', port = 0x9503, name = 'com.apple.CFPasteboardClient'
See /usr/include/servers/bootstrap_defs.h for the error codes.
1509211017635	Marionette	DEBUG	Received DOM event "pagehide" for "about:blank"
1509211017635	Marionette	DEBUG	Received DOM event "unload" for "about:blank"
1509211018927	Marionette	DEBUG	Received DOM event "DOMContentLoaded" for "https://letskodeit.teachable.com/p/practice"
1509211019673	Marionette	DEBUG	Received DOM event "DOMContentLoaded" for "https://www.filestackapi.com/dialog/comm_iframe/"
1509211019677	Marionette	DEBUG	Received DOM event "pageshow" for "https://www.filestackapi.com/dialog/comm_iframe/"
1509211019678	Marionette	DEBUG	Received DOM event "DOMContentLoaded" for "https://dialog.filestackapi.com/dialog/comm_iframe/"
1509211019680	Marionette	DEBUG	Received DOM event "pageshow" for "https://dialog.filestackapi.com/dialog/comm_iframe/"
1509211020142	Marionette	DEBUG	Received DOM event "DOMContentLoaded" for "https://letskodeit.teachable.com/courses"
1509211020466	Marionette	DEBUG	Received DOM event "DOMContentLoaded" for "https://dialog.filestackapi.com/dialog/comm_iframe/"
1509211020470	Marionette	DEBUG	Received DOM event "pageshow" for "https://dialog.filestackapi.com/dialog/comm_iframe/"
1509211020471	Marionette	DEBUG	Received DOM event "DOMContentLoaded" for "https://www.filestackapi.com/dialog/comm_iframe/"
1509211020473	Marionette	DEBUG	Received DOM event "pageshow" for "https://www.filestackapi.com/dialog/comm_iframe/"
1509211020512	Marionette	DEBUG	Received DOM event "pageshow" for "https://letskodeit.teachable.com/courses"
1509211020578	Marionette	DEBUG	Received DOM event "DOMContentLoaded" for "https://fast.wistia.com/embed/iframe_shim?domain=com"
1509211020580	Marionette	DEBUG	Received DOM event "pageshow" for "https://fast.wistia.com/embed/iframe_shim?domain=com"
1509211020580	Marionette	DEBUG	Received DOM event "DOMContentLoaded" for "https://fast.wistia.com/embed/iframe_shim?domain=com"
1509211020582	Marionette	DEBUG	Received DOM event "pageshow" for "https://fast.wistia.com/embed/iframe_shim?domain=com"
1509211020720	Marionette	DEBUG	Received DOM event "pageshow" for "https://letskodeit.teachable.com/p/practice"
1509211020800	Marionette	DEBUG	Received DOM event "beforeunload" for "https://letskodeit.teachable.com/p/practice"
1509211021138	Marionette	DEBUG	Received DOM event "pagehide" for "https://letskodeit.teachable.com/p/practice"
1509211021138	Marionette	DEBUG	Received DOM event "unload" for "https://letskodeit.teachable.com/p/practice"
1509211021915	Marionette	DEBUG	Received DOM event "DOMContentLoaded" for "https://letskodeit.teachable.com/p/practice"
1509211021968	Marionette	DEBUG	Received observer notification "outer-window-destroyed" for "2147483671"
1509211021973	Marionette	DEBUG	Received observer notification "outer-window-destroyed" for "2147483669"
1509211021978	Marionette	DEBUG	Received observer notification "outer-window-destroyed" for "2147483664"
1509211021981	Marionette	DEBUG	Received observer notification "outer-window-destroyed" for "2147483663"
1509211021984	Marionette	DEBUG	Received observer notification "outer-window-destroyed" for "2147483659"
1509211021985	Marionette	DEBUG	Received observer notification "outer-window-destroyed" for "2147483660"
1509211021986	Marionette	DEBUG	Received observer notification "outer-window-destroyed" for "2147483653"
1509211021987	Marionette	DEBUG	Received observer notification "outer-window-destroyed" for "2147483655"
1509211021988	Marionette	DEBUG	Received observer notification "outer-window-destroyed" for "2147483656"
1509211022425	Marionette	DEBUG	Received DOM event "DOMContentLoaded" for "https://dialog.filestackapi.com/dialog/comm_iframe/"
1509211022428	Marionette	DEBUG	Received DOM event "pageshow" for "https://dialog.filestackapi.com/dialog/comm_iframe/"
1509211022431	Marionette	DEBUG	Received DOM event "DOMContentLoaded" for "https://www.filestackapi.com/dialog/comm_iframe/"
1509211022433	Marionette	DEBUG	Received DOM event "pageshow" for "https://www.filestackapi.com/dialog/comm_iframe/"
1509211022885	Marionette	DEBUG	Received DOM event "DOMContentLoaded" for "https://letskodeit.teachable.com/courses"
1509211023389	Marionette	DEBUG	Received DOM event "DOMContentLoaded" for "https://dialog.filestackapi.com/dialog/comm_iframe/"
1509211023391	Marionette	DEBUG	Received DOM event "pageshow" for "https://dialog.filestackapi.com/dialog/comm_iframe/"
1509211023394	Marionette	DEBUG	Received DOM event "DOMContentLoaded" for "https://www.filestackapi.com/dialog/comm_iframe/"
1509211023396	Marionette	DEBUG	Received DOM event "pageshow" for "https://www.filestackapi.com/dialog/comm_iframe/"
1509211023424	Marionette	DEBUG	Received DOM event "pageshow" for "https://letskodeit.teachable.com/courses"
1509211023444	Marionette	DEBUG	Received DOM event "pageshow" for "https://letskodeit.teachable.com/p/practice"
1509211023512	Marionette	DEBUG	Received DOM event "beforeunload" for "https://letskodeit.teachable.com/p/practice"
1509211023672	Marionette	DEBUG	Received DOM event "pagehide" for "https://letskodeit.teachable.com/p/practice"
1509211023673	Marionette	DEBUG	Received DOM event "unload" for "https://letskodeit.teachable.com/p/practice"
1509211024330	Marionette	DEBUG	Received DOM event "DOMContentLoaded" for "https://letskodeit.teachable.com/p/practice"
1509211024607	Marionette	DEBUG	Received observer notification "outer-window-destroyed" for "2147483692"
1509211024613	Marionette	DEBUG	Received observer notification "outer-window-destroyed" for "2147483690"
1509211024615	Marionette	DEBUG	Received observer notification "outer-window-destroyed" for "2147483687"
1509211024619	Marionette	DEBUG	Received observer notification "outer-window-destroyed" for "2147483686"
1509211024622	Marionette	DEBUG	Received observer notification "outer-window-destroyed" for "2147483682"
1509211024626	Marionette	DEBUG	Received observer notification "outer-window-destroyed" for "2147483683"
1509211024627	Marionette	DEBUG	Received observer notification "outer-window-destroyed" for "2147483676"
1509211024628	Marionette	DEBUG	Received observer notification "outer-window-destroyed" for "2147483677"
1509211024630	Marionette	DEBUG	Received observer notification "outer-window-destroyed" for "2147483678"
1509211024717	Marionette	DEBUG	Received DOM event "DOMContentLoaded" for "https://dialog.filestackapi.com/dialog/comm_iframe/"
1509211024719	Marionette	DEBUG	Received DOM event "pageshow" for "https://dialog.filestackapi.com/dialog/comm_iframe/"
1509211024721	Marionette	DEBUG	Received DOM event "DOMContentLoaded" for "https://www.filestackapi.com/dialog/comm_iframe/"
1509211024722	Marionette	DEBUG	Received DOM event "pageshow" for "https://www.filestackapi.com/dialog/comm_iframe/"
1509211025247	Marionette	DEBUG	Received DOM event "DOMContentLoaded" for "https://letskodeit.teachable.com/courses"
1509211025502	Marionette	DEBUG	Received DOM event "DOMContentLoaded" for "https://dialog.filestackapi.com/dialog/comm_iframe/"
1509211025504	Marionette	DEBUG	Received DOM event "pageshow" for "https://dialog.filestackapi.com/dialog/comm_iframe/"
1509211025505	Marionette	DEBUG	Received DOM event "DOMContentLoaded" for "https://www.filestackapi.com/dialog/comm_iframe/"
1509211025506	Marionette	DEBUG	Received DOM event "pageshow" for "https://www.filestackapi.com/dialog/comm_iframe/"
1509211025553	Marionette	DEBUG	Received DOM event "pageshow" for "https://letskodeit.teachable.com/courses"
1509211025575	Marionette	DEBUG	Received DOM event "pageshow" for "https://letskodeit.teachable.com/p/practice"
1509211025587	Marionette	DEBUG	Received DOM event "beforeunload" for "https://letskodeit.teachable.com/p/practice"
1509211025964	Marionette	DEBUG	Received DOM event "pagehide" for "https://letskodeit.teachable.com/p/practice"
1509211025964	Marionette	DEBUG	Received DOM event "unload" for "https://letskodeit.teachable.com/p/practice"
1509211027095	Marionette	DEBUG	Received DOM event "DOMContentLoaded" for "https://sso.teachable.com/secure/42299/users/sign_in?reset_purchase_session=1"
1509211027213	Marionette	DEBUG	Received observer notification "outer-window-destroyed" for "2147483714"
1509211027214	Marionette	DEBUG	Received observer notification "outer-window-destroyed" for "2147483712"
1509211027215	Marionette	DEBUG	Received observer notification "outer-window-destroyed" for "2147483709"
1509211027216	Marionette	DEBUG	Received observer notification "outer-window-destroyed" for "2147483708"
1509211027218	Marionette	DEBUG	Received observer notification "outer-window-destroyed" for "2147483704"
1509211027221	Marionette	DEBUG	Received observer notification "outer-window-destroyed" for "2147483705"
1509211027224	Marionette	DEBUG	Received observer notification "outer-window-destroyed" for "2147483698"
1509211027226	Marionette	DEBUG	Received observer notification "outer-window-destroyed" for "2147483699"
1509211027228	Marionette	DEBUG	Received observer notification "outer-window-destroyed" for "2147483700"
1509211027417	Marionette	DEBUG	Received DOM event "DOMContentLoaded" for "https://dialog.filestackapi.com/dialog/comm_iframe/"
1509211027422	Marionette	DEBUG	Received DOM event "pageshow" for "https://dialog.filestackapi.com/dialog/comm_iframe/"
1509211027424	Marionette	DEBUG	Received DOM event "DOMContentLoaded" for "https://www.filestackapi.com/dialog/comm_iframe/"
1509211027428	Marionette	DEBUG	Received DOM event "pageshow" for "https://www.filestackapi.com/dialog/comm_iframe/"
1509211027456	Marionette	DEBUG	Received DOM event "pageshow" for "https://sso.teachable.com/secure/42299/users/sign_in?reset_purchase_session=1"
1509211027492	Marionette	DEBUG	Received DOM event "beforeunload" for "https://sso.teachable.com/secure/42299/users/sign_in?reset_purchase_session=1"
1509211027516	Marionette	DEBUG	Received DOM event "pagehide" for "https://sso.teachable.com/secure/42299/users/sign_in?reset_purchase_session=1"
1509211027519	Marionette	DEBUG	Received DOM event "unload" for "https://sso.teachable.com/secure/42299/users/sign_in?reset_purchase_session=1"
1509211028117	Marionette	DEBUG	Received DOM event "DOMContentLoaded" for "https://letskodeit.teachable.com/p/practice"
1509211028188	Marionette	DEBUG	Received observer notification "outer-window-destroyed" for "2147483723"
1509211028190	Marionette	DEBUG	Received observer notification "outer-window-destroyed" for "2147483721"
1509211028191	Marionette	DEBUG	Received observer notification "outer-window-destroyed" for "2147483717"
1509211028191	Marionette	DEBUG	Received observer notification "outer-window-destroyed" for "2147483718"
1509211028432	Marionette	DEBUG	Received DOM event "DOMContentLoaded" for "https://dialog.filestackapi.com/dialog/comm_iframe/"
1509211028439	Marionette	DEBUG	Received DOM event "pageshow" for "https://dialog.filestackapi.com/dialog/comm_iframe/"
1509211028442	Marionette	DEBUG	Received DOM event "DOMContentLoaded" for "https://www.filestackapi.com/dialog/comm_iframe/"
1509211028444	Marionette	DEBUG	Received DOM event "pageshow" for "https://www.filestackapi.com/dialog/comm_iframe/"
1509211028882	Marionette	DEBUG	Received DOM event "DOMContentLoaded" for "https://letskodeit.teachable.com/courses"
1509211029185	Marionette	DEBUG	Received DOM event "DOMContentLoaded" for "https://dialog.filestackapi.com/dialog/comm_iframe/"
1509211029187	Marionette	DEBUG	Received DOM event "pageshow" for "https://dialog.filestackapi.com/dialog/comm_iframe/"
1509211029188	Marionette	DEBUG	Received DOM event "DOMContentLoaded" for "https://www.filestackapi.com/dialog/comm_iframe/"
1509211029190	Marionette	DEBUG	Received DOM event "pageshow" for "https://www.filestackapi.com/dialog/comm_iframe/"
1509211029305	Marionette	DEBUG	Received DOM event "pageshow" for "https://letskodeit.teachable.com/courses"
1509211029335	Marionette	DEBUG	Received DOM event "pageshow" for "https://letskodeit.teachable.com/p/practice"
1509211029447	Marionette	DEBUG	Received DOM event "beforeunload" for "https://letskodeit.teachable.com/p/practice"
1509211029468	Marionette	DEBUG	Received DOM event "pagehide" for "https://letskodeit.teachable.com/p/practice"
1509211029468	Marionette	DEBUG	Received DOM event "unload" for "https://letskodeit.teachable.com/p/practice"
1509211030243	Marionette	DEBUG	Received DOM event "DOMContentLoaded" for "https://sso.teachable.com/secure/42299/users/sign_in?reset_purchase_session=1"
1509211030430	Marionette	DEBUG	Received observer notification "outer-window-destroyed" for "2147483742"
1509211030432	Marionette	DEBUG	Received observer notification "outer-window-destroyed" for "2147483740"
1509211030433	Marionette	DEBUG	Received observer notification "outer-window-destroyed" for "2147483737"
1509211030435	Marionette	DEBUG	Received observer notification "outer-window-destroyed" for "2147483736"
1509211030435	Marionette	DEBUG	Received observer notification "outer-window-destroyed" for "2147483732"
1509211030436	Marionette	DEBUG	Received observer notification "outer-window-destroyed" for "2147483733"
1509211030438	Marionette	DEBUG	Received observer notification "outer-window-destroyed" for "2147483726"
1509211030438	Marionette	DEBUG	Received observer notification "outer-window-destroyed" for "2147483728"
1509211030439	Marionette	DEBUG	Received observer notification "outer-window-destroyed" for "2147483729"
1509211030534	Marionette	DEBUG	Received DOM event "DOMContentLoaded" for "https://dialog.filestackapi.com/dialog/comm_iframe/"
1509211030535	Marionette	DEBUG	Received DOM event "pageshow" for "https://dialog.filestackapi.com/dialog/comm_iframe/"
1509211030537	Marionette	DEBUG	Received DOM event "DOMContentLoaded" for "https://www.filestackapi.com/dialog/comm_iframe/"
1509211030539	Marionette	DEBUG	Received DOM event "pageshow" for "https://www.filestackapi.com/dialog/comm_iframe/"
1509211030570	Marionette	DEBUG	Received DOM event "pageshow" for "https://sso.teachable.com/secure/42299/users/sign_in?reset_purchase_session=1"
1509211030605	Marionette	INFO	New connections will no longer be accepted
1511210970051	geckodriver	INFO	Listening on 127.0.0.1:58124
1511210971078	geckodriver::marionette	INFO	Starting browser /Applications/Firefox.app/Contents/MacOS/firefox-bin with args ["-marionette"]
1511210973503	Marionette	INFO	Listening on port 58136
1511210973626	Marionette	WARN	TLS certificate errors will be ignored for this session
1511210973882	Marionette	DEBUG	loaded listener.js
1511210973925	Marionette	DEBUG	Received DOM event "beforeunload" for "about:blank"
2017-11-20 14:49:34.024 plugin-container[4642:626384] *** CFMessagePort: bootstrap_register(): failed 1100 (0x44c) 'Permission denied', port = 0x9133, name = 'com.apple.tsm.portname'
See /usr/include/servers/bootstrap_defs.h for the error codes.
2017-11-20 14:49:34.029 plugin-container[4642:626384] *** CFMessagePort: bootstrap_register(): failed 1100 (0x44c) 'Permission denied', port = 0x9503, name = 'com.apple.CFPasteboardClient'
See /usr/include/servers/bootstrap_defs.h for the error codes.
1511210975169	Marionette	DEBUG	Received DOM event "pagehide" for "about:blank"
1511210975169	Marionette	DEBUG	Received DOM event "unload" for "about:blank"
1511210977181	Marionette	DEBUG	Received DOM event "DOMContentLoaded" for "https://letskodeit.teachable.com/p/practice"
1511210978674	Marionette	DEBUG	Received DOM event "DOMContentLoaded" for "https://letskodeit.teachable.com/courses"
1511210978702	Marionette	DEBUG	Received DOM event "DOMContentLoaded" for "https://www.filestackapi.com/dialog/comm_iframe/"
1511210978713	Marionette	DEBUG	Received DOM event "pageshow" for "https://www.filestackapi.com/dialog/comm_iframe/"
1511210978787	Marionette	DEBUG	Received DOM event "DOMContentLoaded" for "https://dialog.filestackapi.com/dialog/comm_iframe/"
1511210978788	Marionette	DEBUG	Received DOM event "pageshow" for "https://dialog.filestackapi.com/dialog/comm_iframe/"
1511210978870	Marionette	DEBUG	Received DOM event "DOMContentLoaded" for "https://dialog.filestackapi.com/dialog/comm_iframe/"
1511210978874	Marionette	DEBUG	Received DOM event "pageshow" for "https://dialog.filestackapi.com/dialog/comm_iframe/"
1511210978876	Marionette	DEBUG	Received DOM event "DOMContentLoaded" for "https://www.filestackapi.com/dialog/comm_iframe/"
1511210978877	Marionette	DEBUG	Received DOM event "pageshow" for "https://www.filestackapi.com/dialog/comm_iframe/"
1511210978919	Marionette	DEBUG	Received DOM event "pageshow" for "https://letskodeit.teachable.com/courses"
1511210978976	Marionette	DEBUG	Received DOM event "DOMContentLoaded" for "https://fast.wistia.com/embed/iframe_shim?domain=com"
1511210978977	Marionette	DEBUG	Received DOM event "pageshow" for "https://fast.wistia.com/embed/iframe_shim?domain=com"
1511210978977	Marionette	DEBUG	Received DOM event "DOMContentLoaded" for "https://fast.wistia.com/embed/iframe_shim?domain=com"
1511210978978	Marionette	DEBUG	Received DOM event "pageshow" for "https://fast.wistia.com/embed/iframe_shim?domain=com"
1511210979286	Marionette	DEBUG	Received DOM event "pageshow" for "https://letskodeit.teachable.com/p/practice"
1511210979322	Marionette	DEBUG	Received DOM event "beforeunload" for "https://letskodeit.teachable.com/p/practice"
1511210979777	Marionette	DEBUG	Received DOM event "pagehide" for "https://letskodeit.teachable.com/p/practice"
1511210979777	Marionette	DEBUG	Received DOM event "unload" for "https://letskodeit.teachable.com/p/practice"
1511210979989	Marionette	DEBUG	Received observer notification "outer-window-destroyed" for "2147483666"
1511210980553	Marionette	DEBUG	Received DOM event "DOMContentLoaded" for "https://letskodeit.teachable.com/p/practice"
1511210980658	Marionette	DEBUG	Received observer notification "outer-window-destroyed" for "2147483673"
1511210980660	Marionette	DEBUG	Received observer notification "outer-window-destroyed" for "2147483671"
1511210980670	Marionette	DEBUG	Received observer notification "outer-window-destroyed" for "2147483665"
1511210980674	Marionette	DEBUG	Received observer notification "outer-window-destroyed" for "2147483659"
1511210980677	Marionette	DEBUG	Received observer notification "outer-window-destroyed" for "2147483660"
1511210980678	Marionette	DEBUG	Received observer notification "outer-window-destroyed" for "2147483653"
1511210980679	Marionette	DEBUG	Received observer notification "outer-window-destroyed" for "2147483655"
1511210980680	Marionette	DEBUG	Received observer notification "outer-window-destroyed" for "2147483656"
1511210980956	Marionette	DEBUG	Received DOM event "DOMContentLoaded" for "https://dialog.filestackapi.com/dialog/comm_iframe/"
1511210980961	Marionette	DEBUG	Received DOM event "pageshow" for "https://dialog.filestackapi.com/dialog/comm_iframe/"
1511210980965	Marionette	DEBUG	Received DOM event "DOMContentLoaded" for "https://www.filestackapi.com/dialog/comm_iframe/"
1511210980967	Marionette	DEBUG	Received DOM event "pageshow" for "https://www.filestackapi.com/dialog/comm_iframe/"
1511210981570	Marionette	DEBUG	Received DOM event "DOMContentLoaded" for "https://letskodeit.teachable.com/courses"
1511210981979	Marionette	DEBUG	Received DOM event "DOMContentLoaded" for "https://dialog.filestackapi.com/dialog/comm_iframe/"
1511210981981	Marionette	DEBUG	Received DOM event "pageshow" for "https://dialog.filestackapi.com/dialog/comm_iframe/"
1511210981982	Marionette	DEBUG	Received DOM event "DOMContentLoaded" for "https://www.filestackapi.com/dialog/comm_iframe/"
1511210981984	Marionette	DEBUG	Received DOM event "pageshow" for "https://www.filestackapi.com/dialog/comm_iframe/"
1511210982014	Marionette	DEBUG	Received DOM event "pageshow" for "https://letskodeit.teachable.com/courses"
1511210982034	Marionette	DEBUG	Received DOM event "pageshow" for "https://letskodeit.teachable.com/p/practice"
1511210982160	Marionette	DEBUG	Received DOM event "beforeunload" for "https://letskodeit.teachable.com/p/practice"
1511210982339	Marionette	DEBUG	Received DOM event "pagehide" for "https://letskodeit.teachable.com/p/practice"
1511210982340	Marionette	DEBUG	Received DOM event "unload" for "https://letskodeit.teachable.com/p/practice"
1511210982841	Marionette	DEBUG	Received DOM event "DOMContentLoaded" for "https://letskodeit.teachable.com/p/practice"
1511210983064	Marionette	DEBUG	Received observer notification "outer-window-destroyed" for "2147483692"
1511210983067	Marionette	DEBUG	Received observer notification "outer-window-destroyed" for "2147483690"
1511210983073	Marionette	DEBUG	Received observer notification "outer-window-destroyed" for "2147483687"
1511210983079	Marionette	DEBUG	Received observer notification "outer-window-destroyed" for "2147483686"
1511210983081	Marionette	DEBUG	Received observer notification "outer-window-destroyed" for "2147483682"
1511210983082	Marionette	DEBUG	Received observer notification "outer-window-destroyed" for "2147483683"
1511210983084	Marionette	DEBUG	Received observer notification "outer-window-destroyed" for "2147483676"
1511210983088	Marionette	DEBUG	Received observer notification "outer-window-destroyed" for "2147483677"
1511210983090	Marionette	DEBUG	Received observer notification "outer-window-destroyed" for "2147483678"
1511210983165	Marionette	DEBUG	Received DOM event "DOMContentLoaded" for "https://dialog.filestackapi.com/dialog/comm_iframe/"
1511210983168	Marionette	DEBUG	Received DOM event "pageshow" for "https://dialog.filestackapi.com/dialog/comm_iframe/"
1511210983171	Marionette	DEBUG	Received DOM event "DOMContentLoaded" for "https://www.filestackapi.com/dialog/comm_iframe/"
1511210983173	Marionette	DEBUG	Received DOM event "pageshow" for "https://www.filestackapi.com/dialog/comm_iframe/"
1511210983863	Marionette	DEBUG	Received DOM event "DOMContentLoaded" for "https://letskodeit.teachable.com/courses"
1511210984284	Marionette	DEBUG	Received DOM event "DOMContentLoaded" for "https://dialog.filestackapi.com/dialog/comm_iframe/"
1511210984290	Marionette	DEBUG	Received DOM event "pageshow" for "https://dialog.filestackapi.com/dialog/comm_iframe/"
1511210984292	Marionette	DEBUG	Received DOM event "DOMContentLoaded" for "https://www.filestackapi.com/dialog/comm_iframe/"
1511210984295	Marionette	DEBUG	Received DOM event "pageshow" for "https://www.filestackapi.com/dialog/comm_iframe/"
1511210984481	Marionette	DEBUG	Received DOM event "pageshow" for "https://letskodeit.teachable.com/courses"
1511210984501	Marionette	DEBUG	Received DOM event "pageshow" for "https://letskodeit.teachable.com/p/practice"
1511210984523	Marionette	DEBUG	Received DOM event "beforeunload" for "https://letskodeit.teachable.com/p/practice"
1511210985442	Marionette	DEBUG	Received DOM event "pagehide" for "https://letskodeit.teachable.com/p/practice"
1511210985443	Marionette	DEBUG	Received DOM event "unload" for "https://letskodeit.teachable.com/p/practice"
1511210985874	Marionette	DEBUG	Received DOM event "DOMContentLoaded" for "https://sso.teachable.com/secure/42299/users/sign_in?reset_purchase_session=1"
1511210985964	Marionette	DEBUG	Received observer notification "outer-window-destroyed" for "2147483715"
1511210985965	Marionette	DEBUG	Received observer notification "outer-window-destroyed" for "2147483713"
1511210985966	Marionette	DEBUG	Received observer notification "outer-window-destroyed" for "2147483710"
1511210985966	Marionette	DEBUG	Received observer notification "outer-window-destroyed" for "2147483709"
1511210985967	Marionette	DEBUG	Received observer notification "outer-window-destroyed" for "2147483705"
1511210985968	Marionette	DEBUG	Received observer notification "outer-window-destroyed" for "2147483706"
1511210985971	Marionette	DEBUG	Received observer notification "outer-window-destroyed" for "2147483699"
1511210985973	Marionette	DEBUG	Received observer notification "outer-window-destroyed" for "2147483700"
1511210985975	Marionette	DEBUG	Received observer notification "outer-window-destroyed" for "2147483701"
1511210986033	Marionette	DEBUG	Received DOM event "DOMContentLoaded" for "https://dialog.filestackapi.com/dialog/comm_iframe/"
1511210986035	Marionette	DEBUG	Received DOM event "pageshow" for "https://dialog.filestackapi.com/dialog/comm_iframe/"
1511210986036	Marionette	DEBUG	Received DOM event "DOMContentLoaded" for "https://www.filestackapi.com/dialog/comm_iframe/"
1511210986038	Marionette	DEBUG	Received DOM event "pageshow" for "https://www.filestackapi.com/dialog/comm_iframe/"
1511210986616	Marionette	DEBUG	Received DOM event "pageshow" for "https://sso.teachable.com/secure/42299/users/sign_in?reset_purchase_session=1"
1511210986654	Marionette	DEBUG	Received DOM event "beforeunload" for "https://sso.teachable.com/secure/42299/users/sign_in?reset_purchase_session=1"
1511210986673	Marionette	DEBUG	Received DOM event "pagehide" for "https://sso.teachable.com/secure/42299/users/sign_in?reset_purchase_session=1"
1511210986674	Marionette	DEBUG	Received DOM event "unload" for "https://sso.teachable.com/secure/42299/users/sign_in?reset_purchase_session=1"
1511210987126	Marionette	DEBUG	Received DOM event "DOMContentLoaded" for "https://letskodeit.teachable.com/p/practice"
1511210987307	Marionette	DEBUG	Received observer notification "outer-window-destroyed" for "2147483724"
1511210987308	Marionette	DEBUG	Received observer notification "outer-window-destroyed" for "2147483722"
1511210987309	Marionette	DEBUG	Received observer notification "outer-window-destroyed" for "2147483718"
1511210987311	Marionette	DEBUG	Received observer notification "outer-window-destroyed" for "2147483719"
1511210987418	Marionette	DEBUG	Received DOM event "DOMContentLoaded" for "https://dialog.filestackapi.com/dialog/comm_iframe/"
1511210987421	Marionette	DEBUG	Received DOM event "pageshow" for "https://dialog.filestackapi.com/dialog/comm_iframe/"
1511210987423	Marionette	DEBUG	Received DOM event "DOMContentLoaded" for "https://www.filestackapi.com/dialog/comm_iframe/"
1511210987424	Marionette	DEBUG	Received DOM event "pageshow" for "https://www.filestackapi.com/dialog/comm_iframe/"
1511210987891	Marionette	DEBUG	Received DOM event "DOMContentLoaded" for "https://letskodeit.teachable.com/courses"
1511210988135	Marionette	DEBUG	Received DOM event "DOMContentLoaded" for "https://dialog.filestackapi.com/dialog/comm_iframe/"
1511210988137	Marionette	DEBUG	Received DOM event "pageshow" for "https://dialog.filestackapi.com/dialog/comm_iframe/"
1511210988139	Marionette	DEBUG	Received DOM event "DOMContentLoaded" for "https://www.filestackapi.com/dialog/comm_iframe/"
1511210988140	Marionette	DEBUG	Received DOM event "pageshow" for "https://www.filestackapi.com/dialog/comm_iframe/"
1511210988178	Marionette	DEBUG	Received DOM event "pageshow" for "https://letskodeit.teachable.com/courses"
1511210988192	Marionette	DEBUG	Received DOM event "pageshow" for "https://letskodeit.teachable.com/p/practice"
1511210988250	Marionette	DEBUG	Received DOM event "beforeunload" for "https://letskodeit.teachable.com/p/practice"
1511210988267	Marionette	DEBUG	Received DOM event "pagehide" for "https://letskodeit.teachable.com/p/practice"
1511210988268	Marionette	DEBUG	Received DOM event "unload" for "https://letskodeit.teachable.com/p/practice"
1511210988744	Marionette	DEBUG	Received DOM event "DOMContentLoaded" for "https://sso.teachable.com/secure/42299/users/sign_in?reset_purchase_session=1"
1511210988887	Marionette	DEBUG	Received observer notification "outer-window-destroyed" for "2147483743"
1511210988891	Marionette	DEBUG	Received observer notification "outer-window-destroyed" for "2147483741"
1511210988894	Marionette	DEBUG	Received observer notification "outer-window-destroyed" for "2147483738"
1511210988895	Marionette	DEBUG	Received observer notification "outer-window-destroyed" for "2147483737"
1511210988896	Marionette	DEBUG	Received observer notification "outer-window-destroyed" for "2147483733"
1511210988897	Marionette	DEBUG	Received observer notification "outer-window-destroyed" for "2147483734"
1511210988898	Marionette	DEBUG	Received observer notification "outer-window-destroyed" for "2147483727"
1511210988898	Marionette	DEBUG	Received observer notification "outer-window-destroyed" for "2147483729"
1511210988899	Marionette	DEBUG	Received observer notification "outer-window-destroyed" for "2147483730"
1511210988949	Marionette	DEBUG	Received DOM event "DOMContentLoaded" for "https://dialog.filestackapi.com/dialog/comm_iframe/"
1511210988950	Marionette	DEBUG	Received DOM event "pageshow" for "https://dialog.filestackapi.com/dialog/comm_iframe/"
1511210988951	Marionette	DEBUG	Received DOM event "DOMContentLoaded" for "https://www.filestackapi.com/dialog/comm_iframe/"
1511210988954	Marionette	DEBUG	Received DOM event "pageshow" for "https://www.filestackapi.com/dialog/comm_iframe/"
1511210988999	Marionette	DEBUG	Received DOM event "pageshow" for "https://sso.teachable.com/secure/42299/users/sign_in?reset_purchase_session=1"
1511210989035	Marionette	INFO	New connections will no longer be accepted
1511211888856	geckodriver	INFO	Listening on 127.0.0.1:58334
1511211889889	geckodriver::marionette	INFO	Starting browser /Applications/Firefox.app/Contents/MacOS/firefox-bin with args ["-marionette"]
1511211891927	Marionette	INFO	Listening on port 58343
1511211892015	Marionette	WARN	TLS certificate errors will be ignored for this session
1511211892210	Marionette	DEBUG	loaded listener.js
1511211892244	Marionette	DEBUG	Received DOM event "beforeunload" for "about:blank"
2017-11-20 15:04:52.306 plugin-container[4703:633221] *** CFMessagePort: bootstrap_register(): failed 1100 (0x44c) 'Permission denied', port = 0x913b, name = 'com.apple.tsm.portname'
See /usr/include/servers/bootstrap_defs.h for the error codes.
2017-11-20 15:04:52.312 plugin-container[4703:633221] *** CFMessagePort: bootstrap_register(): failed 1100 (0x44c) 'Permission denied', port = 0x9403, name = 'com.apple.CFPasteboardClient'
See /usr/include/servers/bootstrap_defs.h for the error codes.
1511211894084	Marionette	DEBUG	Received DOM event "pagehide" for "about:blank"
1511211894085	Marionette	DEBUG	Received DOM event "unload" for "about:blank"
1511211894967	Marionette	DEBUG	Received DOM event "DOMContentLoaded" for "https://letskodeit.teachable.com/p/practice"
1511211895620	Marionette	DEBUG	Received DOM event "DOMContentLoaded" for "https://www.filestackapi.com/dialog/comm_iframe/"
1511211895626	Marionette	DEBUG	Received DOM event "pageshow" for "https://www.filestackapi.com/dialog/comm_iframe/"
1511211895627	Marionette	DEBUG	Received DOM event "DOMContentLoaded" for "https://dialog.filestackapi.com/dialog/comm_iframe/"
1511211895629	Marionette	DEBUG	Received DOM event "pageshow" for "https://dialog.filestackapi.com/dialog/comm_iframe/"
1511211896086	Marionette	DEBUG	Received DOM event "DOMContentLoaded" for "https://letskodeit.teachable.com/courses"
1511211896311	Marionette	DEBUG	Received DOM event "DOMContentLoaded" for "https://dialog.filestackapi.com/dialog/comm_iframe/"
1511211896314	Marionette	DEBUG	Received DOM event "pageshow" for "https://dialog.filestackapi.com/dialog/comm_iframe/"
1511211896315	Marionette	DEBUG	Received DOM event "DOMContentLoaded" for "https://www.filestackapi.com/dialog/comm_iframe/"
1511211896319	Marionette	DEBUG	Received DOM event "pageshow" for "https://www.filestackapi.com/dialog/comm_iframe/"
1511211896368	Marionette	DEBUG	Received DOM event "pageshow" for "https://letskodeit.teachable.com/courses"
1511211896416	Marionette	DEBUG	Received DOM event "DOMContentLoaded" for "https://fast.wistia.com/embed/iframe_shim?domain=com"
1511211896418	Marionette	DEBUG	Received DOM event "pageshow" for "https://fast.wistia.com/embed/iframe_shim?domain=com"
1511211896418	Marionette	DEBUG	Received DOM event "DOMContentLoaded" for "https://fast.wistia.com/embed/iframe_shim?domain=com"
1511211896420	Marionette	DEBUG	Received DOM event "pageshow" for "https://fast.wistia.com/embed/iframe_shim?domain=com"
1511211896674	Marionette	DEBUG	Received DOM event "pageshow" for "https://letskodeit.teachable.com/p/practice"
1511211896721	Marionette	DEBUG	Received DOM event "beforeunload" for "https://letskodeit.teachable.com/p/practice"
1511211897296	Marionette	DEBUG	Received DOM event "pagehide" for "https://letskodeit.teachable.com/p/practice"
1511211897296	Marionette	DEBUG	Received DOM event "unload" for "https://letskodeit.teachable.com/p/practice"
1511211897432	Marionette	DEBUG	Received observer notification "outer-window-destroyed" for "2147483664"
1511211898018	Marionette	DEBUG	Received DOM event "DOMContentLoaded" for "https://letskodeit.teachable.com/p/practice"
1511211898062	Marionette	DEBUG	Received observer notification "outer-window-destroyed" for "2147483671"
1511211898065	Marionette	DEBUG	Received observer notification "outer-window-destroyed" for "2147483669"
1511211898104	Marionette	DEBUG	Received observer notification "outer-window-destroyed" for "2147483663"
1511211898105	Marionette	DEBUG	Received observer notification "outer-window-destroyed" for "2147483659"
1511211898106	Marionette	DEBUG	Received observer notification "outer-window-destroyed" for "2147483660"
1511211898107	Marionette	DEBUG	Received observer notification "outer-window-destroyed" for "2147483653"
1511211898107	Marionette	DEBUG	Received observer notification "outer-window-destroyed" for "2147483654"
1511211898109	Marionette	DEBUG	Received observer notification "outer-window-destroyed" for "2147483655"
1511211898360	Marionette	DEBUG	Received DOM event "DOMContentLoaded" for "https://www.filestackapi.com/dialog/comm_iframe/"
1511211898365	Marionette	DEBUG	Received DOM event "pageshow" for "https://www.filestackapi.com/dialog/comm_iframe/"
1511211898371	Marionette	DEBUG	Received DOM event "DOMContentLoaded" for "https://dialog.filestackapi.com/dialog/comm_iframe/"
1511211898372	Marionette	DEBUG	Received DOM event "pageshow" for "https://dialog.filestackapi.com/dialog/comm_iframe/"
1511211899073	Marionette	DEBUG	Received DOM event "DOMContentLoaded" for "https://letskodeit.teachable.com/courses"
1511211899446	Marionette	DEBUG	Received DOM event "DOMContentLoaded" for "https://www.filestackapi.com/dialog/comm_iframe/"
1511211899450	Marionette	DEBUG	Received DOM event "pageshow" for "https://www.filestackapi.com/dialog/comm_iframe/"
1511211899452	Marionette	DEBUG	Received DOM event "DOMContentLoaded" for "https://dialog.filestackapi.com/dialog/comm_iframe/"
1511211899453	Marionette	DEBUG	Received DOM event "pageshow" for "https://dialog.filestackapi.com/dialog/comm_iframe/"
1511211899578	Marionette	DEBUG	Received DOM event "pageshow" for "https://letskodeit.teachable.com/courses"
1511211899597	Marionette	DEBUG	Received DOM event "pageshow" for "https://letskodeit.teachable.com/p/practice"
1511211899623	Marionette	DEBUG	Received DOM event "beforeunload" for "https://letskodeit.teachable.com/p/practice"
1511211899866	Marionette	DEBUG	Received DOM event "pagehide" for "https://letskodeit.teachable.com/p/practice"
1511211899867	Marionette	DEBUG	Received DOM event "unload" for "https://letskodeit.teachable.com/p/practice"
1511211900366	Marionette	DEBUG	Received DOM event "DOMContentLoaded" for "https://letskodeit.teachable.com/p/practice"
1511211900617	Marionette	DEBUG	Received observer notification "outer-window-destroyed" for "2147483692"
1511211900620	Marionette	DEBUG	Received observer notification "outer-window-destroyed" for "2147483690"
1511211900621	Marionette	DEBUG	Received observer notification "outer-window-destroyed" for "2147483687"
1511211900623	Marionette	DEBUG	Received observer notification "outer-window-destroyed" for "2147483686"
1511211900625	Marionette	DEBUG	Received observer notification "outer-window-destroyed" for "2147483682"
1511211900627	Marionette	DEBUG	Received observer notification "outer-window-destroyed" for "2147483683"
1511211900628	Marionette	DEBUG	Received observer notification "outer-window-destroyed" for "2147483676"
1511211900630	Marionette	DEBUG	Received observer notification "outer-window-destroyed" for "2147483677"
1511211900633	Marionette	DEBUG	Received observer notification "outer-window-destroyed" for "2147483678"
1511211900724	Marionette	DEBUG	Received DOM event "DOMContentLoaded" for "https://dialog.filestackapi.com/dialog/comm_iframe/"
1511211900728	Marionette	DEBUG	Received DOM event "pageshow" for "https://dialog.filestackapi.com/dialog/comm_iframe/"
1511211900733	Marionette	DEBUG	Received DOM event "DOMContentLoaded" for "https://www.filestackapi.com/dialog/comm_iframe/"
1511211900736	Marionette	DEBUG	Received DOM event "pageshow" for "https://www.filestackapi.com/dialog/comm_iframe/"
1511211901310	Marionette	DEBUG	Received DOM event "DOMContentLoaded" for "https://letskodeit.teachable.com/courses"
1511211901431	Marionette	DEBUG	Received DOM event "DOMContentLoaded" for "https://dialog.filestackapi.com/dialog/comm_iframe/"
1511211901433	Marionette	DEBUG	Received DOM event "pageshow" for "https://dialog.filestackapi.com/dialog/comm_iframe/"
1511211901434	Marionette	DEBUG	Received DOM event "DOMContentLoaded" for "https://www.filestackapi.com/dialog/comm_iframe/"
1511211901437	Marionette	DEBUG	Received DOM event "pageshow" for "https://www.filestackapi.com/dialog/comm_iframe/"
1511211902831	Marionette	DEBUG	Received DOM event "pageshow" for "https://letskodeit.teachable.com/courses"
1511211902858	Marionette	DEBUG	Received DOM event "pageshow" for "https://letskodeit.teachable.com/p/practice"
1511211902868	Marionette	DEBUG	Received DOM event "beforeunload" for "https://letskodeit.teachable.com/p/practice"
1511211903680	Marionette	DEBUG	Received DOM event "pagehide" for "https://letskodeit.teachable.com/p/practice"
1511211903681	Marionette	DEBUG	Received DOM event "unload" for "https://letskodeit.teachable.com/p/practice"
1511211904153	Marionette	DEBUG	Received DOM event "DOMContentLoaded" for "https://sso.teachable.com/secure/42299/users/sign_in?reset_purchase_session=1"
1511211904243	Marionette	DEBUG	Received observer notification "outer-window-destroyed" for "2147483711"
1511211904245	Marionette	DEBUG	Received observer notification "outer-window-destroyed" for "2147483709"
1511211904248	Marionette	DEBUG	Received observer notification "outer-window-destroyed" for "2147483706"
1511211904249	Marionette	DEBUG	Received observer notification "outer-window-destroyed" for "2147483705"
1511211904250	Marionette	DEBUG	Received observer notification "outer-window-destroyed" for "2147483701"
1511211904252	Marionette	DEBUG	Received observer notification "outer-window-destroyed" for "2147483702"
1511211904253	Marionette	DEBUG	Received observer notification "outer-window-destroyed" for "2147483695"
1511211904254	Marionette	DEBUG	Received observer notification "outer-window-destroyed" for "2147483696"
1511211904255	Marionette	DEBUG	Received observer notification "outer-window-destroyed" for "2147483697"
1511211904373	Marionette	DEBUG	Received DOM event "DOMContentLoaded" for "https://dialog.filestackapi.com/dialog/comm_iframe/"
1511211904375	Marionette	DEBUG	Received DOM event "pageshow" for "https://dialog.filestackapi.com/dialog/comm_iframe/"
1511211904375	Marionette	DEBUG	Received DOM event "DOMContentLoaded" for "https://www.filestackapi.com/dialog/comm_iframe/"
1511211904376	Marionette	DEBUG	Received DOM event "pageshow" for "https://www.filestackapi.com/dialog/comm_iframe/"
1511211904465	Marionette	DEBUG	Received DOM event "pageshow" for "https://sso.teachable.com/secure/42299/users/sign_in?reset_purchase_session=1"
1511211904500	Marionette	DEBUG	Received DOM event "beforeunload" for "https://sso.teachable.com/secure/42299/users/sign_in?reset_purchase_session=1"
1511211904517	Marionette	DEBUG	Received DOM event "pagehide" for "https://sso.teachable.com/secure/42299/users/sign_in?reset_purchase_session=1"
1511211904518	Marionette	DEBUG	Received DOM event "unload" for "https://sso.teachable.com/secure/42299/users/sign_in?reset_purchase_session=1"
1511211905020	Marionette	DEBUG	Received DOM event "DOMContentLoaded" for "https://letskodeit.teachable.com/p/practice"
1511211905067	Marionette	DEBUG	Received observer notification "outer-window-destroyed" for "2147483720"
1511211905068	Marionette	DEBUG	Received observer notification "outer-window-destroyed" for "2147483718"
1511211905069	Marionette	DEBUG	Received observer notification "outer-window-destroyed" for "2147483714"
1511211905070	Marionette	DEBUG	Received observer notification "outer-window-destroyed" for "2147483715"
1511211905323	Marionette	DEBUG	Received DOM event "DOMContentLoaded" for "https://dialog.filestackapi.com/dialog/comm_iframe/"
1511211905325	Marionette	DEBUG	Received DOM event "pageshow" for "https://dialog.filestackapi.com/dialog/comm_iframe/"
1511211905327	Marionette	DEBUG	Received DOM event "DOMContentLoaded" for "https://www.filestackapi.com/dialog/comm_iframe/"
1511211905328	Marionette	DEBUG	Received DOM event "pageshow" for "https://www.filestackapi.com/dialog/comm_iframe/"
1511211905741	Marionette	DEBUG	Received DOM event "DOMContentLoaded" for "https://letskodeit.teachable.com/courses"
1511211906130	Marionette	DEBUG	Received DOM event "DOMContentLoaded" for "https://dialog.filestackapi.com/dialog/comm_iframe/"
1511211906131	Marionette	DEBUG	Received DOM event "pageshow" for "https://dialog.filestackapi.com/dialog/comm_iframe/"
1511211906131	Marionette	DEBUG	Received DOM event "DOMContentLoaded" for "https://www.filestackapi.com/dialog/comm_iframe/"
1511211906132	Marionette	DEBUG	Received DOM event "pageshow" for "https://www.filestackapi.com/dialog/comm_iframe/"
1511211906145	Marionette	DEBUG	Received DOM event "pageshow" for "https://letskodeit.teachable.com/courses"
1511211906173	Marionette	DEBUG	Received DOM event "pageshow" for "https://letskodeit.teachable.com/p/practice"
1511211906238	Marionette	DEBUG	Received DOM event "beforeunload" for "https://letskodeit.teachable.com/p/practice"
1511211906254	Marionette	DEBUG	Received DOM event "pagehide" for "https://letskodeit.teachable.com/p/practice"
1511211906255	Marionette	DEBUG	Received DOM event "unload" for "https://letskodeit.teachable.com/p/practice"
1511211906734	Marionette	DEBUG	Received DOM event "DOMContentLoaded" for "https://sso.teachable.com/secure/42299/users/sign_in?reset_purchase_session=1"
1511211906931	Marionette	DEBUG	Received observer notification "outer-window-destroyed" for "2147483739"
1511211906932	Marionette	DEBUG	Received observer notification "outer-window-destroyed" for "2147483737"
1511211906933	Marionette	DEBUG	Received observer notification "outer-window-destroyed" for "2147483734"
1511211906935	Marionette	DEBUG	Received observer notification "outer-window-destroyed" for "2147483733"
1511211906935	Marionette	DEBUG	Received observer notification "outer-window-destroyed" for "2147483729"
1511211906936	Marionette	DEBUG	Received observer notification "outer-window-destroyed" for "2147483730"
1511211906938	Marionette	DEBUG	Received observer notification "outer-window-destroyed" for "2147483723"
1511211906939	Marionette	DEBUG	Received observer notification "outer-window-destroyed" for "2147483725"
1511211906939	Marionette	DEBUG	Received observer notification "outer-window-destroyed" for "2147483726"
1511211907007	Marionette	DEBUG	Received DOM event "DOMContentLoaded" for "https://dialog.filestackapi.com/dialog/comm_iframe/"
1511211907009	Marionette	DEBUG	Received DOM event "pageshow" for "https://dialog.filestackapi.com/dialog/comm_iframe/"
1511211907010	Marionette	DEBUG	Received DOM event "DOMContentLoaded" for "https://www.filestackapi.com/dialog/comm_iframe/"
1511211907010	Marionette	DEBUG	Received DOM event "pageshow" for "https://www.filestackapi.com/dialog/comm_iframe/"
1511211907048	Marionette	DEBUG	Received DOM event "pageshow" for "https://sso.teachable.com/secure/42299/users/sign_in?reset_purchase_session=1"
1511211907084	Marionette	INFO	New connections will no longer be accepted
